Release 14.6 - ngc2edif P.68d (nt64)
Copyright (c) 1995-2013 Xilinx, Inc.  All rights reserved.
Reading design Nexys4.ngc ...
WARNING:NetListWriters:298 - No output is written to Nexys4.xncf, ignored.
Processing design ...
   Preping design's networks ...
   Preping design's macros ...
  finished :Prep
Writing EDIF netlist file Nexys4.edif ...
ngc2edif: Total memory usage is 75296 kilobytes

Release 14.6 - ngc2edif P.68d (nt64)
Copyright (c) 1995-2013 Xilinx, Inc.  All rights reserved.
Reading design Nexys4.ngc ...
WARNING:NetListWriters:298 - No output is written to Nexys4.xncf, ignored.
Processing design ...
   Preping design's networks ...
   Preping design's macros ...
  finished :Prep
Writing EDIF netlist file Nexys4.edif ...
ngc2edif: Total memory usage is 75808 kilobytes

