Running: C:\Xilinx\14.6\ISE_DS\ISE\bin\nt64\unwrapped\fuse.exe -intstyle ise -incremental -lib secureip -o C:/Projectos_VHDL/Projects_SisDigAva_Parcial2/P24_Sniffer_FSM_Moore/Sniffer_vtb_isim_beh.exe -prj C:/Projectos_VHDL/Projects_SisDigAva_Parcial2/P24_Sniffer_FSM_Moore/Sniffer_vtb_beh.prj work.Sniffer_vtb 
ISim P.68d (signature 0x7708f090)
Number of CPUs detected in this system: 4
Turning on mult-threading, number of parallel sub-compilation jobs: 8 
Determining compilation order of HDL files
Parsing VHDL file "C:/Projectos_VHDL/Projects_SisDigAva_Parcial2/P24_Sniffer_FSM_Moore/Sniffer.vhd" into library work
Parsing VHDL file "C:/Projectos_VHDL/Projects_SisDigAva_Parcial2/P24_Sniffer_FSM_Moore/Sniffer_vtb.vhd" into library work
Starting static elaboration
Completed static elaboration
Compiling package standard
Compiling package std_logic_1164
Compiling package numeric_std
Compiling architecture behavioral of entity Sniffer [sniffer_default]
Compiling architecture behavior of entity sniffer_vtb
Time Resolution for simulation is 1ps.
Waiting for 1 sub-compilation(s) to finish...
Compiled 6 VHDL Units
Built simulation executable C:/Projectos_VHDL/Projects_SisDigAva_Parcial2/P24_Sniffer_FSM_Moore/Sniffer_vtb_isim_beh.exe
Fuse Memory Usage: 33868 KB
Fuse CPU Usage: 577 ms
