Release 14.6 - xst P.68d (nt)
Copyright (c) 1995-2013 Xilinx, Inc.  All rights reserved.
--> Parameter TMPDIR set to xst/projnav.tmp


Total REAL time to Xst completion: 0.00 secs
Total CPU time to Xst completion: 0.10 secs
 
--> Parameter xsthdpdir set to xst


Total REAL time to Xst completion: 0.00 secs
Total CPU time to Xst completion: 0.10 secs
 
--> Reading design: Mustang_FSM.prj

TABLE OF CONTENTS
  1) Synthesis Options Summary
  2) HDL Compilation
  3) Design Hierarchy Analysis
  4) HDL Analysis
  5) HDL Synthesis
     5.1) HDL Synthesis Report
  6) Advanced HDL Synthesis
     6.1) Advanced HDL Synthesis Report
  7) Low Level Synthesis
  8) Partition Report
  9) Final Report
	9.1) Device utilization summary
	9.2) Partition Resource Summary
	9.3) TIMING REPORT


=========================================================================
*                      Synthesis Options Summary                        *
=========================================================================
---- Source Parameters
Input File Name                    : "Mustang_FSM.prj"
Input Format                       : mixed
Ignore Synthesis Constraint File   : NO

---- Target Parameters
Output File Name                   : "Mustang_FSM"
Output Format                      : NGC
Target Device                      : xc3s100e-5-cp132

---- Source Options
Top Module Name                    : Mustang_FSM
Automatic FSM Extraction           : YES
FSM Encoding Algorithm             : Auto
Safe Implementation                : No
FSM Style                          : LUT
RAM Extraction                     : Yes
RAM Style                          : Auto
ROM Extraction                     : Yes
Mux Style                          : Auto
Decoder Extraction                 : YES
Priority Encoder Extraction        : Yes
Shift Register Extraction          : YES
Logical Shifter Extraction         : YES
XOR Collapsing                     : YES
ROM Style                          : Auto
Mux Extraction                     : Yes
Resource Sharing                   : YES
Asynchronous To Synchronous        : NO
Multiplier Style                   : Auto
Automatic Register Balancing       : No

---- Target Options
Add IO Buffers                     : YES
Global Maximum Fanout              : 100000
Add Generic Clock Buffer(BUFG)     : 24
Register Duplication               : YES
Slice Packing                      : YES
Optimize Instantiated Primitives   : NO
Use Clock Enable                   : Yes
Use Synchronous Set                : Yes
Use Synchronous Reset              : Yes
Pack IO Registers into IOBs        : Auto
Equivalent register Removal        : YES

---- General Options
Optimization Goal                  : Speed
Optimization Effort                : 1
Keep Hierarchy                     : No
Netlist Hierarchy                  : As_Optimized
RTL Output                         : Yes
Global Optimization                : AllClockNets
Read Cores                         : YES
Write Timing Constraints           : NO
Cross Clock Analysis               : NO
Hierarchy Separator                : /
Bus Delimiter                      : <>
Case Specifier                     : Maintain
Slice Utilization Ratio            : 100
BRAM Utilization Ratio             : 100
Verilog 2001                       : YES
Auto BRAM Packing                  : NO
Slice Utilization Ratio Delta      : 5

=========================================================================


=========================================================================
*                          HDL Compilation                              *
=========================================================================
Compiling vhdl file "C:/Projectos_VHDL/P22_Mustang_Tail_Lights_FSM/Mustang_FSM.vhd" in Library work.
Architecture behavioral of Entity mustang_fsm is up to date.

=========================================================================
*                     Design Hierarchy Analysis                         *
=========================================================================
Analyzing hierarchy for entity <Mustang_FSM> in library <work> (architecture <behavioral>).


=========================================================================
*                            HDL Analysis                               *
=========================================================================
Analyzing Entity <Mustang_FSM> in library <work> (Architecture <behavioral>).
Entity <Mustang_FSM> analyzed. Unit <Mustang_FSM> generated.


=========================================================================
*                           HDL Synthesis                               *
=========================================================================

Performing bidirectional port resolution...

Synthesizing Unit <Mustang_FSM>.
    Related source file is "C:/Projectos_VHDL/P22_Mustang_Tail_Lights_FSM/Mustang_FSM.vhd".
    Found finite state machine <FSM_0> for signal <pres_state>.
    -----------------------------------------------------------------------
    | States             | 8                                              |
    | Transitions        | 12                                             |
    | Inputs             | 4                                              |
    | Outputs            | 6                                              |
    | Clock              | Clk100MHz                 (rising_edge)        |
    | Clock enable       | Clk_En                    (positive)           |
    | Reset              | Rst                       (positive)           |
    | Reset type         | asynchronous                                   |
    | Reset State        | st0                                            |
    | Power Up State     | st0                                            |
    | Encoding           | automatic                                      |
    | Implementation     | LUT                                            |
    -----------------------------------------------------------------------
    Found 1-bit register for signal <Clk_En>.
    Found 26-bit up counter for signal <cont>.
    Summary:
	inferred   1 Finite State Machine(s).
	inferred   1 Counter(s).
	inferred   1 D-type flip-flop(s).
Unit <Mustang_FSM> synthesized.


=========================================================================
HDL Synthesis Report

Macro Statistics
# Counters                                             : 1
 26-bit up counter                                     : 1
# Registers                                            : 1
 1-bit register                                        : 1

=========================================================================

=========================================================================
*                       Advanced HDL Synthesis                          *
=========================================================================

Analyzing FSM <FSM_0> for best encoding.
Optimizing FSM <pres_state/FSM> on signal <pres_state[1:3]> with sequential encoding.
-------------------
 State | Encoding
-------------------
 st0   | 000
 st1   | 011
 st2   | 001
 st3   | 100
 st4   | 101
 st5   | 010
 st6   | 110
 st7   | 111
-------------------

=========================================================================
Advanced HDL Synthesis Report

Macro Statistics
# FSMs                                                 : 1
# Counters                                             : 1
 26-bit up counter                                     : 1
# Registers                                            : 1
 Flip-Flops                                            : 1

=========================================================================

=========================================================================
*                         Low Level Synthesis                           *
=========================================================================

Optimizing unit <Mustang_FSM> ...

Mapping all equations...
Building and optimizing final netlist ...
Found area constraint ratio of 100 (+ 5) on block Mustang_FSM, actual ratio is 4.

Final Macro Processing ...

=========================================================================
Final Register Report

Macro Statistics
# Registers                                            : 30
 Flip-Flops                                            : 30

=========================================================================

=========================================================================
*                           Partition Report                            *
=========================================================================

Partition Implementation Status
-------------------------------

  No Partitions were found in this design.

-------------------------------

=========================================================================
*                            Final Report                               *
=========================================================================
Final Results
RTL Top Level Output File Name     : Mustang_FSM.ngr
Top Level Output File Name         : Mustang_FSM
Output Format                      : NGC
Optimization Goal                  : Speed
Keep Hierarchy                     : No

Design Statistics
# IOs                              : 11

Cell Usage :
# BELS                             : 130
#      GND                         : 1
#      INV                         : 2
#      LUT1                        : 25
#      LUT2                        : 28
#      LUT3                        : 7
#      LUT4                        : 8
#      MUXCY                       : 32
#      VCC                         : 1
#      XORCY                       : 26
# FlipFlops/Latches                : 30
#      FDC                         : 26
#      FDCE                        : 3
#      FDE                         : 1
# Clock Buffers                    : 1
#      BUFGP                       : 1
# IO Buffers                       : 10
#      IBUF                        : 4
#      OBUF                        : 6
=========================================================================

Device utilization summary:
---------------------------

Selected Device : 3s100ecp132-5 

 Number of Slices:                       39  out of    960     4%  
 Number of Slice Flip Flops:             30  out of   1920     1%  
 Number of 4 input LUTs:                 70  out of   1920     3%  
 Number of IOs:                          11
 Number of bonded IOBs:                  11  out of     83    13%  
 Number of GCLKs:                         1  out of     24     4%  

---------------------------
Partition Resource Summary:
---------------------------

  No Partitions were found in this design.

---------------------------


=========================================================================
TIMING REPORT

NOTE: THESE TIMING NUMBERS ARE ONLY A SYNTHESIS ESTIMATE.
      FOR ACCURATE TIMING INFORMATION PLEASE REFER TO THE TRACE REPORT
      GENERATED AFTER PLACE-and-ROUTE.

Clock Information:
------------------
-----------------------------------+------------------------+-------+
Clock Signal                       | Clock buffer(FF name)  | Load  |
-----------------------------------+------------------------+-------+
Clk100MHz                          | BUFGP                  | 30    |
-----------------------------------+------------------------+-------+

Asynchronous Control Signals Information:
----------------------------------------
-----------------------------------+------------------------+-------+
Control Signal                     | Buffer(FF name)        | Load  |
-----------------------------------+------------------------+-------+
Rst                                | IBUF                   | 29    |
-----------------------------------+------------------------+-------+

Timing Summary:
---------------
Speed Grade: -5

   Minimum period: 5.251ns (Maximum Frequency: 190.424MHz)
   Minimum input arrival time before clock: 3.630ns
   Maximum output required time after clock: 5.501ns
   Maximum combinational path delay: No path found

Timing Detail:
--------------
All values displayed in nanoseconds (ns)

=========================================================================
Timing constraint: Default period analysis for Clock 'Clk100MHz'
  Clock period: 5.251ns (frequency: 190.424MHz)
  Total number of paths / destination ports: 1065 / 33
-------------------------------------------------------------------------
Delay:               5.251ns (Levels of Logic = 27)
  Source:            cont_1 (FF)
  Destination:       cont_25 (FF)
  Source Clock:      Clk100MHz rising
  Destination Clock: Clk100MHz rising

  Data Path: cont_1 to cont_25
                                Gate     Net
    Cell:in->out      fanout   Delay   Delay  Logical Name (Net Name)
    ----------------------------------------  ------------
     FDC:C->Q              2   0.514   0.532  cont_1 (cont_1)
     LUT1:I0->O            1   0.612   0.000  Mcount_cont_cy<1>_rt (Mcount_cont_cy<1>_rt)
     MUXCY:S->O            1   0.404   0.000  Mcount_cont_cy<1> (Mcount_cont_cy<1>)
     MUXCY:CI->O           1   0.052   0.000  Mcount_cont_cy<2> (Mcount_cont_cy<2>)
     MUXCY:CI->O           1   0.052   0.000  Mcount_cont_cy<3> (Mcount_cont_cy<3>)
     MUXCY:CI->O           1   0.052   0.000  Mcount_cont_cy<4> (Mcount_cont_cy<4>)
     MUXCY:CI->O           1   0.052   0.000  Mcount_cont_cy<5> (Mcount_cont_cy<5>)
     MUXCY:CI->O           1   0.052   0.000  Mcount_cont_cy<6> (Mcount_cont_cy<6>)
     MUXCY:CI->O           1   0.052   0.000  Mcount_cont_cy<7> (Mcount_cont_cy<7>)
     MUXCY:CI->O           1   0.052   0.000  Mcount_cont_cy<8> (Mcount_cont_cy<8>)
     MUXCY:CI->O           1   0.052   0.000  Mcount_cont_cy<9> (Mcount_cont_cy<9>)
     MUXCY:CI->O           1   0.052   0.000  Mcount_cont_cy<10> (Mcount_cont_cy<10>)
     MUXCY:CI->O           1   0.052   0.000  Mcount_cont_cy<11> (Mcount_cont_cy<11>)
     MUXCY:CI->O           1   0.052   0.000  Mcount_cont_cy<12> (Mcount_cont_cy<12>)
     MUXCY:CI->O           1   0.052   0.000  Mcount_cont_cy<13> (Mcount_cont_cy<13>)
     MUXCY:CI->O           1   0.052   0.000  Mcount_cont_cy<14> (Mcount_cont_cy<14>)
     MUXCY:CI->O           1   0.052   0.000  Mcount_cont_cy<15> (Mcount_cont_cy<15>)
     MUXCY:CI->O           1   0.052   0.000  Mcount_cont_cy<16> (Mcount_cont_cy<16>)
     MUXCY:CI->O           1   0.052   0.000  Mcount_cont_cy<17> (Mcount_cont_cy<17>)
     MUXCY:CI->O           1   0.052   0.000  Mcount_cont_cy<18> (Mcount_cont_cy<18>)
     MUXCY:CI->O           1   0.052   0.000  Mcount_cont_cy<19> (Mcount_cont_cy<19>)
     MUXCY:CI->O           1   0.052   0.000  Mcount_cont_cy<20> (Mcount_cont_cy<20>)
     MUXCY:CI->O           1   0.052   0.000  Mcount_cont_cy<21> (Mcount_cont_cy<21>)
     MUXCY:CI->O           1   0.052   0.000  Mcount_cont_cy<22> (Mcount_cont_cy<22>)
     MUXCY:CI->O           1   0.052   0.000  Mcount_cont_cy<23> (Mcount_cont_cy<23>)
     MUXCY:CI->O           0   0.052   0.000  Mcount_cont_cy<24> (Mcount_cont_cy<24>)
     XORCY:CI->O           1   0.699   0.426  Mcount_cont_xor<25> (Result<25>)
     LUT2:I1->O            1   0.612   0.000  Mcount_cont_eqn_251 (Mcount_cont_eqn_25)
     FDC:D                     0.268          cont_25
    ----------------------------------------
    Total                      5.251ns (4.294ns logic, 0.958ns route)
                                       (81.8% logic, 18.2% route)

=========================================================================
Timing constraint: Default OFFSET IN BEFORE for Clock 'Clk100MHz'
  Total number of paths / destination ports: 7 / 3
-------------------------------------------------------------------------
Offset:              3.630ns (Levels of Logic = 2)
  Source:            Rst (PAD)
  Destination:       Clk_En (FF)
  Destination Clock: Clk100MHz rising

  Data Path: Rst to Clk_En
                                Gate     Net
    Cell:in->out      fanout   Delay   Delay  Logical Name (Net Name)
    ----------------------------------------  ------------
     IBUF:I->O            30   1.106   1.072  Rst_IBUF (Rst_IBUF)
     INV:I->O              1   0.612   0.357  Rst_inv1_INV_0 (Rst_inv)
     FDE:CE                    0.483          Clk_En
    ----------------------------------------
    Total                      3.630ns (2.201ns logic, 1.429ns route)
                                       (60.6% logic, 39.4% route)

=========================================================================
Timing constraint: Default OFFSET OUT AFTER for Clock 'Clk100MHz'
  Total number of paths / destination ports: 15 / 6
-------------------------------------------------------------------------
Offset:              5.501ns (Levels of Logic = 2)
  Source:            pres_state_FSM_FFd2 (FF)
  Destination:       Rlights<1> (PAD)
  Source Clock:      Clk100MHz rising

  Data Path: pres_state_FSM_FFd2 to Rlights<1>
                                Gate     Net
    Cell:in->out      fanout   Delay   Delay  Logical Name (Net Name)
    ----------------------------------------  ------------
     FDCE:C->Q             9   0.514   0.849  pres_state_FSM_FFd2 (pres_state_FSM_FFd2)
     LUT3:I0->O            1   0.612   0.357  pres_state_FSM_Out41 (Rlights_1_OBUF)
     OBUF:I->O                 3.169          Rlights_1_OBUF (Rlights<1>)
    ----------------------------------------
    Total                      5.501ns (4.295ns logic, 1.206ns route)
                                       (78.1% logic, 21.9% route)

=========================================================================


Total REAL time to Xst completion: 5.00 secs
Total CPU time to Xst completion: 4.41 secs
 
--> 

Total memory usage is 204992 kilobytes

Number of errors   :    0 (   0 filtered)
Number of warnings :    0 (   0 filtered)
Number of infos    :    0 (   0 filtered)

