Release 14.6 - xst P.68d (nt)
Copyright (c) 1995-2013 Xilinx, Inc.  All rights reserved.
--> Parameter TMPDIR set to xst/projnav.tmp


Total REAL time to Xst completion: 0.00 secs
Total CPU time to Xst completion: 0.09 secs
 
--> Parameter xsthdpdir set to xst


Total REAL time to Xst completion: 0.00 secs
Total CPU time to Xst completion: 0.10 secs
 
--> Reading design: Counters.prj

TABLE OF CONTENTS
  1) Synthesis Options Summary
  2) HDL Parsing
  3) HDL Elaboration
  4) HDL Synthesis
       4.1) HDL Synthesis Report
  5) Advanced HDL Synthesis
       5.1) Advanced HDL Synthesis Report
  6) Low Level Synthesis
  7) Partition Report
  8) Design Summary
       8.1) Primitive and Black Box Usage
       8.2) Device utilization summary
       8.3) Partition Resource Summary
       8.4) Timing Report
            8.4.1) Clock Information
            8.4.2) Asynchronous Control Signals Information
            8.4.3) Timing Summary
            8.4.4) Timing Details
            8.4.5) Cross Clock Domains Report


=========================================================================
*                      Synthesis Options Summary                        *
=========================================================================
---- Source Parameters
Input File Name                    : "Counters.prj"
Ignore Synthesis Constraint File   : NO

---- Target Parameters
Output File Name                   : "Counters"
Output Format                      : NGC
Target Device                      : xc6slx16-3-csg324

---- Source Options
Top Module Name                    : Counters
Automatic FSM Extraction           : YES
FSM Encoding Algorithm             : Auto
Safe Implementation                : No
FSM Style                          : LUT
RAM Extraction                     : Yes
RAM Style                          : Auto
ROM Extraction                     : Yes
Shift Register Extraction          : YES
ROM Style                          : Auto
Resource Sharing                   : YES
Asynchronous To Synchronous        : NO
Shift Register Minimum Size        : 2
Use DSP Block                      : Auto
Automatic Register Balancing       : No

---- Target Options
LUT Combining                      : Auto
Reduce Control Sets                : Auto
Add IO Buffers                     : YES
Global Maximum Fanout              : 100000
Add Generic Clock Buffer(BUFG)     : 16
Register Duplication               : YES
Optimize Instantiated Primitives   : NO
Use Clock Enable                   : Auto
Use Synchronous Set                : Auto
Use Synchronous Reset              : Auto
Pack IO Registers into IOBs        : Auto
Equivalent register Removal        : YES

---- General Options
Optimization Goal                  : Speed
Optimization Effort                : 1
Power Reduction                    : NO
Keep Hierarchy                     : No
Netlist Hierarchy                  : As_Optimized
RTL Output                         : Yes
Global Optimization                : AllClockNets
Read Cores                         : YES
Write Timing Constraints           : NO
Cross Clock Analysis               : NO
Hierarchy Separator                : /
Bus Delimiter                      : <>
Case Specifier                     : Maintain
Slice Utilization Ratio            : 100
BRAM Utilization Ratio             : 100
DSP48 Utilization Ratio            : 100
Auto BRAM Packing                  : NO
Slice Utilization Ratio Delta      : 5

=========================================================================


=========================================================================
*                          HDL Parsing                                  *
=========================================================================
Parsing VHDL file "D:\Projects_SisDigAva\P16_Counters_vtb\Counters.vhd" into library work
Parsing entity <Counters>.
Parsing architecture <Behavioral> of entity <counters>.

=========================================================================
*                            HDL Elaboration                            *
=========================================================================

Elaborating entity <Counters> (architecture <Behavioral>) from library <work>.

=========================================================================
*                           HDL Synthesis                               *
=========================================================================

Synthesizing Unit <Counters>.
    Related source file is "D:\Projects_SisDigAva\P16_Counters_vtb\Counters.vhd".
    Found 4-bit register for signal <Count>.
    Found 4-bit adder for signal <Counter05.Cta[3]_GND_6_o_add_1_OUT> created at line 114.
    Found 4-bit comparator lessequal for signal <n0000> created at line 113
    Summary:
	inferred   1 Adder/Subtractor(s).
	inferred   4 D-type flip-flop(s).
	inferred   1 Comparator(s).
	inferred   2 Multiplexer(s).
Unit <Counters> synthesized.

=========================================================================
HDL Synthesis Report

Macro Statistics
# Adders/Subtractors                                   : 1
 4-bit adder                                           : 1
# Registers                                            : 1
 4-bit register                                        : 1
# Comparators                                          : 1
 4-bit comparator lessequal                            : 1
# Multiplexers                                         : 2
 4-bit 2-to-1 multiplexer                              : 2

=========================================================================

=========================================================================
*                       Advanced HDL Synthesis                          *
=========================================================================


=========================================================================
Advanced HDL Synthesis Report

Macro Statistics
# Adders/Subtractors                                   : 1
 4-bit adder                                           : 1
# Registers                                            : 4
 Flip-Flops                                            : 4
# Comparators                                          : 1
 4-bit comparator lessequal                            : 1
# Multiplexers                                         : 2
 4-bit 2-to-1 multiplexer                              : 2

=========================================================================

=========================================================================
*                         Low Level Synthesis                           *
=========================================================================

Optimizing unit <Counters> ...

Mapping all equations...
Building and optimizing final netlist ...
Found area constraint ratio of 100 (+ 5) on block Counters, actual ratio is 0.

Final Macro Processing ...

=========================================================================
Final Register Report

Macro Statistics
# Registers                                            : 4
 Flip-Flops                                            : 4

=========================================================================

=========================================================================
*                           Partition Report                            *
=========================================================================

Partition Implementation Status
-------------------------------

  No Partitions were found in this design.

-------------------------------

=========================================================================
*                            Design Summary                             *
=========================================================================

Top Level Output File Name         : Counters.ngc

Primitive and Black Box Usage:
------------------------------
# BELS                             : 4
#      LUT4                        : 4
# FlipFlops/Latches                : 4
#      FDC                         : 4
# Clock Buffers                    : 1
#      BUFGP                       : 1
# IO Buffers                       : 5
#      IBUF                        : 1
#      OBUF                        : 4

Device utilization summary:
---------------------------

Selected Device : 6slx16csg324-3 


Slice Logic Utilization: 
 Number of Slice Registers:               4  out of  18224     0%  
 Number of Slice LUTs:                    4  out of   9112     0%  
    Number used as Logic:                 4  out of   9112     0%  

Slice Logic Distribution: 
 Number of LUT Flip Flop pairs used:      8
   Number with an unused Flip Flop:       4  out of      8    50%  
   Number with an unused LUT:             4  out of      8    50%  
   Number of fully used LUT-FF pairs:     0  out of      8     0%  
   Number of unique control sets:         1

IO Utilization: 
 Number of IOs:                           6
 Number of bonded IOBs:                   6  out of    232     2%  

Specific Feature Utilization:
 Number of BUFG/BUFGCTRLs:                1  out of     16     6%  

---------------------------
Partition Resource Summary:
---------------------------

  No Partitions were found in this design.

---------------------------


=========================================================================
Timing Report

NOTE: THESE TIMING NUMBERS ARE ONLY A SYNTHESIS ESTIMATE.
      FOR ACCURATE TIMING INFORMATION PLEASE REFER TO THE TRACE REPORT
      GENERATED AFTER PLACE-and-ROUTE.

Clock Information:
------------------
-----------------------------------+------------------------+-------+
Clock Signal                       | Clock buffer(FF name)  | Load  |
-----------------------------------+------------------------+-------+
Clk                                | BUFGP                  | 4     |
-----------------------------------+------------------------+-------+

Asynchronous Control Signals Information:
----------------------------------------
No asynchronous control signals found in this design

Timing Summary:
---------------
Speed Grade: -3

   Minimum period: 1.714ns (Maximum Frequency: 583.431MHz)
   Minimum input arrival time before clock: 2.335ns
   Maximum output required time after clock: 3.732ns
   Maximum combinational path delay: No path found

Timing Details:
---------------
All values displayed in nanoseconds (ns)

=========================================================================
Timing constraint: Default period analysis for Clock 'Clk'
  Clock period: 1.714ns (frequency: 583.431MHz)
  Total number of paths / destination ports: 16 / 4
-------------------------------------------------------------------------
Delay:               1.714ns (Levels of Logic = 1)
  Source:            Counter05.Cta_0 (FF)
  Destination:       Counter05.Cta_0 (FF)
  Source Clock:      Clk rising
  Destination Clock: Clk rising

  Data Path: Counter05.Cta_0 to Counter05.Cta_0
                                Gate     Net
    Cell:in->out      fanout   Delay   Delay  Logical Name (Net Name)
    ----------------------------------------  ------------
     FDC:C->Q              5   0.447   0.962  Counter05.Cta_0 (Counter05.Cta_0)
     LUT4:I0->O            1   0.203   0.000  Mmux_Counter05.Cta[3]_GND_6_o_mux_4_OUT11 (Counter05.Cta[3]_GND_6_o_mux_4_OUT<0>)
     FDC:D                     0.102          Counter05.Cta_0
    ----------------------------------------
    Total                      1.714ns (0.752ns logic, 0.962ns route)
                                       (43.9% logic, 56.1% route)

=========================================================================
Timing constraint: Default OFFSET IN BEFORE for Clock 'Clk'
  Total number of paths / destination ports: 4 / 4
-------------------------------------------------------------------------
Offset:              2.335ns (Levels of Logic = 1)
  Source:            Rst (PAD)
  Destination:       Counter05.Cta_0 (FF)
  Destination Clock: Clk rising

  Data Path: Rst to Counter05.Cta_0
                                Gate     Net
    Cell:in->out      fanout   Delay   Delay  Logical Name (Net Name)
    ----------------------------------------  ------------
     IBUF:I->O             4   1.222   0.683  Rst_IBUF (Rst_IBUF)
     FDC:CLR                   0.430          Counter05.Cta_0
    ----------------------------------------
    Total                      2.335ns (1.652ns logic, 0.683ns route)
                                       (70.8% logic, 29.2% route)

=========================================================================
Timing constraint: Default OFFSET OUT AFTER for Clock 'Clk'
  Total number of paths / destination ports: 4 / 4
-------------------------------------------------------------------------
Offset:              3.732ns (Levels of Logic = 1)
  Source:            Counter05.Cta_3 (FF)
  Destination:       Count<3> (PAD)
  Source Clock:      Clk rising

  Data Path: Counter05.Cta_3 to Count<3>
                                Gate     Net
    Cell:in->out      fanout   Delay   Delay  Logical Name (Net Name)
    ----------------------------------------  ------------
     FDC:C->Q              5   0.447   0.714  Counter05.Cta_3 (Counter05.Cta_3)
     OBUF:I->O                 2.571          Count_3_OBUF (Count<3>)
    ----------------------------------------
    Total                      3.732ns (3.018ns logic, 0.714ns route)
                                       (80.9% logic, 19.1% route)

=========================================================================

Cross Clock Domains Report:
--------------------------

Clock to Setup on destination clock Clk
---------------+---------+---------+---------+---------+
               | Src:Rise| Src:Fall| Src:Rise| Src:Fall|
Source Clock   |Dest:Rise|Dest:Rise|Dest:Fall|Dest:Fall|
---------------+---------+---------+---------+---------+
Clk            |    1.714|         |         |         |
---------------+---------+---------+---------+---------+

=========================================================================


Total REAL time to Xst completion: 5.00 secs
Total CPU time to Xst completion: 4.50 secs
 
--> 

Total memory usage is 214548 kilobytes

Number of errors   :    0 (   0 filtered)
Number of warnings :    0 (   0 filtered)
Number of infos    :    0 (   0 filtered)

