Command line:
   Partial_Exam_A01206268_isim_beh.exe
     -simmode  gui
     -simrunnum  0
     -socket  59053

Wed Sep 25 11:18:17 2013


 Elaboration Time: 0.093601 sec

 Current Memory Usage: 493.642 Meg

 Total Signals          : 6
 Total Nets             : 48
 Total Signal Drivers   : 6
 Total Blocks           : 5
 Total Primitive Blocks : 5
 Total Processes        : 6
 Total Traceable Variables  : 15
 Total Scalar Nets and Variables : 549
Total Line Count : 15

 Total Simulation Time: 0.187201 sec

 Current Memory Usage: 493.642 Meg

Wed Sep 25 11:19:06 2013

