Release 14.6 - xst P.68d (nt)
Copyright (c) 1995-2013 Xilinx, Inc.  All rights reserved.
--> Parameter TMPDIR set to xst/projnav.tmp


Total REAL time to Xst completion: 0.00 secs
Total CPU time to Xst completion: 0.16 secs
 
--> Parameter xsthdpdir set to xst


Total REAL time to Xst completion: 0.00 secs
Total CPU time to Xst completion: 0.16 secs
 
--> Reading design: Ones_Counter.prj

TABLE OF CONTENTS
  1) Synthesis Options Summary
  2) HDL Compilation
  3) Design Hierarchy Analysis
  4) HDL Analysis
  5) HDL Synthesis
     5.1) HDL Synthesis Report
  6) Advanced HDL Synthesis
     6.1) Advanced HDL Synthesis Report
  7) Low Level Synthesis
  8) Partition Report
  9) Final Report
	9.1) Device utilization summary
	9.2) Partition Resource Summary
	9.3) TIMING REPORT


=========================================================================
*                      Synthesis Options Summary                        *
=========================================================================
---- Source Parameters
Input File Name                    : "Ones_Counter.prj"
Input Format                       : mixed
Ignore Synthesis Constraint File   : NO

---- Target Parameters
Output File Name                   : "Ones_Counter"
Output Format                      : NGC
Target Device                      : xc3s100e-5-cp132

---- Source Options
Top Module Name                    : Ones_Counter
Automatic FSM Extraction           : YES
FSM Encoding Algorithm             : Auto
Safe Implementation                : No
FSM Style                          : LUT
RAM Extraction                     : Yes
RAM Style                          : Auto
ROM Extraction                     : Yes
Mux Style                          : Auto
Decoder Extraction                 : YES
Priority Encoder Extraction        : Yes
Shift Register Extraction          : YES
Logical Shifter Extraction         : YES
XOR Collapsing                     : YES
ROM Style                          : Auto
Mux Extraction                     : Yes
Resource Sharing                   : YES
Asynchronous To Synchronous        : NO
Multiplier Style                   : Auto
Automatic Register Balancing       : No

---- Target Options
Add IO Buffers                     : YES
Global Maximum Fanout              : 100000
Add Generic Clock Buffer(BUFG)     : 24
Register Duplication               : YES
Slice Packing                      : YES
Optimize Instantiated Primitives   : NO
Use Clock Enable                   : Yes
Use Synchronous Set                : Yes
Use Synchronous Reset              : Yes
Pack IO Registers into IOBs        : Auto
Equivalent register Removal        : YES

---- General Options
Optimization Goal                  : Speed
Optimization Effort                : 1
Keep Hierarchy                     : No
Netlist Hierarchy                  : As_Optimized
RTL Output                         : Yes
Global Optimization                : AllClockNets
Read Cores                         : YES
Write Timing Constraints           : NO
Cross Clock Analysis               : NO
Hierarchy Separator                : /
Bus Delimiter                      : <>
Case Specifier                     : Maintain
Slice Utilization Ratio            : 100
BRAM Utilization Ratio             : 100
Verilog 2001                       : YES
Auto BRAM Packing                  : NO
Slice Utilization Ratio Delta      : 5

=========================================================================


=========================================================================
*                          HDL Compilation                              *
=========================================================================
Compiling vhdl file "C:/Projectos_VHDL/Contadordeunos/ContadorUnos.vhd" in Library work.
Architecture behavioral of Entity ones_counter is up to date.

=========================================================================
*                     Design Hierarchy Analysis                         *
=========================================================================
Analyzing hierarchy for entity <Ones_Counter> in library <work> (architecture <behavioral>).


=========================================================================
*                            HDL Analysis                               *
=========================================================================
Analyzing Entity <Ones_Counter> in library <work> (Architecture <behavioral>).
Entity <Ones_Counter> analyzed. Unit <Ones_Counter> generated.


=========================================================================
*                           HDL Synthesis                               *
=========================================================================

Performing bidirectional port resolution...

Synthesizing Unit <Ones_Counter>.
    Related source file is "C:/Projectos_VHDL/Contadordeunos/ContadorUnos.vhd".
    Found 16x7-bit ROM for signal <Seg>.
    Found 4-bit adder for signal <Sumador_1$addsub0000> created at line 40.
    Found 4-bit adder for signal <Sumador_2$addsub0000> created at line 40.
    Found 4-bit adder for signal <Sumador_3$addsub0000> created at line 40.
    Found 4-bit adder for signal <Sumador_4$addsub0000> created at line 40.
    Found 4-bit adder for signal <Sumador_5$addsub0000> created at line 40.
    Found 4-bit adder for signal <Sumador_6$addsub0000> created at line 40.
    Found 4-bit adder for signal <Sumador_7$addsub0000> created at line 40.
    Summary:
	inferred   1 ROM(s).
	inferred   7 Adder/Subtractor(s).
Unit <Ones_Counter> synthesized.


=========================================================================
HDL Synthesis Report

Macro Statistics
# ROMs                                                 : 1
 16x7-bit ROM                                          : 1
# Adders/Subtractors                                   : 7
 4-bit adder                                           : 7

=========================================================================

=========================================================================
*                       Advanced HDL Synthesis                          *
=========================================================================


=========================================================================
Advanced HDL Synthesis Report

Macro Statistics
# ROMs                                                 : 1
 16x7-bit ROM                                          : 1
# Adders/Subtractors                                   : 7
 4-bit adder                                           : 7

=========================================================================

=========================================================================
*                         Low Level Synthesis                           *
=========================================================================

Optimizing unit <Ones_Counter> ...

Mapping all equations...
Building and optimizing final netlist ...
Found area constraint ratio of 100 (+ 5) on block Ones_Counter, actual ratio is 2.

Final Macro Processing ...

=========================================================================
Final Register Report

Found no macro
=========================================================================

=========================================================================
*                           Partition Report                            *
=========================================================================

Partition Implementation Status
-------------------------------

  No Partitions were found in this design.

-------------------------------

=========================================================================
*                            Final Report                               *
=========================================================================
Final Results
RTL Top Level Output File Name     : Ones_Counter.ngr
Top Level Output File Name         : Ones_Counter
Output Format                      : NGC
Optimization Goal                  : Speed
Keep Hierarchy                     : No

Design Statistics
# IOs                              : 19

Cell Usage :
# BELS                             : 29
#      GND                         : 1
#      LUT3                        : 7
#      LUT4                        : 19
#      MUXF5                       : 2
# IO Buffers                       : 19
#      IBUF                        : 8
#      OBUF                        : 11
=========================================================================

Device utilization summary:
---------------------------

Selected Device : 3s100ecp132-5 

 Number of Slices:                       15  out of    960     1%  
 Number of 4 input LUTs:                 26  out of   1920     1%  
 Number of IOs:                          19
 Number of bonded IOBs:                  19  out of     83    22%  

---------------------------
Partition Resource Summary:
---------------------------

  No Partitions were found in this design.

---------------------------


=========================================================================
TIMING REPORT

NOTE: THESE TIMING NUMBERS ARE ONLY A SYNTHESIS ESTIMATE.
      FOR ACCURATE TIMING INFORMATION PLEASE REFER TO THE TRACE REPORT
      GENERATED AFTER PLACE-and-ROUTE.

Clock Information:
------------------
No clock signals found in this design

Asynchronous Control Signals Information:
----------------------------------------
No asynchronous control signals found in this design

Timing Summary:
---------------
Speed Grade: -5

   Minimum period: No path found
   Minimum input arrival time before clock: No path found
   Maximum output required time after clock: No path found
   Maximum combinational path delay: 12.069ns

Timing Detail:
--------------
All values displayed in nanoseconds (ns)

=========================================================================
Timing constraint: Default path analysis
  Total number of paths / destination ports: 1138 / 7
-------------------------------------------------------------------------
Delay:               12.069ns (Levels of Logic = 9)
  Source:            Num<0> (PAD)
  Destination:       Seg<2> (PAD)

  Data Path: Num<0> to Seg<2>
                                Gate     Net
    Cell:in->out      fanout   Delay   Delay  Logical Name (Net Name)
    ----------------------------------------  ------------
     IBUF:I->O             5   1.106   0.690  Num_0_IBUF (Madd_Sumador_1_addsub0000_cy<0>)
     LUT4:I0->O            3   0.612   0.603  Sumador_3_mux0000<1>1 (Madd_Sumador_4_addsub0000_lut<1>)
     LUT4:I0->O            1   0.612   0.426  Madd_Sumador_5_addsub0000_cy<1>11 (Madd_Sumador_5_addsub0000_cy<1>)
     LUT3:I1->O            3   0.612   0.603  Sumador_5_mux0000<2>1 (Madd_Sumador_6_addsub0000_lut<2>)
     LUT3:I0->O            2   0.612   0.532  Sumador_6_mux0000<2>1 (Madd_Sumador_7_addsub0000_lut<2>)
     LUT3:I0->O            7   0.612   0.632  Sumador_7_mux0000<2>1 (Mrom_Seg538)
     LUT3:I2->O            1   0.612   0.000  Mrom_Seg461_F (N34)
     MUXF5:I0->O           1   0.278   0.357  Mrom_Seg461 (Seg_2_OBUF)
     OBUF:I->O                 3.169          Seg_2_OBUF (Seg<2>)
    ----------------------------------------
    Total                     12.069ns (8.225ns logic, 3.843ns route)
                                       (68.2% logic, 31.8% route)

=========================================================================


Total REAL time to Xst completion: 6.00 secs
Total CPU time to Xst completion: 5.93 secs
 
--> 

Total memory usage is 208424 kilobytes

Number of errors   :    0 (   0 filtered)
Number of warnings :    0 (   0 filtered)
Number of infos    :    0 (   0 filtered)

