--------------------------------------------------------------------------------
Release 13.2 Trace  (nt64)
Copyright (c) 1995-2011 Xilinx, Inc.  All rights reserved.

C:\Xilinx\13.2\ISE_DS\ISE\bin\nt64\unwrapped\trce.exe -intstyle ise -v 3 -s 3
-n 3 -fastpaths -xml Top.twx Top.ncd -o Top.twr Top.pcf -ucf Top.ucf

Design file:              Top.ncd
Physical constraint file: Top.pcf
Device,package,speed:     xc6slx16,csg324,C,-3 (PRODUCTION 1.19 2011-06-20)
Report level:             verbose report

Environment Variable      Effect 
--------------------      ------ 
NONE                      No environment variables were set
--------------------------------------------------------------------------------

INFO:Timing:2698 - No timing constraints found, doing default enumeration.
INFO:Timing:2752 - To get complete path coverage, use the unconstrained paths 
   option. All paths that are not constrained will be reported in the 
   unconstrained paths section(s) of the report.
INFO:Timing:3339 - The clock-to-out numbers in this timing report are based on 
   a 50 Ohm transmission line loading model.  For the details of this model, 
   and for more information on accounting for different loading conditions, 
   please see the device datasheet.



Data Sheet report:
-----------------
All values displayed in nanoseconds (ns)

Setup/Hold to clock Clk_100M
------------+------------+------------+------------+------------+------------------+--------+
            |Max Setup to|  Process   |Max Hold to |  Process   |                  | Clock  |
Source      | clk (edge) |   Corner   | clk (edge) |   Corner   |Internal Clock(s) | Phase  |
------------+------------+------------+------------+------------+------------------+--------+
Rst         |    4.665(R)|      SLOW  |   -1.233(R)|      FAST  |Clk_100M_BUFGP    |   0.000|
------------+------------+------------+------------+------------+------------------+--------+

Clock Clk_100M to Pad
------------+-----------------+------------+-----------------+------------+------------------+--------+
            |Max (slowest) clk|  Process   |Min (fastest) clk|  Process   |                  | Clock  |
Destination |  (edge) to PAD  |   Corner   |  (edge) to PAD  |   Corner   |Internal Clock(s) | Phase  |
------------+-----------------+------------+-----------------+------------+------------------+--------+
Blue<0>     |        12.950(R)|      SLOW  |         5.138(R)|      FAST  |Clk_100M_BUFGP    |   0.000|
Blue<1>     |        12.745(R)|      SLOW  |         5.030(R)|      FAST  |Clk_100M_BUFGP    |   0.000|
Green<0>    |        12.496(R)|      SLOW  |         4.866(R)|      FAST  |Clk_100M_BUFGP    |   0.000|
Green<1>    |        12.527(R)|      SLOW  |         4.894(R)|      FAST  |Clk_100M_BUFGP    |   0.000|
Green<2>    |        12.861(R)|      SLOW  |         5.152(R)|      FAST  |Clk_100M_BUFGP    |   0.000|
Hsync       |         9.305(R)|      SLOW  |         4.720(R)|      FAST  |Clk_100M_BUFGP    |   0.000|
Red<0>      |         9.424(R)|      SLOW  |         4.561(R)|      FAST  |Clk_100M_BUFGP    |   0.000|
Red<1>      |         9.583(R)|      SLOW  |         4.682(R)|      FAST  |Clk_100M_BUFGP    |   0.000|
Red<2>      |         9.581(R)|      SLOW  |         4.642(R)|      FAST  |Clk_100M_BUFGP    |   0.000|
Vsync       |         9.780(R)|      SLOW  |         4.649(R)|      FAST  |Clk_100M_BUFGP    |   0.000|
------------+-----------------+------------+-----------------+------------+------------------+--------+

Clock to Setup on destination clock Clk_100M
---------------+---------+---------+---------+---------+
               | Src:Rise| Src:Fall| Src:Rise| Src:Fall|
Source Clock   |Dest:Rise|Dest:Rise|Dest:Fall|Dest:Fall|
---------------+---------+---------+---------+---------+
Clk_100M       |    3.817|         |         |         |
---------------+---------+---------+---------+---------+


Analysis completed Mon Dec 03 09:29:09 2012 
--------------------------------------------------------------------------------

Trace Settings:
-------------------------
Trace Settings 

Peak Memory Usage: 203 MB



