Release 14.6 - xst P.68d (nt)
Copyright (c) 1995-2013 Xilinx, Inc.  All rights reserved.
--> Parameter TMPDIR set to xst/projnav.tmp


Total REAL time to Xst completion: 0.00 secs
Total CPU time to Xst completion: 0.10 secs
 
--> Parameter xsthdpdir set to xst


Total REAL time to Xst completion: 0.00 secs
Total CPU time to Xst completion: 0.10 secs
 
--> Reading design: Maquina.prj

TABLE OF CONTENTS
  1) Synthesis Options Summary
  2) HDL Compilation
  3) Design Hierarchy Analysis
  4) HDL Analysis
  5) HDL Synthesis
     5.1) HDL Synthesis Report
  6) Advanced HDL Synthesis
     6.1) Advanced HDL Synthesis Report
  7) Low Level Synthesis
  8) Partition Report
  9) Final Report
	9.1) Device utilization summary
	9.2) Partition Resource Summary
	9.3) TIMING REPORT


=========================================================================
*                      Synthesis Options Summary                        *
=========================================================================
---- Source Parameters
Input File Name                    : "Maquina.prj"
Input Format                       : mixed
Ignore Synthesis Constraint File   : NO

---- Target Parameters
Output File Name                   : "Maquina"
Output Format                      : NGC
Target Device                      : xc3s100e-5-cp132

---- Source Options
Top Module Name                    : Maquina
Automatic FSM Extraction           : YES
FSM Encoding Algorithm             : Auto
Safe Implementation                : No
FSM Style                          : LUT
RAM Extraction                     : Yes
RAM Style                          : Auto
ROM Extraction                     : Yes
Mux Style                          : Auto
Decoder Extraction                 : YES
Priority Encoder Extraction        : Yes
Shift Register Extraction          : YES
Logical Shifter Extraction         : YES
XOR Collapsing                     : YES
ROM Style                          : Auto
Mux Extraction                     : Yes
Resource Sharing                   : YES
Asynchronous To Synchronous        : NO
Multiplier Style                   : Auto
Automatic Register Balancing       : No

---- Target Options
Add IO Buffers                     : YES
Global Maximum Fanout              : 100000
Add Generic Clock Buffer(BUFG)     : 24
Register Duplication               : YES
Slice Packing                      : YES
Optimize Instantiated Primitives   : NO
Use Clock Enable                   : Yes
Use Synchronous Set                : Yes
Use Synchronous Reset              : Yes
Pack IO Registers into IOBs        : Auto
Equivalent register Removal        : YES

---- General Options
Optimization Goal                  : Speed
Optimization Effort                : 1
Keep Hierarchy                     : No
Netlist Hierarchy                  : As_Optimized
RTL Output                         : Yes
Global Optimization                : AllClockNets
Read Cores                         : YES
Write Timing Constraints           : NO
Cross Clock Analysis               : NO
Hierarchy Separator                : /
Bus Delimiter                      : <>
Case Specifier                     : Maintain
Slice Utilization Ratio            : 100
BRAM Utilization Ratio             : 100
Verilog 2001                       : YES
Auto BRAM Packing                  : NO
Slice Utilization Ratio Delta      : 5

=========================================================================


=========================================================================
*                          HDL Compilation                              *
=========================================================================
Compiling vhdl file "C:/Projectos_VHDL/PruebaMaquinaEstados/Maquina.vhd" in Library work.
Entity <maquina> compiled.
ERROR:HDLParsers:3312 - "C:/Projectos_VHDL/PruebaMaquinaEstados/Maquina.vhd" Line 88. Undefined symbol 'InOut1'.
ERROR:HDLParsers:1209 - "C:/Projectos_VHDL/PruebaMaquinaEstados/Maquina.vhd" Line 88. InOut1: Undefined symbol (last report in this block)
ERROR:HDLParsers:3312 - "C:/Projectos_VHDL/PruebaMaquinaEstados/Maquina.vhd" Line 89. Undefined symbol 'inOut2'.
ERROR:HDLParsers:1209 - "C:/Projectos_VHDL/PruebaMaquinaEstados/Maquina.vhd" Line 89. inOut2: Undefined symbol (last report in this block)
ERROR:HDLParsers:3312 - "C:/Projectos_VHDL/PruebaMaquinaEstados/Maquina.vhd" Line 93. Undefined symbol 'Inout2'.
ERROR:HDLParsers:1209 - "C:/Projectos_VHDL/PruebaMaquinaEstados/Maquina.vhd" Line 93. Inout2: Undefined symbol (last report in this block)
ERROR:HDLParsers:3312 - "C:/Projectos_VHDL/PruebaMaquinaEstados/Maquina.vhd" Line 97. Undefined symbol 'count2'.
ERROR:HDLParsers:1209 - "C:/Projectos_VHDL/PruebaMaquinaEstados/Maquina.vhd" Line 97. count2: Undefined symbol (last report in this block)
ERROR:HDLParsers:813 - "C:/Projectos_VHDL/PruebaMaquinaEstados/Maquina.vhd" Line 84. Enumerated value intout1 is missing in case.
ERROR:HDLParsers:1402 - "C:/Projectos_VHDL/PruebaMaquinaEstados/Maquina.vhd" Line 111. Object PingIn of mode IN can not be updated.
ERROR:HDLParsers:3312 - "C:/Projectos_VHDL/PruebaMaquinaEstados/Maquina.vhd" Line 112. Undefined symbol 'InOut1'.
ERROR:HDLParsers:1209 - "C:/Projectos_VHDL/PruebaMaquinaEstados/Maquina.vhd" Line 112. InOut1: Undefined symbol (last report in this block)
ERROR:HDLParsers:1402 - "C:/Projectos_VHDL/PruebaMaquinaEstados/Maquina.vhd" Line 112. Object PingIn of mode IN can not be updated.
ERROR:HDLParsers:3312 - "C:/Projectos_VHDL/PruebaMaquinaEstados/Maquina.vhd" Line 113. Undefined symbol 'InOut2'.
ERROR:HDLParsers:1209 - "C:/Projectos_VHDL/PruebaMaquinaEstados/Maquina.vhd" Line 113. InOut2: Undefined symbol (last report in this block)
ERROR:HDLParsers:1402 - "C:/Projectos_VHDL/PruebaMaquinaEstados/Maquina.vhd" Line 113. Object PingIn of mode IN can not be updated.
ERROR:HDLParsers:3312 - "C:/Projectos_VHDL/PruebaMaquinaEstados/Maquina.vhd" Line 113. Undefined symbol 'cont2'.
ERROR:HDLParsers:1209 - "C:/Projectos_VHDL/PruebaMaquinaEstados/Maquina.vhd" Line 113. cont2: Undefined symbol (last report in this block)
ERROR:HDLParsers:1402 - "C:/Projectos_VHDL/PruebaMaquinaEstados/Maquina.vhd" Line 114. Object PingIn of mode IN can not be updated.
ERROR:HDLParsers:813 - "C:/Projectos_VHDL/PruebaMaquinaEstados/Maquina.vhd" Line 111. Enumerated value intout1 is missing in case.
--> 

Total memory usage is 200948 kilobytes

Number of errors   :   20 (   0 filtered)
Number of warnings :    0 (   0 filtered)
Number of infos    :    0 (   0 filtered)

