Release 14.6 - xst P.68d (nt)
Copyright (c) 1995-2013 Xilinx, Inc.  All rights reserved.
--> Parameter TMPDIR set to xst/projnav.tmp


Total REAL time to Xst completion: 0.00 secs
Total CPU time to Xst completion: 0.23 secs
 
--> Parameter xsthdpdir set to xst


Total REAL time to Xst completion: 0.00 secs
Total CPU time to Xst completion: 0.23 secs
 
--> Reading design: Shift_Registers.prj

TABLE OF CONTENTS
  1) Synthesis Options Summary
  2) HDL Parsing
  3) HDL Elaboration
  4) HDL Synthesis
       4.1) HDL Synthesis Report
  5) Advanced HDL Synthesis
       5.1) Advanced HDL Synthesis Report
  6) Low Level Synthesis
  7) Partition Report
  8) Design Summary
       8.1) Primitive and Black Box Usage
       8.2) Device utilization summary
       8.3) Partition Resource Summary
       8.4) Timing Report
            8.4.1) Clock Information
            8.4.2) Asynchronous Control Signals Information
            8.4.3) Timing Summary
            8.4.4) Timing Details
            8.4.5) Cross Clock Domains Report


=========================================================================
*                      Synthesis Options Summary                        *
=========================================================================
---- Source Parameters
Input File Name                    : "Shift_Registers.prj"
Ignore Synthesis Constraint File   : NO

---- Target Parameters
Output File Name                   : "Shift_Registers"
Output Format                      : NGC
Target Device                      : xc6slx16-3-csg324

---- Source Options
Top Module Name                    : Shift_Registers
Automatic FSM Extraction           : YES
FSM Encoding Algorithm             : Auto
Safe Implementation                : No
FSM Style                          : LUT
RAM Extraction                     : Yes
RAM Style                          : Auto
ROM Extraction                     : Yes
Shift Register Extraction          : YES
ROM Style                          : Auto
Resource Sharing                   : YES
Asynchronous To Synchronous        : NO
Shift Register Minimum Size        : 2
Use DSP Block                      : Auto
Automatic Register Balancing       : No

---- Target Options
LUT Combining                      : Auto
Reduce Control Sets                : Auto
Add IO Buffers                     : YES
Global Maximum Fanout              : 100000
Add Generic Clock Buffer(BUFG)     : 16
Register Duplication               : YES
Optimize Instantiated Primitives   : NO
Use Clock Enable                   : Auto
Use Synchronous Set                : Auto
Use Synchronous Reset              : Auto
Pack IO Registers into IOBs        : Auto
Equivalent register Removal        : YES

---- General Options
Optimization Goal                  : Speed
Optimization Effort                : 1
Power Reduction                    : NO
Keep Hierarchy                     : No
Netlist Hierarchy                  : As_Optimized
RTL Output                         : Yes
Global Optimization                : AllClockNets
Read Cores                         : YES
Write Timing Constraints           : NO
Cross Clock Analysis               : NO
Hierarchy Separator                : /
Bus Delimiter                      : <>
Case Specifier                     : Maintain
Slice Utilization Ratio            : 100
BRAM Utilization Ratio             : 100
DSP48 Utilization Ratio            : 100
Auto BRAM Packing                  : NO
Slice Utilization Ratio Delta      : 5

=========================================================================


=========================================================================
*                          HDL Parsing                                  *
=========================================================================
Parsing VHDL file "D:\Projects_SisDigAva\P19a_Shift_Registers\Shift_Registers.vhd" into library work
Parsing entity <Shift_Registers>.
Parsing architecture <Behavioral> of entity <shift_registers>.

=========================================================================
*                            HDL Elaboration                            *
=========================================================================

Elaborating entity <Shift_Registers> (architecture <Behavioral>) from library <work>.

=========================================================================
*                           HDL Synthesis                               *
=========================================================================

Synthesizing Unit <Shift_Registers>.
    Related source file is "D:\Projects_SisDigAva\P19a_Shift_Registers\Shift_Registers.vhd".
    Found 1-bit register for signal <Clk1Hz_En>.
    Found 8-bit register for signal <LEDs>.
    Found 27-bit register for signal <FreqCounter>.
    Found 27-bit adder for signal <FreqCounter[26]_GND_6_o_add_1_OUT> created at line 61.
    Summary:
	inferred   1 Adder/Subtractor(s).
	inferred  36 D-type flip-flop(s).
	inferred   1 Multiplexer(s).
Unit <Shift_Registers> synthesized.

=========================================================================
HDL Synthesis Report

Macro Statistics
# Adders/Subtractors                                   : 1
 27-bit adder                                          : 1
# Registers                                            : 3
 1-bit register                                        : 1
 27-bit register                                       : 1
 8-bit register                                        : 1
# Multiplexers                                         : 1
 27-bit 2-to-1 multiplexer                             : 1

=========================================================================

=========================================================================
*                       Advanced HDL Synthesis                          *
=========================================================================


Synthesizing (advanced) Unit <Shift_Registers>.
The following registers are absorbed into counter <FreqCounter>: 1 register on signal <FreqCounter>.
Unit <Shift_Registers> synthesized (advanced).

=========================================================================
Advanced HDL Synthesis Report

Macro Statistics
# Counters                                             : 1
 27-bit up counter                                     : 1
# Registers                                            : 9
 Flip-Flops                                            : 9

=========================================================================

=========================================================================
*                         Low Level Synthesis                           *
=========================================================================

Optimizing unit <Shift_Registers> ...

Mapping all equations...
Building and optimizing final netlist ...
Found area constraint ratio of 100 (+ 5) on block Shift_Registers, actual ratio is 0.

Final Macro Processing ...

=========================================================================
Final Register Report

Macro Statistics
# Registers                                            : 36
 Flip-Flops                                            : 36

=========================================================================

=========================================================================
*                           Partition Report                            *
=========================================================================

Partition Implementation Status
-------------------------------

  No Partitions were found in this design.

-------------------------------

=========================================================================
*                            Design Summary                             *
=========================================================================

Top Level Output File Name         : Shift_Registers.ngc

Primitive and Black Box Usage:
------------------------------
# BELS                             : 116
#      GND                         : 1
#      INV                         : 1
#      LUT1                        : 26
#      LUT2                        : 28
#      LUT6                        : 6
#      MUXCY                       : 26
#      VCC                         : 1
#      XORCY                       : 27
# FlipFlops/Latches                : 36
#      FDC                         : 28
#      FDCE                        : 8
# Clock Buffers                    : 1
#      BUFGP                       : 1
# IO Buffers                       : 10
#      IBUF                        : 2
#      OBUF                        : 8

Device utilization summary:
---------------------------

Selected Device : 6slx16csg324-3 


Slice Logic Utilization: 
 Number of Slice Registers:              36  out of  18224     0%  
 Number of Slice LUTs:                   61  out of   9112     0%  
    Number used as Logic:                61  out of   9112     0%  

Slice Logic Distribution: 
 Number of LUT Flip Flop pairs used:     69
   Number with an unused Flip Flop:      33  out of     69    47%  
   Number with an unused LUT:             8  out of     69    11%  
   Number of fully used LUT-FF pairs:    28  out of     69    40%  
   Number of unique control sets:         2

IO Utilization: 
 Number of IOs:                          11
 Number of bonded IOBs:                  11  out of    232     4%  

Specific Feature Utilization:
 Number of BUFG/BUFGCTRLs:                1  out of     16     6%  

---------------------------
Partition Resource Summary:
---------------------------

  No Partitions were found in this design.

---------------------------


=========================================================================
Timing Report

NOTE: THESE TIMING NUMBERS ARE ONLY A SYNTHESIS ESTIMATE.
      FOR ACCURATE TIMING INFORMATION PLEASE REFER TO THE TRACE REPORT
      GENERATED AFTER PLACE-and-ROUTE.

Clock Information:
------------------
-----------------------------------+------------------------+-------+
Clock Signal                       | Clock buffer(FF name)  | Load  |
-----------------------------------+------------------------+-------+
Clk100MHz                          | BUFGP                  | 36    |
-----------------------------------+------------------------+-------+

Asynchronous Control Signals Information:
----------------------------------------
No asynchronous control signals found in this design

Timing Summary:
---------------
Speed Grade: -3

   Minimum period: 3.987ns (Maximum Frequency: 250.790MHz)
   Minimum input arrival time before clock: 3.000ns
   Maximum output required time after clock: 3.634ns
   Maximum combinational path delay: No path found

Timing Details:
---------------
All values displayed in nanoseconds (ns)

=========================================================================
Timing constraint: Default period analysis for Clock 'Clk100MHz'
  Clock period: 3.987ns (frequency: 250.790MHz)
  Total number of paths / destination ports: 1149 / 43
-------------------------------------------------------------------------
Delay:               3.987ns (Levels of Logic = 3)
  Source:            FreqCounter_24 (FF)
  Destination:       FreqCounter_0 (FF)
  Source Clock:      Clk100MHz rising
  Destination Clock: Clk100MHz rising

  Data Path: FreqCounter_24 to FreqCounter_0
                                Gate     Net
    Cell:in->out      fanout   Delay   Delay  Logical Name (Net Name)
    ----------------------------------------  ------------
     FDC:C->Q              2   0.447   0.981  FreqCounter_24 (FreqCounter_24)
     LUT6:I0->O            2   0.203   0.864  PWR_6_o_FreqCounter[26]_equal_1_o<26>7_SW0 (N3)
     LUT6:I2->O           15   0.203   0.982  PWR_6_o_FreqCounter[26]_equal_1_o<26>7 (PWR_6_o_FreqCounter[26]_equal_1_o)
     LUT2:I1->O            1   0.205   0.000  Mcount_FreqCounter_eqn_01 (Mcount_FreqCounter_eqn_0)
     FDC:D                     0.102          FreqCounter_0
    ----------------------------------------
    Total                      3.987ns (1.160ns logic, 2.827ns route)
                                       (29.1% logic, 70.9% route)

=========================================================================
Timing constraint: Default OFFSET IN BEFORE for Clock 'Clk100MHz'
  Total number of paths / destination ports: 37 / 37
-------------------------------------------------------------------------
Offset:              3.000ns (Levels of Logic = 1)
  Source:            Rst (PAD)
  Destination:       Clk1Hz_En (FF)
  Destination Clock: Clk100MHz rising

  Data Path: Rst to Clk1Hz_En
                                Gate     Net
    Cell:in->out      fanout   Delay   Delay  Logical Name (Net Name)
    ----------------------------------------  ------------
     IBUF:I->O            36   1.222   1.348  Rst_IBUF (Rst_IBUF)
     FDC:CLR                   0.430          Clk1Hz_En
    ----------------------------------------
    Total                      3.000ns (1.652ns logic, 1.348ns route)
                                       (55.1% logic, 44.9% route)

=========================================================================
Timing constraint: Default OFFSET OUT AFTER for Clock 'Clk100MHz'
  Total number of paths / destination ports: 8 / 8
-------------------------------------------------------------------------
Offset:              3.634ns (Levels of Logic = 1)
  Source:            Shift_6 (FF)
  Destination:       LEDs<6> (PAD)
  Source Clock:      Clk100MHz rising

  Data Path: Shift_6 to LEDs<6>
                                Gate     Net
    Cell:in->out      fanout   Delay   Delay  Logical Name (Net Name)
    ----------------------------------------  ------------
     FDCE:C->Q             2   0.447   0.616  Shift_6 (Shift_6)
     OBUF:I->O                 2.571          LEDs_6_OBUF (LEDs<6>)
    ----------------------------------------
    Total                      3.634ns (3.018ns logic, 0.616ns route)
                                       (83.0% logic, 17.0% route)

=========================================================================

Cross Clock Domains Report:
--------------------------

Clock to Setup on destination clock Clk100MHz
---------------+---------+---------+---------+---------+
               | Src:Rise| Src:Fall| Src:Rise| Src:Fall|
Source Clock   |Dest:Rise|Dest:Rise|Dest:Fall|Dest:Fall|
---------------+---------+---------+---------+---------+
Clk100MHz      |    3.987|         |         |         |
---------------+---------+---------+---------+---------+

=========================================================================


Total REAL time to Xst completion: 12.00 secs
Total CPU time to Xst completion: 11.97 secs
 
--> 

Total memory usage is 214676 kilobytes

Number of errors   :    0 (   0 filtered)
Number of warnings :    0 (   0 filtered)
Number of infos    :    0 (   0 filtered)

