
****** PlanAhead v14.6 (64-bit)
  **** Build 269223 by xbuild on Wed Jun  5 11:14:03 MDT 2013
    ** Copyright 1986-1999, 2001-2012 Xilinx, Inc. All Rights Reserved.

INFO: [Common 17-78] Attempting to get a license: PlanAhead
INFO: [Common 17-290] Got license for PlanAhead
INFO: [Device 21-36] Loading parts and site information from C:/Xilinx/14.6/ISE_DS/PlanAhead/data/parts/arch.xml
Parsing RTL primitives file [C:/Xilinx/14.6/ISE_DS/PlanAhead/data/parts/xilinx/rtl/prims/rtl_prims.xml]
Finished parsing RTL primitives file [C:/Xilinx/14.6/ISE_DS/PlanAhead/data/parts/xilinx/rtl/prims/rtl_prims.xml]
start_gui
source D:/Projects_SisDigAva/P02a_Mayority_Detector_VHDL/pa.fromNetlist.tcl
# create_project -name P02a_Mayority_Detector_VHDL -dir "D:/Projects_SisDigAva/P02a_Mayority_Detector_VHDL/planAhead_run_2" -part xc3s100ecp132-5
# set_property design_mode GateLvl [get_property srcset [current_run -impl]]
# set_property edif_top_file "D:/Projects_SisDigAva/P02a_Mayority_Detector_VHDL/Mayority_Detector.ngc" [ get_property srcset [ current_run ] ]
# add_files -norecurse { {D:/Projects_SisDigAva/P02a_Mayority_Detector_VHDL} }
# set_param project.pinAheadLayout  yes
# set_property target_constrs_file "Mayority_Detector.ucf" [current_fileset -constrset]
Adding file 'D:/Projects_SisDigAva/P02a_Mayority_Detector_VHDL/Mayority_Detector.ucf' to fileset 'constrs_1'
# add_files [list {Mayority_Detector.ucf}] -fileset [get_property constrset [current_run]]
# link_design
Design is defaulting to srcset: sources_1
Design is defaulting to constrset: constrs_1
Design is defaulting to project part: xc3s100ecp132-5
Release 14.6 - ngc2edif P.68d (nt64)
Copyright (c) 1995-2013 Xilinx, Inc.  All rights reserved.
Reading design Mayority_Detector.ngc ...
WARNING:NetListWriters:298 - No output is written to Mayority_Detector.xncf,
   ignored.
Processing design ...
   Preping design's networks ...
   Preping design's macros ...
  finished :Prep
Writing EDIF netlist file Mayority_Detector.edif ...
ngc2edif: Total memory usage is 78328 kilobytes

Parsing EDIF File [./planAhead_run_2/P02a_Mayority_Detector_VHDL.data/cache/Mayority_Detector_ngc_zx.edif]
Finished Parsing EDIF File [./planAhead_run_2/P02a_Mayority_Detector_VHDL.data/cache/Mayority_Detector_ngc_zx.edif]
INFO: [Designutils 20-910] Reading macro library C:/Xilinx/14.6/ISE_DS/PlanAhead/data\./parts/xilinx/spartan3e/spartan3e/hd_int_macros.edn
Parsing EDIF File [C:/Xilinx/14.6/ISE_DS/PlanAhead/data\./parts/xilinx/spartan3e/spartan3e/hd_int_macros.edn]
Finished Parsing EDIF File [C:/Xilinx/14.6/ISE_DS/PlanAhead/data\./parts/xilinx/spartan3e/spartan3e/hd_int_macros.edn]
Loading clock regions from C:/Xilinx/14.6/ISE_DS/PlanAhead/data\parts/xilinx/spartan3e/spartan3e/xc3s100e/ClockRegion.xml
Loading clock buffers from C:/Xilinx/14.6/ISE_DS/PlanAhead/data\parts/xilinx/spartan3e/spartan3e/xc3s100e/ClockBuffers.xml
Loading package from C:/Xilinx/14.6/ISE_DS/PlanAhead/data\parts/xilinx/spartan3e/spartan3e/xc3s100e/cp132/Package.xml
Loading io standards from C:/Xilinx/14.6/ISE_DS/PlanAhead/data\./parts/xilinx/spartan3e/IOStandards.xml
INFO: [Device 21-19] Loading pkg sso from C:/Xilinx/14.6/ISE_DS/PlanAhead/data\parts/xilinx/spartan3e/spartan3e/xc3s100e/cp132/SSORules.xml
Loading list of drcs for the architecture : C:/Xilinx/14.6/ISE_DS/PlanAhead/data\./parts/xilinx/spartan3e/spartan3e/drc.xml
INFO: [Timing 38-77] Reading timing library C:/Xilinx/14.6/ISE_DS/PlanAhead/data\parts/xilinx/spartan3e/spartan3e/spartan3e-5.lib.
INFO: [Timing 38-34] Done reading timing library C:/Xilinx/14.6/ISE_DS/PlanAhead/data\parts/xilinx/spartan3e/spartan3e/spartan3e-5.lib.
Parsing UCF File [D:/Projects_SisDigAva/P02a_Mayority_Detector_VHDL/Mayority_Detector.ucf]
Finished Parsing UCF File [D:/Projects_SisDigAva/P02a_Mayority_Detector_VHDL/Mayority_Detector.ucf]
INFO: [Project 1-111] Unisim Transformation Summary:
No Unisim elements were transformed.

Phase 0 | Netlist Checksum: 31a9f1c5
link_design: Time (s): elapsed = 00:00:10 . Memory (MB): peak = 565.211 ; gain = 141.902
set_property iostandard LVCMOS33 [get_ports [list B]]
startgroup
set_property package_pin M5 [get_ports B]
endgroup
save_constraints
exit
ERROR: [Common 17-39] 'stop_gui' failed due to earlier errors.
INFO: [Common 17-206] Exiting PlanAhead at Thu Aug 22 08:12:26 2013...
INFO: [Common 17-83] Releasing license: PlanAhead
