#-----------------------------------------------------------
# PlanAhead v14.6 (64-bit)
# Build 269223 by xbuild on Wed Jun  5 11:14:03 MDT 2013
# Start of session at: Wed Sep 04 18:08:13 2013
# Process ID: 2344
# Log file: D:/Projects_SisDigAva/P008b_Comparator/planAhead_run_1/planAhead.log
# Journal file: D:/Projects_SisDigAva/P008b_Comparator/planAhead_run_1/planAhead.jou
#-----------------------------------------------------------
INFO: [Common 17-78] Attempting to get a license: PlanAhead
INFO: [Common 17-290] Got license for PlanAhead
INFO: [Device 21-36] Loading parts and site information from C:/Xilinx/14.6/ISE_DS/PlanAhead/data/parts/arch.xml
Parsing RTL primitives file [C:/Xilinx/14.6/ISE_DS/PlanAhead/data/parts/xilinx/rtl/prims/rtl_prims.xml]
Finished parsing RTL primitives file [C:/Xilinx/14.6/ISE_DS/PlanAhead/data/parts/xilinx/rtl/prims/rtl_prims.xml]
start_gui
source D:/Projects_SisDigAva/P008b_Comparator/pa.fromNetlist.tcl
# create_project -name P008b_Comparator -dir "D:/Projects_SisDigAva/P008b_Comparator/planAhead_run_1" -part xc6slx16csg324-3
# set_property design_mode GateLvl [get_property srcset [current_run -impl]]
# set_property edif_top_file "D:/Projects_SisDigAva/P008b_Comparator/Comparator.ngc" [ get_property srcset [ current_run ] ]
# add_files -norecurse { {D:/Projects_SisDigAva/P008b_Comparator} }
# set_param project.pinAheadLayout  yes
# set_property target_constrs_file "Comparator.ucf" [current_fileset -constrset]
Adding file 'D:/Projects_SisDigAva/P008b_Comparator/Comparator.ucf' to fileset 'constrs_1'
# add_files [list {Comparator.ucf}] -fileset [get_property constrset [current_run]]
# link_design
Design is defaulting to srcset: sources_1
Design is defaulting to constrset: constrs_1
Design is defaulting to project part: xc6slx16csg324-3
Release 14.6 - ngc2edif P.68d (nt64)
Copyright (c) 1995-2013 Xilinx, Inc.  All rights reserved.
Reading design Comparator.ngc ...
WARNING:NetListWriters:298 - No output is written to Comparator.xncf, ignored.
Processing design ...
   Preping design's networks ...
   Preping design's macros ...
  finished :Prep
Writing EDIF netlist file Comparator.edif ...
ngc2edif: Total memory usage is 78776 kilobytes

Parsing EDIF File [./planAhead_run_1/P008b_Comparator.data/cache/Comparator_ngc_zx.edif]
Finished Parsing EDIF File [./planAhead_run_1/P008b_Comparator.data/cache/Comparator_ngc_zx.edif]
Loading clock regions from C:/Xilinx/14.6/ISE_DS/PlanAhead/data\parts/xilinx/spartan6/spartan6lx/xc6slx16/ClockRegion.xml
Loading clock buffers from C:/Xilinx/14.6/ISE_DS/PlanAhead/data\parts/xilinx/spartan6/spartan6lx/xc6slx16/ClockBuffers.xml
Loading package pin functions from C:/Xilinx/14.6/ISE_DS/PlanAhead/data\parts/xilinx/spartan6/PinFunctions.xml...
Loading package from C:/Xilinx/14.6/ISE_DS/PlanAhead/data\parts/xilinx/spartan6/spartan6lx/xc6slx16/csg324/Package.xml
Loading io standards from C:/Xilinx/14.6/ISE_DS/PlanAhead/data\./parts/xilinx/spartan6/IOStandards.xml
Loading device configuration modes from C:/Xilinx/14.6/ISE_DS/PlanAhead/data\parts/xilinx/spartan6/ConfigModes.xml
Loading list of drcs for the architecture : C:/Xilinx/14.6/ISE_DS/PlanAhead/data\./parts/xilinx/spartan6/drc.xml
Parsing UCF File [D:/Projects_SisDigAva/P008b_Comparator/Comparator.ucf]
Finished Parsing UCF File [D:/Projects_SisDigAva/P008b_Comparator/Comparator.ucf]
INFO: [Project 1-111] Unisim Transformation Summary:
No Unisim elements were transformed.

Phase 0 | Netlist Checksum: 1f91021a
link_design: Time (s): elapsed = 00:00:17 . Memory (MB): peak = 600.086 ; gain = 169.098
startgroup
set_property package_pin T5 [get_ports {A[3]}]
endgroup
save_constraints
exit
ERROR: [PlanAhead 12-106] *** Exception: ui.h.b: Found deleted key in HTclEventBroker. Verify if the classes listed here call cleanup()
HTclEvent: DEBUG_CORE_CONFIG_CHANGE   Classes: ui.views.aR 
HTclEvent: DEBUG_PORT_CONFIG_CHANGE   Classes: ui.views.aR 
HTclEvent: SIGNAL_BUS_MODIFY   Classes: ui.views.aR 
HTclEvent: SIGNAL_MODIFY   Classes: ui.views.aR 
 (See D:/Projects_SisDigAva/P008b_Comparator\planAhead_pid2344.debug)
ERROR: [Common 17-39] 'stop_gui' failed due to earlier errors.
INFO: [Common 17-206] Exiting PlanAhead at Wed Sep 04 18:10:16 2013...
INFO: [Common 17-83] Releasing license: PlanAhead
