Release 14.6 - xst P.68d (nt)
Copyright (c) 1995-2013 Xilinx, Inc.  All rights reserved.
--> Parameter TMPDIR set to xst/projnav.tmp


Total REAL time to Xst completion: 0.00 secs
Total CPU time to Xst completion: 0.09 secs
 
--> Parameter xsthdpdir set to xst


Total REAL time to Xst completion: 0.00 secs
Total CPU time to Xst completion: 0.10 secs
 
--> Reading design: Counters.prj

TABLE OF CONTENTS
  1) Synthesis Options Summary
  2) HDL Parsing
  3) HDL Elaboration
  4) HDL Synthesis
       4.1) HDL Synthesis Report
  5) Advanced HDL Synthesis
       5.1) Advanced HDL Synthesis Report
  6) Low Level Synthesis
  7) Partition Report
  8) Design Summary
       8.1) Primitive and Black Box Usage
       8.2) Device utilization summary
       8.3) Partition Resource Summary
       8.4) Timing Report
            8.4.1) Clock Information
            8.4.2) Asynchronous Control Signals Information
            8.4.3) Timing Summary
            8.4.4) Timing Details
            8.4.5) Cross Clock Domains Report


=========================================================================
*                      Synthesis Options Summary                        *
=========================================================================
---- Source Parameters
Input File Name                    : "Counters.prj"
Ignore Synthesis Constraint File   : NO

---- Target Parameters
Output File Name                   : "Counters"
Output Format                      : NGC
Target Device                      : xc6slx16-3-csg324

---- Source Options
Top Module Name                    : Counters
Automatic FSM Extraction           : YES
FSM Encoding Algorithm             : Auto
Safe Implementation                : No
FSM Style                          : LUT
RAM Extraction                     : Yes
RAM Style                          : Auto
ROM Extraction                     : Yes
Shift Register Extraction          : YES
ROM Style                          : Auto
Resource Sharing                   : YES
Asynchronous To Synchronous        : NO
Shift Register Minimum Size        : 2
Use DSP Block                      : Auto
Automatic Register Balancing       : No

---- Target Options
LUT Combining                      : Auto
Reduce Control Sets                : Auto
Add IO Buffers                     : YES
Global Maximum Fanout              : 100000
Add Generic Clock Buffer(BUFG)     : 16
Register Duplication               : YES
Optimize Instantiated Primitives   : NO
Use Clock Enable                   : Auto
Use Synchronous Set                : Auto
Use Synchronous Reset              : Auto
Pack IO Registers into IOBs        : Auto
Equivalent register Removal        : YES

---- General Options
Optimization Goal                  : Speed
Optimization Effort                : 1
Power Reduction                    : NO
Keep Hierarchy                     : No
Netlist Hierarchy                  : As_Optimized
RTL Output                         : Yes
Global Optimization                : AllClockNets
Read Cores                         : YES
Write Timing Constraints           : NO
Cross Clock Analysis               : NO
Hierarchy Separator                : /
Bus Delimiter                      : <>
Case Specifier                     : Maintain
Slice Utilization Ratio            : 100
BRAM Utilization Ratio             : 100
DSP48 Utilization Ratio            : 100
Auto BRAM Packing                  : NO
Slice Utilization Ratio Delta      : 5

=========================================================================


=========================================================================
*                          HDL Parsing                                  *
=========================================================================
Parsing VHDL file "D:\Projects_SisDigAva\P16a_Counters\Counters.vhd" into library work
Parsing entity <Counters>.
Parsing architecture <Behavioral> of entity <counters>.

=========================================================================
*                            HDL Elaboration                            *
=========================================================================

Elaborating entity <Counters> (architecture <Behavioral>) from library <work>.

=========================================================================
*                           HDL Synthesis                               *
=========================================================================

Synthesizing Unit <Counters>.
    Related source file is "D:\Projects_SisDigAva\P16a_Counters\Counters.vhd".
    Found 1-bit register for signal <Clk_1Hz>.
    Found 4-bit register for signal <Count_int>.
    Found 26-bit register for signal <FreqCounter>.
    Found 26-bit adder for signal <FreqCounter[25]_GND_5_o_add_1_OUT> created at line 59.
    Found 4-bit adder for signal <Count_int[3]_GND_5_o_add_5_OUT> created at line 124.
    Found 4-bit subtractor for signal <GND_5_o_GND_5_o_sub_9_OUT<3:0>> created at line 131.
    Found 16x7-bit Read Only RAM for signal <Seg>
    Summary:
	inferred   1 RAM(s).
	inferred   2 Adder/Subtractor(s).
	inferred  31 D-type flip-flop(s).
	inferred   7 Multiplexer(s).
Unit <Counters> synthesized.

=========================================================================
HDL Synthesis Report

Macro Statistics
# RAMs                                                 : 1
 16x7-bit single-port Read Only RAM                    : 1
# Adders/Subtractors                                   : 2
 26-bit adder                                          : 1
 4-bit addsub                                          : 1
# Registers                                            : 3
 1-bit register                                        : 1
 26-bit register                                       : 1
 4-bit register                                        : 1
# Multiplexers                                         : 7
 26-bit 2-to-1 multiplexer                             : 1
 4-bit 2-to-1 multiplexer                              : 6

=========================================================================
INFO:Xst:1767 - HDL ADVISOR - Resource sharing has identified that some arithmetic operations in this design can share the same physical resources for reduced device utilization. For improved clock frequency you may try to disable resource sharing.

=========================================================================
*                       Advanced HDL Synthesis                          *
=========================================================================


Synthesizing (advanced) Unit <Counters>.
The following registers are absorbed into counter <FreqCounter>: 1 register on signal <FreqCounter>.
INFO:Xst:3218 - HDL ADVISOR - The RAM <Mram_Seg> will be implemented on LUTs either because you have described an asynchronous read or because of currently unsupported block RAM features. If you have described an asynchronous read, making it synchronous would allow you to take advantage of available block RAM resources, for optimized device usage and improved timings. Please refer to your documentation for coding guidelines.
    -----------------------------------------------------------------------
    | ram_type           | Distributed                         |          |
    -----------------------------------------------------------------------
    | Port A                                                              |
    |     aspect ratio   | 16-word x 7-bit                     |          |
    |     weA            | connected to signal <GND>           | high     |
    |     addrA          | connected to signal <Count_int>     |          |
    |     diA            | connected to signal <GND>           |          |
    |     doA            | connected to signal <Seg>           |          |
    -----------------------------------------------------------------------
Unit <Counters> synthesized (advanced).

=========================================================================
Advanced HDL Synthesis Report

Macro Statistics
# RAMs                                                 : 1
 16x7-bit single-port distributed Read Only RAM        : 1
# Adders/Subtractors                                   : 1
 4-bit addsub                                          : 1
# Counters                                             : 1
 26-bit up counter                                     : 1
# Registers                                            : 5
 Flip-Flops                                            : 5
# Multiplexers                                         : 6
 4-bit 2-to-1 multiplexer                              : 6

=========================================================================

=========================================================================
*                         Low Level Synthesis                           *
=========================================================================

Optimizing unit <Counters> ...

Mapping all equations...
Building and optimizing final netlist ...
Found area constraint ratio of 100 (+ 5) on block Counters, actual ratio is 0.

Final Macro Processing ...

=========================================================================
Final Register Report

Macro Statistics
# Registers                                            : 31
 Flip-Flops                                            : 31

=========================================================================

=========================================================================
*                           Partition Report                            *
=========================================================================

Partition Implementation Status
-------------------------------

  No Partitions were found in this design.

-------------------------------

=========================================================================
*                            Design Summary                             *
=========================================================================

Top Level Output File Name         : Counters.ngc

Primitive and Black Box Usage:
------------------------------
# BELS                             : 123
#      GND                         : 1
#      INV                         : 2
#      LUT1                        : 25
#      LUT2                        : 26
#      LUT4                        : 7
#      LUT5                        : 3
#      LUT6                        : 7
#      MUXCY                       : 25
#      VCC                         : 1
#      XORCY                       : 26
# FlipFlops/Latches                : 31
#      FDC                         : 30
#      FDCE                        : 1
# Clock Buffers                    : 1
#      BUFGP                       : 1
# IO Buffers                       : 13
#      IBUF                        : 2
#      OBUF                        : 11

Device utilization summary:
---------------------------

Selected Device : 6slx16csg324-3 


Slice Logic Utilization: 
 Number of Slice Registers:              31  out of  18224     0%  
 Number of Slice LUTs:                   70  out of   9112     0%  
    Number used as Logic:                70  out of   9112     0%  

Slice Logic Distribution: 
 Number of LUT Flip Flop pairs used:     70
   Number with an unused Flip Flop:      39  out of     70    55%  
   Number with an unused LUT:             0  out of     70     0%  
   Number of fully used LUT-FF pairs:    31  out of     70    44%  
   Number of unique control sets:         3

IO Utilization: 
 Number of IOs:                          14
 Number of bonded IOBs:                  14  out of    232     6%  

Specific Feature Utilization:
 Number of BUFG/BUFGCTRLs:                1  out of     16     6%  

---------------------------
Partition Resource Summary:
---------------------------

  No Partitions were found in this design.

---------------------------


=========================================================================
Timing Report

NOTE: THESE TIMING NUMBERS ARE ONLY A SYNTHESIS ESTIMATE.
      FOR ACCURATE TIMING INFORMATION PLEASE REFER TO THE TRACE REPORT
      GENERATED AFTER PLACE-and-ROUTE.

Clock Information:
------------------
-----------------------------------+------------------------+-------+
Clock Signal                       | Clock buffer(FF name)  | Load  |
-----------------------------------+------------------------+-------+
Clk100MHz                          | BUFGP                  | 27    |
Clk_1Hz                            | NONE(Count_int_0)      | 4     |
-----------------------------------+------------------------+-------+
INFO:Xst:2169 - HDL ADVISOR - Some clock signals were not automatically buffered by XST with BUFG/BUFR resources. Please use the buffer_type constraint in order to insert these buffers to the clock signals to help prevent skew problems.

Asynchronous Control Signals Information:
----------------------------------------
No asynchronous control signals found in this design

Timing Summary:
---------------
Speed Grade: -3

   Minimum period: 3.998ns (Maximum Frequency: 250.150MHz)
   Minimum input arrival time before clock: 2.929ns
   Maximum output required time after clock: 4.930ns
   Maximum combinational path delay: No path found

Timing Details:
---------------
All values displayed in nanoseconds (ns)

=========================================================================
Timing constraint: Default period analysis for Clock 'Clk100MHz'
  Clock period: 3.998ns (frequency: 250.150MHz)
  Total number of paths / destination ports: 1054 / 28
-------------------------------------------------------------------------
Delay:               3.998ns (Levels of Logic = 3)
  Source:            FreqCounter_8 (FF)
  Destination:       FreqCounter_12 (FF)
  Source Clock:      Clk100MHz rising
  Destination Clock: Clk100MHz rising

  Data Path: FreqCounter_8 to FreqCounter_12
                                Gate     Net
    Cell:in->out      fanout   Delay   Delay  Logical Name (Net Name)
    ----------------------------------------  ------------
     FDC:C->Q              2   0.447   0.981  FreqCounter_8 (FreqCounter_8)
     LUT6:I0->O            3   0.203   0.898  PWR_5_o_FreqCounter[25]_equal_1_o<25>4 (PWR_5_o_FreqCounter[25]_equal_1_o<25>3)
     LUT6:I2->O           14   0.203   0.958  PWR_5_o_FreqCounter[25]_equal_1_o<25>5 (PWR_5_o_FreqCounter[25]_equal_1_o)
     LUT2:I1->O            1   0.205   0.000  Mcount_FreqCounter_eqn_251 (Mcount_FreqCounter_eqn_25)
     FDC:D                     0.102          FreqCounter_25
    ----------------------------------------
    Total                      3.998ns (1.160ns logic, 2.838ns route)
                                       (29.0% logic, 71.0% route)

=========================================================================
Timing constraint: Default period analysis for Clock 'Clk_1Hz'
  Clock period: 2.216ns (frequency: 451.233MHz)
  Total number of paths / destination ports: 13 / 4
-------------------------------------------------------------------------
Delay:               2.216ns (Levels of Logic = 1)
  Source:            Count_int_0 (FF)
  Destination:       Count_int_0 (FF)
  Source Clock:      Clk_1Hz rising
  Destination Clock: Clk_1Hz rising

  Data Path: Count_int_0 to Count_int_0
                                Gate     Net
    Cell:in->out      fanout   Delay   Delay  Logical Name (Net Name)
    ----------------------------------------  ------------
     FDC:C->Q             11   0.447   0.882  Count_int_0 (Count_int_0)
     INV:I->O              1   0.206   0.579  GND_5_o_Count_int[3]_mux_10_OUT<0>1_INV_0 (GND_5_o_Count_int[3]_mux_10_OUT<0>)
     FDC:D                     0.102          Count_int_0
    ----------------------------------------
    Total                      2.216ns (0.755ns logic, 1.461ns route)
                                       (34.1% logic, 65.9% route)

=========================================================================
Timing constraint: Default OFFSET IN BEFORE for Clock 'Clk100MHz'
  Total number of paths / destination ports: 27 / 27
-------------------------------------------------------------------------
Offset:              2.929ns (Levels of Logic = 1)
  Source:            Rst (PAD)
  Destination:       Clk_1Hz (FF)
  Destination Clock: Clk100MHz rising

  Data Path: Rst to Clk_1Hz
                                Gate     Net
    Cell:in->out      fanout   Delay   Delay  Logical Name (Net Name)
    ----------------------------------------  ------------
     IBUF:I->O            31   1.222   1.277  Rst_IBUF (Rst_IBUF)
     FDCE:CLR                  0.430          Clk_1Hz
    ----------------------------------------
    Total                      2.929ns (1.652ns logic, 1.277ns route)
                                       (56.4% logic, 43.6% route)

=========================================================================
Timing constraint: Default OFFSET IN BEFORE for Clock 'Clk_1Hz'
  Total number of paths / destination ports: 7 / 7
-------------------------------------------------------------------------
Offset:              2.929ns (Levels of Logic = 1)
  Source:            Rst (PAD)
  Destination:       Count_int_0 (FF)
  Destination Clock: Clk_1Hz rising

  Data Path: Rst to Count_int_0
                                Gate     Net
    Cell:in->out      fanout   Delay   Delay  Logical Name (Net Name)
    ----------------------------------------  ------------
     IBUF:I->O            31   1.222   1.277  Rst_IBUF (Rst_IBUF)
     FDC:CLR                   0.430          Count_int_0
    ----------------------------------------
    Total                      2.929ns (1.652ns logic, 1.277ns route)
                                       (56.4% logic, 43.6% route)

=========================================================================
Timing constraint: Default OFFSET OUT AFTER for Clock 'Clk_1Hz'
  Total number of paths / destination ports: 28 / 7
-------------------------------------------------------------------------
Offset:              4.930ns (Levels of Logic = 2)
  Source:            Count_int_0 (FF)
  Destination:       Seg<2> (PAD)
  Source Clock:      Clk_1Hz rising

  Data Path: Count_int_0 to Seg<2>
                                Gate     Net
    Cell:in->out      fanout   Delay   Delay  Logical Name (Net Name)
    ----------------------------------------  ------------
     FDC:C->Q             11   0.447   1.130  Count_int_0 (Count_int_0)
     LUT4:I0->O            1   0.203   0.579  Mram_Seg21 (Seg_4_OBUF)
     OBUF:I->O                 2.571          Seg_4_OBUF (Seg<4>)
    ----------------------------------------
    Total                      4.930ns (3.221ns logic, 1.709ns route)
                                       (65.3% logic, 34.7% route)

=========================================================================

Cross Clock Domains Report:
--------------------------

Clock to Setup on destination clock Clk100MHz
---------------+---------+---------+---------+---------+
               | Src:Rise| Src:Fall| Src:Rise| Src:Fall|
Source Clock   |Dest:Rise|Dest:Rise|Dest:Fall|Dest:Fall|
---------------+---------+---------+---------+---------+
Clk100MHz      |    3.998|         |         |         |
---------------+---------+---------+---------+---------+

Clock to Setup on destination clock Clk_1Hz
---------------+---------+---------+---------+---------+
               | Src:Rise| Src:Fall| Src:Rise| Src:Fall|
Source Clock   |Dest:Rise|Dest:Rise|Dest:Fall|Dest:Fall|
---------------+---------+---------+---------+---------+
Clk_1Hz        |    2.216|         |         |         |
---------------+---------+---------+---------+---------+

=========================================================================


Total REAL time to Xst completion: 5.00 secs
Total CPU time to Xst completion: 4.78 secs
 
--> 

Total memory usage is 214484 kilobytes

Number of errors   :    0 (   0 filtered)
Number of warnings :    0 (   0 filtered)
Number of infos    :    3 (   0 filtered)

