Running: C:\Xilinx\14.6\ISE_DS\ISE\bin\nt\unwrapped\fuse.exe -intstyle ise -incremental -o C:/Projectos_VHDL/P08_Comparator/Comparative_vtb_isim_beh.exe -prj C:/Projectos_VHDL/P08_Comparator/Comparative_vtb_beh.prj work.Comparative_vtb 
ISim P.68d (signature 0x8ef4fb42)
Number of CPUs detected in this system: 4
Turning on mult-threading, number of parallel sub-compilation jobs: 8 
Determining compilation order of HDL files
Parsing VHDL file "C:/Projectos_VHDL/P08_Comparator/Comparator.vhd" into library work
Parsing VHDL file "C:/Projectos_VHDL/P08_Comparator/Comparative_vtb.vhd" into library work
Starting static elaboration
Completed static elaboration
Fuse Memory Usage: 120116 KB
Fuse CPU Usage: 687 ms
Compiling package standard
Compiling package std_logic_1164
Compiling package std_logic_arith
Compiling package std_logic_unsigned
Compiling architecture behavioral of entity Comparator [comparator_default]
Compiling architecture behavior of entity comparative_vtb
Time Resolution for simulation is 1ps.
Waiting for 1 sub-compilation(s) to finish...
ERROR:Simulator:861 - Failed to link the design
