Release 14.6 - xst P.68d (nt)
Copyright (c) 1995-2013 Xilinx, Inc.  All rights reserved.
--> Parameter TMPDIR set to xst/projnav.tmp


Total REAL time to Xst completion: 1.00 secs
Total CPU time to Xst completion: 0.10 secs
 
--> Parameter xsthdpdir set to xst


Total REAL time to Xst completion: 1.00 secs
Total CPU time to Xst completion: 0.10 secs
 
--> Reading design: tlc.prj

TABLE OF CONTENTS
  1) Synthesis Options Summary
  2) HDL Parsing
  3) HDL Elaboration
  4) HDL Synthesis
       4.1) HDL Synthesis Report
  5) Advanced HDL Synthesis
       5.1) Advanced HDL Synthesis Report
  6) Low Level Synthesis
  7) Partition Report
  8) Design Summary
       8.1) Primitive and Black Box Usage
       8.2) Device utilization summary
       8.3) Partition Resource Summary
       8.4) Timing Report
            8.4.1) Clock Information
            8.4.2) Asynchronous Control Signals Information
            8.4.3) Timing Summary
            8.4.4) Timing Details
            8.4.5) Cross Clock Domains Report


=========================================================================
*                      Synthesis Options Summary                        *
=========================================================================
---- Source Parameters
Input File Name                    : "tlc.prj"
Ignore Synthesis Constraint File   : NO

---- Target Parameters
Output File Name                   : "tlc"
Output Format                      : NGC
Target Device                      : xc6slx16-3-csg324

---- Source Options
Top Module Name                    : tlc
Automatic FSM Extraction           : YES
FSM Encoding Algorithm             : Auto
Safe Implementation                : No
FSM Style                          : LUT
RAM Extraction                     : Yes
RAM Style                          : Auto
ROM Extraction                     : Yes
Shift Register Extraction          : YES
ROM Style                          : Auto
Resource Sharing                   : YES
Asynchronous To Synchronous        : NO
Shift Register Minimum Size        : 2
Use DSP Block                      : Auto
Automatic Register Balancing       : No

---- Target Options
LUT Combining                      : Auto
Reduce Control Sets                : Auto
Add IO Buffers                     : YES
Global Maximum Fanout              : 100000
Add Generic Clock Buffer(BUFG)     : 16
Register Duplication               : YES
Optimize Instantiated Primitives   : NO
Use Clock Enable                   : Auto
Use Synchronous Set                : Auto
Use Synchronous Reset              : Auto
Pack IO Registers into IOBs        : Auto
Equivalent register Removal        : YES

---- General Options
Optimization Goal                  : Speed
Optimization Effort                : 1
Power Reduction                    : NO
Keep Hierarchy                     : No
Netlist Hierarchy                  : As_Optimized
RTL Output                         : Yes
Global Optimization                : AllClockNets
Read Cores                         : YES
Write Timing Constraints           : NO
Cross Clock Analysis               : NO
Hierarchy Separator                : /
Bus Delimiter                      : <>
Case Specifier                     : Maintain
Slice Utilization Ratio            : 100
BRAM Utilization Ratio             : 100
DSP48 Utilization Ratio            : 100
Auto BRAM Packing                  : NO
Slice Utilization Ratio Delta      : 5

=========================================================================


=========================================================================
*                          HDL Parsing                                  *
=========================================================================
Parsing VHDL file "C:\Projectos_VHDL\P25_Traffic_Light_Controller\tlc.vhd" into library work
Parsing entity <tlc>.
Parsing architecture <Behavioral> of entity <tlc>.

=========================================================================
*                            HDL Elaboration                            *
=========================================================================

Elaborating entity <tlc> (architecture <Behavioral>) from library <work>.
INFO:HDLCompiler:679 - "C:\Projectos_VHDL\P25_Traffic_Light_Controller\tlc.vhd" Line 110. Case statement is complete. others clause is never selected
INFO:HDLCompiler:679 - "C:\Projectos_VHDL\P25_Traffic_Light_Controller\tlc.vhd" Line 126. Case statement is complete. others clause is never selected

=========================================================================
*                           HDL Synthesis                               *
=========================================================================

Synthesizing Unit <tlc>.
    Related source file is "C:\Projectos_VHDL\P25_Traffic_Light_Controller\tlc.vhd".
    Found 31-bit register for signal <count>.
    Found 3-bit register for signal <pr_state>.
    Found 31-bit adder for signal <count[30]_GND_3_o_add_0_OUT> created at line 60.
    Found 4x1-bit Read Only RAM for signal <Red1>
    Found 4x1-bit Read Only RAM for signal <Green1>
    Found 8x6-bit Read Only RAM for signal <_n0047>
    Found 31-bit comparator equal for signal <time[30]_count[30]_equal_2_o> created at line 61
    Summary:
	inferred   3 RAM(s).
	inferred   1 Adder/Subtractor(s).
	inferred  34 D-type flip-flop(s).
	inferred   1 Comparator(s).
	inferred   5 Multiplexer(s).
Unit <tlc> synthesized.

=========================================================================
HDL Synthesis Report

Macro Statistics
# RAMs                                                 : 3
 4x1-bit single-port Read Only RAM                     : 2
 8x6-bit single-port Read Only RAM                     : 1
# Adders/Subtractors                                   : 1
 31-bit adder                                          : 1
# Registers                                            : 2
 3-bit register                                        : 1
 31-bit register                                       : 1
# Comparators                                          : 1
 31-bit comparator equal                               : 1
# Multiplexers                                         : 5
 31-bit 2-to-1 multiplexer                             : 5

=========================================================================

=========================================================================
*                       Advanced HDL Synthesis                          *
=========================================================================


Synthesizing (advanced) Unit <tlc>.
INFO:Xst:3218 - HDL ADVISOR - The RAM <Mram_Red1> will be implemented on LUTs either because you have described an asynchronous read or because of currently unsupported block RAM features. If you have described an asynchronous read, making it synchronous would allow you to take advantage of available block RAM resources, for optimized device usage and improved timings. Please refer to your documentation for coding guidelines.
    -----------------------------------------------------------------------
    | ram_type           | Distributed                         |          |
    -----------------------------------------------------------------------
    | Port A                                                              |
    |     aspect ratio   | 4-word x 1-bit                      |          |
    |     weA            | connected to signal <GND>           | high     |
    |     addrA          | connected to signal <(pr_state,Red2)> |          |
    |     diA            | connected to signal <GND>           |          |
    |     doA            | connected to signal <Red1>          |          |
    -----------------------------------------------------------------------
INFO:Xst:3218 - HDL ADVISOR - The RAM <Mram_Green1> will be implemented on LUTs either because you have described an asynchronous read or because of currently unsupported block RAM features. If you have described an asynchronous read, making it synchronous would allow you to take advantage of available block RAM resources, for optimized device usage and improved timings. Please refer to your documentation for coding guidelines.
    -----------------------------------------------------------------------
    | ram_type           | Distributed                         |          |
    -----------------------------------------------------------------------
    | Port A                                                              |
    |     aspect ratio   | 4-word x 1-bit                      |          |
    |     weA            | connected to signal <GND>           | high     |
    |     addrA          | connected to signal <(Red2,pr_state)> |          |
    |     diA            | connected to signal <GND>           |          |
    |     doA            | connected to signal <Green1>        |          |
    -----------------------------------------------------------------------
INFO:Xst:3218 - HDL ADVISOR - The RAM <Mram__n0047> will be implemented on LUTs either because you have described an asynchronous read or because of currently unsupported block RAM features. If you have described an asynchronous read, making it synchronous would allow you to take advantage of available block RAM resources, for optimized device usage and improved timings. Please refer to your documentation for coding guidelines.
    -----------------------------------------------------------------------
    | ram_type           | Distributed                         |          |
    -----------------------------------------------------------------------
    | Port A                                                              |
    |     aspect ratio   | 8-word x 6-bit                      |          |
    |     weA            | connected to signal <GND>           | high     |
    |     addrA          | connected to signal <(pr_state,Red2,pr_state)> |          |
    |     diA            | connected to signal <GND>           |          |
    |     doA            | connected to signal <Yellow1>       |          |
    -----------------------------------------------------------------------
Unit <tlc> synthesized (advanced).

=========================================================================
Advanced HDL Synthesis Report

Macro Statistics
# RAMs                                                 : 3
 4x1-bit single-port distributed Read Only RAM         : 2
 8x6-bit single-port distributed Read Only RAM         : 1
# Adders/Subtractors                                   : 1
 31-bit adder                                          : 1
# Registers                                            : 34
 Flip-Flops                                            : 34
# Comparators                                          : 1
 31-bit comparator equal                               : 1
# Multiplexers                                         : 5
 31-bit 2-to-1 multiplexer                             : 5

=========================================================================

=========================================================================
*                         Low Level Synthesis                           *
=========================================================================
WARNING:Xst:3002 - This design contains one or more registers/latches that are directly
   incompatible with the Spartan6 architecture. The two primary causes of this is
   either a register or latch described with both an asynchronous set and
   asynchronous reset, or a register or latch described with an asynchronous
   set or reset which however has an initialization value of the opposite 
   polarity (i.e. asynchronous reset with an initialization value of 1).
    While this circuit can be built, it creates a sub-optimal implementation
   in terms of area, power and performance. For a more optimal implementation
   Xilinx highly recommends one of the following:

          1) Remove either the set or reset from all registers and latches
             if not needed for required functionality
          2) Modify the code in order to produce a synchronous set
             and/or reset (both is preferred)
          3) Ensure all registers have the same initialization value as the
             described asynchronous set or reset polarity
          4) Use the -async_to_sync option to transform the asynchronous
             set/reset to synchronous operation
             (timing simulation highly recommended when using this option)

  Please refer to http://www.xilinx.com search string "Spartan6 asynchronous set/reset" for more details.

  List of register instances with asynchronous set or reset and opposite initialization value:
    pr_state_2 in unit <tlc>


Optimizing unit <tlc> ...

Mapping all equations...
Building and optimizing final netlist ...
Found area constraint ratio of 100 (+ 5) on block tlc, actual ratio is 1.
WARNING:Xst:1426 - The value init of the FF/Latch pr_state_2_LD hinder the constant cleaning in the block tlc.
   You should achieve better results by setting this init to 1.

Final Macro Processing ...

=========================================================================
Final Register Report

Macro Statistics
# Registers                                            : 35
 Flip-Flops                                            : 35

=========================================================================

=========================================================================
*                           Partition Report                            *
=========================================================================

Partition Implementation Status
-------------------------------

  No Partitions were found in this design.

-------------------------------

=========================================================================
*                            Design Summary                             *
=========================================================================

Top Level Output File Name         : tlc.ngc

Primitive and Black Box Usage:
------------------------------
# BELS                             : 161
#      GND                         : 1
#      INV                         : 1
#      LUT1                        : 30
#      LUT2                        : 31
#      LUT4                        : 4
#      LUT5                        : 7
#      LUT6                        : 15
#      MUXCY                       : 40
#      VCC                         : 1
#      XORCY                       : 31
# FlipFlops/Latches                : 36
#      FD                          : 1
#      FDC                         : 33
#      FDP                         : 1
#      LD                          : 1
# Clock Buffers                    : 2
#      BUFG                        : 1
#      BUFGP                       : 1
# IO Buffers                       : 8
#      IBUF                        : 2
#      OBUF                        : 6

Device utilization summary:
---------------------------

Selected Device : 6slx16csg324-3 


Slice Logic Utilization: 
 Number of Slice Registers:              36  out of  18224     0%  
 Number of Slice LUTs:                   88  out of   9112     0%  
    Number used as Logic:                88  out of   9112     0%  

Slice Logic Distribution: 
 Number of LUT Flip Flop pairs used:     91
   Number with an unused Flip Flop:      55  out of     91    60%  
   Number with an unused LUT:             3  out of     91     3%  
   Number of fully used LUT-FF pairs:    33  out of     91    36%  
   Number of unique control sets:         3

IO Utilization: 
 Number of IOs:                           9
 Number of bonded IOBs:                   9  out of    232     3%  

Specific Feature Utilization:
 Number of BUFG/BUFGCTRLs:                2  out of     16    12%  

---------------------------
Partition Resource Summary:
---------------------------

  No Partitions were found in this design.

---------------------------


=========================================================================
Timing Report

NOTE: THESE TIMING NUMBERS ARE ONLY A SYNTHESIS ESTIMATE.
      FOR ACCURATE TIMING INFORMATION PLEASE REFER TO THE TRACE REPORT
      GENERATED AFTER PLACE-and-ROUTE.

Clock Information:
------------------
-----------------------------------+------------------------+-------+
Clock Signal                       | Clock buffer(FF name)  | Load  |
-----------------------------------+------------------------+-------+
Clk                                | BUFGP                  | 35    |
Stby                               | IBUF+BUFG              | 1     |
-----------------------------------+------------------------+-------+

Asynchronous Control Signals Information:
----------------------------------------
No asynchronous control signals found in this design

Timing Summary:
---------------
Speed Grade: -3

   Minimum period: 4.947ns (Maximum Frequency: 202.155MHz)
   Minimum input arrival time before clock: 5.667ns
   Maximum output required time after clock: 5.126ns
   Maximum combinational path delay: No path found

Timing Details:
---------------
All values displayed in nanoseconds (ns)

=========================================================================
Timing constraint: Default period analysis for Clock 'Clk'
  Clock period: 4.947ns (frequency: 202.155MHz)
  Total number of paths / destination ports: 20388 / 35
-------------------------------------------------------------------------
Delay:               4.947ns (Levels of Logic = 33)
  Source:            count_0 (FF)
  Destination:       count_0 (FF)
  Source Clock:      Clk rising
  Destination Clock: Clk rising

  Data Path: count_0 to count_0
                                Gate     Net
    Cell:in->out      fanout   Delay   Delay  Logical Name (Net Name)
    ----------------------------------------  ------------
     FDC:C->Q              1   0.447   0.579  count_0 (count_0)
     INV:I->O              1   0.206   0.000  Madd_count[30]_GND_3_o_add_0_OUT_lut<0>_INV_0 (Madd_count[30]_GND_3_o_add_0_OUT_lut<0>)
     MUXCY:S->O            1   0.172   0.000  Madd_count[30]_GND_3_o_add_0_OUT_cy<0> (Madd_count[30]_GND_3_o_add_0_OUT_cy<0>)
     MUXCY:CI->O           1   0.019   0.000  Madd_count[30]_GND_3_o_add_0_OUT_cy<1> (Madd_count[30]_GND_3_o_add_0_OUT_cy<1>)
     MUXCY:CI->O           1   0.019   0.000  Madd_count[30]_GND_3_o_add_0_OUT_cy<2> (Madd_count[30]_GND_3_o_add_0_OUT_cy<2>)
     MUXCY:CI->O           1   0.019   0.000  Madd_count[30]_GND_3_o_add_0_OUT_cy<3> (Madd_count[30]_GND_3_o_add_0_OUT_cy<3>)
     MUXCY:CI->O           1   0.019   0.000  Madd_count[30]_GND_3_o_add_0_OUT_cy<4> (Madd_count[30]_GND_3_o_add_0_OUT_cy<4>)
     MUXCY:CI->O           1   0.019   0.000  Madd_count[30]_GND_3_o_add_0_OUT_cy<5> (Madd_count[30]_GND_3_o_add_0_OUT_cy<5>)
     MUXCY:CI->O           1   0.019   0.000  Madd_count[30]_GND_3_o_add_0_OUT_cy<6> (Madd_count[30]_GND_3_o_add_0_OUT_cy<6>)
     MUXCY:CI->O           1   0.019   0.000  Madd_count[30]_GND_3_o_add_0_OUT_cy<7> (Madd_count[30]_GND_3_o_add_0_OUT_cy<7>)
     MUXCY:CI->O           1   0.019   0.000  Madd_count[30]_GND_3_o_add_0_OUT_cy<8> (Madd_count[30]_GND_3_o_add_0_OUT_cy<8>)
     MUXCY:CI->O           1   0.019   0.000  Madd_count[30]_GND_3_o_add_0_OUT_cy<9> (Madd_count[30]_GND_3_o_add_0_OUT_cy<9>)
     MUXCY:CI->O           1   0.019   0.000  Madd_count[30]_GND_3_o_add_0_OUT_cy<10> (Madd_count[30]_GND_3_o_add_0_OUT_cy<10>)
     MUXCY:CI->O           1   0.019   0.000  Madd_count[30]_GND_3_o_add_0_OUT_cy<11> (Madd_count[30]_GND_3_o_add_0_OUT_cy<11>)
     MUXCY:CI->O           1   0.019   0.000  Madd_count[30]_GND_3_o_add_0_OUT_cy<12> (Madd_count[30]_GND_3_o_add_0_OUT_cy<12>)
     MUXCY:CI->O           1   0.019   0.000  Madd_count[30]_GND_3_o_add_0_OUT_cy<13> (Madd_count[30]_GND_3_o_add_0_OUT_cy<13>)
     MUXCY:CI->O           1   0.019   0.000  Madd_count[30]_GND_3_o_add_0_OUT_cy<14> (Madd_count[30]_GND_3_o_add_0_OUT_cy<14>)
     MUXCY:CI->O           1   0.019   0.000  Madd_count[30]_GND_3_o_add_0_OUT_cy<15> (Madd_count[30]_GND_3_o_add_0_OUT_cy<15>)
     MUXCY:CI->O           1   0.019   0.000  Madd_count[30]_GND_3_o_add_0_OUT_cy<16> (Madd_count[30]_GND_3_o_add_0_OUT_cy<16>)
     MUXCY:CI->O           1   0.019   0.000  Madd_count[30]_GND_3_o_add_0_OUT_cy<17> (Madd_count[30]_GND_3_o_add_0_OUT_cy<17>)
     MUXCY:CI->O           1   0.019   0.000  Madd_count[30]_GND_3_o_add_0_OUT_cy<18> (Madd_count[30]_GND_3_o_add_0_OUT_cy<18>)
     MUXCY:CI->O           1   0.019   0.000  Madd_count[30]_GND_3_o_add_0_OUT_cy<19> (Madd_count[30]_GND_3_o_add_0_OUT_cy<19>)
     MUXCY:CI->O           1   0.019   0.000  Madd_count[30]_GND_3_o_add_0_OUT_cy<20> (Madd_count[30]_GND_3_o_add_0_OUT_cy<20>)
     MUXCY:CI->O           1   0.019   0.000  Madd_count[30]_GND_3_o_add_0_OUT_cy<21> (Madd_count[30]_GND_3_o_add_0_OUT_cy<21>)
     MUXCY:CI->O           1   0.019   0.000  Madd_count[30]_GND_3_o_add_0_OUT_cy<22> (Madd_count[30]_GND_3_o_add_0_OUT_cy<22>)
     MUXCY:CI->O           1   0.019   0.000  Madd_count[30]_GND_3_o_add_0_OUT_cy<23> (Madd_count[30]_GND_3_o_add_0_OUT_cy<23>)
     MUXCY:CI->O           1   0.019   0.000  Madd_count[30]_GND_3_o_add_0_OUT_cy<24> (Madd_count[30]_GND_3_o_add_0_OUT_cy<24>)
     MUXCY:CI->O           1   0.019   0.000  Madd_count[30]_GND_3_o_add_0_OUT_cy<25> (Madd_count[30]_GND_3_o_add_0_OUT_cy<25>)
     MUXCY:CI->O           1   0.019   0.000  Madd_count[30]_GND_3_o_add_0_OUT_cy<26> (Madd_count[30]_GND_3_o_add_0_OUT_cy<26>)
     MUXCY:CI->O           1   0.019   0.000  Madd_count[30]_GND_3_o_add_0_OUT_cy<27> (Madd_count[30]_GND_3_o_add_0_OUT_cy<27>)
     XORCY:CI->O           2   0.180   0.845  Madd_count[30]_GND_3_o_add_0_OUT_xor<28> (count[30]_GND_3_o_add_0_OUT<28>)
     LUT6:I3->O            1   0.205   0.000  Mcompar_time[30]_count[30]_equal_2_o_lut<8> (Mcompar_time[30]_count[30]_equal_2_o_lut<8>)
     MUXCY:S->O           34   0.172   1.321  Mcompar_time[30]_count[30]_equal_2_o_cy<8> (time[30]_count[30]_equal_2_o)
     LUT6:I5->O            1   0.205   0.000  pr_state_1_rstpot (pr_state_1_rstpot)
     FDC:D                     0.102          pr_state_1
    ----------------------------------------
    Total                      4.947ns (2.202ns logic, 2.745ns route)
                                       (44.5% logic, 55.5% route)

=========================================================================
Timing constraint: Default OFFSET IN BEFORE for Clock 'Clk'
  Total number of paths / destination ports: 734 / 69
-------------------------------------------------------------------------
Offset:              5.667ns (Levels of Logic = 8)
  Source:            Test (PAD)
  Destination:       count_0 (FF)
  Destination Clock: Clk rising

  Data Path: Test to count_0
                                Gate     Net
    Cell:in->out      fanout   Delay   Delay  Logical Name (Net Name)
    ----------------------------------------  ------------
     IBUF:I->O            10   1.222   1.221  Test_IBUF (Test_IBUF)
     LUT6:I0->O            2   0.203   0.961  time<15>1 (time<15>)
     LUT6:I1->O            1   0.203   0.000  Mcompar_time[30]_count[30]_equal_2_o_lut<5> (Mcompar_time[30]_count[30]_equal_2_o_lut<5>)
     MUXCY:S->O            1   0.172   0.000  Mcompar_time[30]_count[30]_equal_2_o_cy<5> (Mcompar_time[30]_count[30]_equal_2_o_cy<5>)
     MUXCY:CI->O           1   0.019   0.000  Mcompar_time[30]_count[30]_equal_2_o_cy<6> (Mcompar_time[30]_count[30]_equal_2_o_cy<6>)
     MUXCY:CI->O           1   0.019   0.000  Mcompar_time[30]_count[30]_equal_2_o_cy<7> (Mcompar_time[30]_count[30]_equal_2_o_cy<7>)
     MUXCY:CI->O          34   0.019   1.321  Mcompar_time[30]_count[30]_equal_2_o_cy<8> (time[30]_count[30]_equal_2_o)
     LUT6:I5->O            1   0.205   0.000  pr_state_1_rstpot (pr_state_1_rstpot)
     FDC:D                     0.102          pr_state_1
    ----------------------------------------
    Total                      5.667ns (2.164ns logic, 3.503ns route)
                                       (38.2% logic, 61.8% route)

=========================================================================
Timing constraint: Default OFFSET OUT AFTER for Clock 'Clk'
  Total number of paths / destination ports: 18 / 6
-------------------------------------------------------------------------
Offset:              5.126ns (Levels of Logic = 2)
  Source:            pr_state_0 (FF)
  Destination:       Yellow1 (PAD)
  Source Clock:      Clk rising

  Data Path: pr_state_0 to Yellow1
                                Gate     Net
    Cell:in->out      fanout   Delay   Delay  Logical Name (Net Name)
    ----------------------------------------  ------------
     FDC:C->Q             15   0.447   1.326  pr_state_0 (pr_state_0)
     LUT5:I0->O            1   0.203   0.579  Mram__n004712 (Yellow1_OBUF)
     OBUF:I->O                 2.571          Yellow1_OBUF (Yellow1)
    ----------------------------------------
    Total                      5.126ns (3.221ns logic, 1.905ns route)
                                       (62.8% logic, 37.2% route)

=========================================================================
Timing constraint: Default OFFSET OUT AFTER for Clock 'Stby'
  Total number of paths / destination ports: 4 / 4
-------------------------------------------------------------------------
Offset:              5.109ns (Levels of Logic = 2)
  Source:            pr_state_2_LD (LATCH)
  Destination:       Red1 (PAD)
  Source Clock:      Stby falling

  Data Path: pr_state_2_LD to Red1
                                Gate     Net
    Cell:in->out      fanout   Delay   Delay  Logical Name (Net Name)
    ----------------------------------------  ------------
     LD:G->Q              17   0.498   1.256  pr_state_2_LD (pr_state_2_LD)
     LUT5:I2->O            1   0.205   0.579  Mram__n004712 (Yellow1_OBUF)
     OBUF:I->O                 2.571          Yellow1_OBUF (Yellow1)
    ----------------------------------------
    Total                      5.109ns (3.274ns logic, 1.835ns route)
                                       (64.1% logic, 35.9% route)

=========================================================================

Cross Clock Domains Report:
--------------------------

Clock to Setup on destination clock Clk
---------------+---------+---------+---------+---------+
               | Src:Rise| Src:Fall| Src:Rise| Src:Fall|
Source Clock   |Dest:Rise|Dest:Rise|Dest:Fall|Dest:Fall|
---------------+---------+---------+---------+---------+
Clk            |    4.947|         |         |         |
Stby           |         |    5.110|         |         |
---------------+---------+---------+---------+---------+

=========================================================================


Total REAL time to Xst completion: 7.00 secs
Total CPU time to Xst completion: 6.16 secs
 
--> 

Total memory usage is 203964 kilobytes

Number of errors   :    0 (   0 filtered)
Number of warnings :    2 (   0 filtered)
Number of infos    :    3 (   0 filtered)

