Release 14.6 - xst P.68d (nt)
Copyright (c) 1995-2013 Xilinx, Inc.  All rights reserved.
--> Parameter TMPDIR set to xst/projnav.tmp


Total REAL time to Xst completion: 0.00 secs
Total CPU time to Xst completion: 0.10 secs
 
--> Parameter xsthdpdir set to xst


Total REAL time to Xst completion: 0.00 secs
Total CPU time to Xst completion: 0.10 secs
 
--> Reading design: RWM_Memory.prj

TABLE OF CONTENTS
  1) Synthesis Options Summary
  2) HDL Compilation
  3) Design Hierarchy Analysis
  4) HDL Analysis
  5) HDL Synthesis
     5.1) HDL Synthesis Report
  6) Advanced HDL Synthesis
     6.1) Advanced HDL Synthesis Report
  7) Low Level Synthesis
  8) Partition Report
  9) Final Report
	9.1) Device utilization summary
	9.2) Partition Resource Summary
	9.3) TIMING REPORT


=========================================================================
*                      Synthesis Options Summary                        *
=========================================================================
---- Source Parameters
Input File Name                    : "RWM_Memory.prj"
Input Format                       : mixed
Ignore Synthesis Constraint File   : NO

---- Target Parameters
Output File Name                   : "RWM_Memory"
Output Format                      : NGC
Target Device                      : xc3s100e-5-cp132

---- Source Options
Top Module Name                    : RWM_Memory
Automatic FSM Extraction           : YES
FSM Encoding Algorithm             : Auto
Safe Implementation                : No
FSM Style                          : LUT
RAM Extraction                     : Yes
RAM Style                          : Auto
ROM Extraction                     : Yes
Mux Style                          : Auto
Decoder Extraction                 : YES
Priority Encoder Extraction        : Yes
Shift Register Extraction          : YES
Logical Shifter Extraction         : YES
XOR Collapsing                     : YES
ROM Style                          : Auto
Mux Extraction                     : Yes
Resource Sharing                   : YES
Asynchronous To Synchronous        : NO
Multiplier Style                   : Auto
Automatic Register Balancing       : No

---- Target Options
Add IO Buffers                     : YES
Global Maximum Fanout              : 500
Add Generic Clock Buffer(BUFG)     : 24
Register Duplication               : YES
Slice Packing                      : YES
Optimize Instantiated Primitives   : NO
Use Clock Enable                   : Yes
Use Synchronous Set                : Yes
Use Synchronous Reset              : Yes
Pack IO Registers into IOBs        : Auto
Equivalent register Removal        : YES

---- General Options
Optimization Goal                  : Speed
Optimization Effort                : 1
Keep Hierarchy                     : No
Netlist Hierarchy                  : As_Optimized
RTL Output                         : Yes
Global Optimization                : AllClockNets
Read Cores                         : YES
Write Timing Constraints           : NO
Cross Clock Analysis               : NO
Hierarchy Separator                : /
Bus Delimiter                      : <>
Case Specifier                     : Maintain
Slice Utilization Ratio            : 100
BRAM Utilization Ratio             : 100
Verilog 2001                       : YES
Auto BRAM Packing                  : NO
Slice Utilization Ratio Delta      : 5

=========================================================================


=========================================================================
*                          HDL Compilation                              *
=========================================================================
Compiling vhdl file "C:/Projectos_VHDL/P_28_RWM_Memory/RWM_Memory.vhd" in Library work.
Entity <rwm_memory> compiled.
Entity <rwm_memory> (Architecture <behavioral>) compiled.

=========================================================================
*                     Design Hierarchy Analysis                         *
=========================================================================
Analyzing hierarchy for entity <RWM_Memory> in library <work> (architecture <behavioral>) with generics.
	m = 8
	n = 4


=========================================================================
*                            HDL Analysis                               *
=========================================================================
Analyzing generic Entity <RWM_Memory> in library <work> (Architecture <behavioral>).
	m = 8
	n = 4
Entity <RWM_Memory> analyzed. Unit <RWM_Memory> generated.


=========================================================================
*                           HDL Synthesis                               *
=========================================================================

Performing bidirectional port resolution...

Synthesizing Unit <RWM_Memory>.
    Related source file is "C:/Projectos_VHDL/P_28_RWM_Memory/RWM_Memory.vhd".
    Found 16x8-bit single-port RAM <Mram_RWM> for signal <RWM>.
    Found 8-bit tristate buffer for signal <Data>.
    Summary:
	inferred   1 RAM(s).
	inferred   8 Tristate(s).
Unit <RWM_Memory> synthesized.


=========================================================================
HDL Synthesis Report

Macro Statistics
# RAMs                                                 : 1
 16x8-bit single-port RAM                              : 1
# Tristates                                            : 1
 8-bit tristate buffer                                 : 1

=========================================================================

=========================================================================
*                       Advanced HDL Synthesis                          *
=========================================================================


Synthesizing (advanced) Unit <RWM_Memory>.
INFO:Xst:3218 - HDL ADVISOR - The RAM <Mram_RWM> will be implemented on LUTs either because you have described an asynchronous read or because of currently unsupported block RAM features. If you have described an asynchronous read, making it synchronous would allow you to take advantage of available block RAM resources, for optimized device usage and improved timings. Please refer to your documentation for coding guidelines.
    -----------------------------------------------------------------------
    | ram_type           | Distributed                         |          |
    -----------------------------------------------------------------------
    | Port A                                                              |
    |     aspect ratio   | 16-word x 8-bit                     |          |
    |     clkA           | connected to signal <WClk>          | rise     |
    |     weA            | connected to signal <WE>            | high     |
    |     addrA          | connected to signal <Addr>          |          |
    |     diA            | connected to signal <Data>          |          |
    |     doA            | connected to internal node          |          |
    -----------------------------------------------------------------------
Unit <RWM_Memory> synthesized (advanced).

=========================================================================
Advanced HDL Synthesis Report

Macro Statistics
# RAMs                                                 : 1
 16x8-bit single-port distributed RAM                  : 1

=========================================================================

=========================================================================
*                         Low Level Synthesis                           *
=========================================================================

Optimizing unit <RWM_Memory> ...

Mapping all equations...
Building and optimizing final netlist ...
Found area constraint ratio of 100 (+ 5) on block RWM_Memory, actual ratio is 0.

Final Macro Processing ...

=========================================================================
Final Register Report

Found no macro
=========================================================================

=========================================================================
*                           Partition Report                            *
=========================================================================

Partition Implementation Status
-------------------------------

  No Partitions were found in this design.

-------------------------------

=========================================================================
*                            Final Report                               *
=========================================================================
Final Results
RTL Top Level Output File Name     : RWM_Memory.ngr
Top Level Output File Name         : RWM_Memory
Output Format                      : NGC
Optimization Goal                  : Speed
Keep Hierarchy                     : No

Design Statistics
# IOs                              : 14

Cell Usage :
# RAMS                             : 8
#      RAM16X1S                    : 8
# Clock Buffers                    : 1
#      BUFGP                       : 1
# IO Buffers                       : 13
#      IBUF                        : 5
#      IOBUF                       : 8
=========================================================================

Device utilization summary:
---------------------------

Selected Device : 3s100ecp132-5 

 Number of Slices:                        4  out of    960     0%  
 Number of 4 input LUTs:                  8  out of   1920     0%  
    Number used as logic:                 0
    Number used as RAMs:                  8
 Number of IOs:                          14
 Number of bonded IOBs:                  14  out of     83    16%  
 Number of GCLKs:                         1  out of     24     4%  

---------------------------
Partition Resource Summary:
---------------------------

  No Partitions were found in this design.

---------------------------


=========================================================================
TIMING REPORT

NOTE: THESE TIMING NUMBERS ARE ONLY A SYNTHESIS ESTIMATE.
      FOR ACCURATE TIMING INFORMATION PLEASE REFER TO THE TRACE REPORT
      GENERATED AFTER PLACE-and-ROUTE.

Clock Information:
------------------
-----------------------------------+------------------------+-------+
Clock Signal                       | Clock buffer(FF name)  | Load  |
-----------------------------------+------------------------+-------+
WClk                               | BUFGP                  | 8     |
-----------------------------------+------------------------+-------+

Asynchronous Control Signals Information:
----------------------------------------
No asynchronous control signals found in this design

Timing Summary:
---------------
Speed Grade: -5

   Minimum period: No path found
   Minimum input arrival time before clock: 2.326ns
   Maximum output required time after clock: 5.180ns
   Maximum combinational path delay: 6.576ns

Timing Detail:
--------------
All values displayed in nanoseconds (ns)

=========================================================================
Timing constraint: Default OFFSET IN BEFORE for Clock 'WClk'
  Total number of paths / destination ports: 48 / 48
-------------------------------------------------------------------------
Offset:              2.326ns (Levels of Logic = 1)
  Source:            WE (PAD)
  Destination:       Mram_RWM1 (RAM)
  Destination Clock: WClk rising

  Data Path: WE to Mram_RWM1
                                Gate     Net
    Cell:in->out      fanout   Delay   Delay  Logical Name (Net Name)
    ----------------------------------------  ------------
     IBUF:I->O            16   1.106   0.879  WE_IBUF (Data__not0000_inv)
     RAM16X1S:WE               0.341          Mram_RWM1
    ----------------------------------------
    Total                      2.326ns (1.447ns logic, 0.879ns route)
                                       (62.2% logic, 37.8% route)

=========================================================================
Timing constraint: Default OFFSET OUT AFTER for Clock 'WClk'
  Total number of paths / destination ports: 8 / 8
-------------------------------------------------------------------------
Offset:              5.180ns (Levels of Logic = 1)
  Source:            Mram_RWM8 (RAM)
  Destination:       Data<7> (PAD)
  Source Clock:      WClk rising

  Data Path: Mram_RWM8 to Data<7>
                                Gate     Net
    Cell:in->out      fanout   Delay   Delay  Logical Name (Net Name)
    ----------------------------------------  ------------
     RAM16X1S:WCLK->O      1   1.654   0.357  Mram_RWM8 (Data_7_IOBUF)
     IOBUF:I->IO               3.169          Data_7_IOBUF (Data<7>)
    ----------------------------------------
    Total                      5.180ns (4.823ns logic, 0.357ns route)
                                       (93.1% logic, 6.9% route)

=========================================================================
Timing constraint: Default path analysis
  Total number of paths / destination ports: 40 / 8
-------------------------------------------------------------------------
Delay:               6.576ns (Levels of Logic = 3)
  Source:            Addr<0> (PAD)
  Destination:       Data<7> (PAD)

  Data Path: Addr<0> to Data<7>
                                Gate     Net
    Cell:in->out      fanout   Delay   Delay  Logical Name (Net Name)
    ----------------------------------------  ------------
     IBUF:I->O            16   1.106   0.879  Addr_0_IBUF (Addr_0_IBUF)
     RAM16X1S:A0->O        1   1.065   0.357  Mram_RWM1 (Data_0_IOBUF)
     IOBUF:I->IO               3.169          Data_0_IOBUF (Data<0>)
    ----------------------------------------
    Total                      6.576ns (5.340ns logic, 1.236ns route)
                                       (81.2% logic, 18.8% route)

=========================================================================


Total REAL time to Xst completion: 5.00 secs
Total CPU time to Xst completion: 4.28 secs
 
--> 

Total memory usage is 214096 kilobytes

Number of errors   :    0 (   0 filtered)
Number of warnings :    0 (   0 filtered)
Number of infos    :    1 (   0 filtered)

