#
# A fatal error has been detected by the Java Runtime Environment:
#
#  EXCEPTION_ACCESS_VIOLATION (0xc0000005) at pc=0x000007f899ea1355, pid=4972, tid=9892
#
# JRE version: 7.0_17-b02
# Java VM: Java HotSpot(TM) 64-Bit Server VM (23.7-b01 mixed mode windows-amd64 compressed oops)
# Problematic frame:
# C  [msvcrt.dll+0x1355]  free_dbg+0x5
#
# Failed to write core dump. Minidumps are not enabled by default on client versions of Windows
#
# If you would like to submit a bug report, please visit:
#   http://bugreport.sun.com/bugreport/crash.jsp
# The crash happened outside the Java Virtual Machine in native code.
# See problematic frame for where to report the bug.
#

---------------  T H R E A D  ---------------

Current thread (0x000000002fd6b800):  JavaThread "Swing-Shell" daemon [_thread_in_native, id=9892, stack(0x0000000030cd0000,0x0000000030fd0000)]

siginfo: ExceptionCode=0xc0000005, reading address 0x00000000000000c5

Registers:
RAX=0x00000000000000c5, RBX=0x000007f89a117ec0, RCX=0x000000002e67e33c, RDX=0x000007f86ba9e3e4
RSP=0x0000000030fcc458, RBP=0x0000000030fcc560, RSI=0x0000000080040111, RDI=0x0000000000000000
R8 =0x0000000000000010, R9 =0x0000000000000000, R10=0x000000002e67e33c, R11=0x000007f8996215f8
R12=0x000007f89a117eb0, R13=0x0000000030fcca28, R14=0x000000002e67e33c, R15=0x0000000000000000
RIP=0x000007f899ea1355, EFLAGS=0x0000000000010293

Top of Stack: (sp=0x0000000030fcc458)
0x0000000030fcc458:   000007f89a0b28e6 0000000000000002
0x0000000030fcc468:   0000000030fcc5b8 0000000000000a00
0x0000000030fcc478:   0000000030fcc5b8 000000000000004e
0x0000000030fcc488:   0000000030fcc620 0000000100000000
0x0000000030fcc498:   000007f89a12be88 0000000000000401
0x0000000030fcc4a8:   0000000000000000 0000000000000000
0x0000000030fcc4b8:   0000000030fcc540 004600460044007b
0x0000000030fcc4c8:   0043004400430041 00370036002d0035
0x0000000030fcc4d8:   0034002d00460039 002d003600350031
0x0000000030fcc4e8:   0037003400390038 004300350043002d
0x0000000030fcc4f8:   0043004200360037 0037003600420030
0x0000000030fcc508:   00000000007d0046 000000002e660000
0x0000000030fcc518:   0000000030fcc620 0000000000000000
0x0000000030fcc528:   000007f89a1208e8 0000000000000027
0x0000000030fcc538:   000007f89a0d3c14 0000000000000001
0x0000000030fcc548:   0000000000008000 fffffffffffffffe 

Instructions: (pc=0x000007f899ea1355)
0x000007f899ea1335:   3a 04 0a 75 1b 48 ff c1 49 ff c8 f6 c1 07 75 ee
0x000007f899ea1345:   eb 87 cc 90 90 90 90 90 90 90 90 48 b8 60 81 91
0x000007f899ea1355:   0a 00 00 00 00 ff e0 90 90 90 90 90 90 90 90 48
0x000007f899ea1365:   b8 60 73 91 0a 00 00 00 00 ff e0 83 ec 20 48 83 


Register to memory mapping:

RAX=0x00000000000000c5 is an unknown value
RBX=0x000007f89a117ec0 is an unknown value
RCX=0x000000002e67e33c is an unknown value
RDX=0x000007f86ba9e3e4 is an unknown value
RSP=0x0000000030fcc458 is pointing into the stack for thread: 0x000000002fd6b800
RBP=0x0000000030fcc560 is pointing into the stack for thread: 0x000000002fd6b800
RSI=0x0000000080040111 is an unknown value
RDI=0x0000000000000000 is an unknown value
R8 =0x0000000000000010 is an unknown value
R9 =0x0000000000000000 is an unknown value
R10=0x000000002e67e33c is an unknown value
R11=0x000007f8996215f8 is an unknown value
R12=0x000007f89a117eb0 is an unknown value
R13=0x0000000030fcca28 is pointing into the stack for thread: 0x000000002fd6b800
R14=0x000000002e67e33c is an unknown value
R15=0x0000000000000000 is an unknown value


Stack: [0x0000000030cd0000,0x0000000030fd0000],  sp=0x0000000030fcc458,  free space=3057k
Native frames: (J=compiled Java code, j=interpreted, Vv=VM code, C=native code)
C  [msvcrt.dll+0x1355]  free_dbg+0x5

Java frames: (J=compiled Java code, j=interpreted, Vv=VM code)
j  sun.awt.shell.Win32ShellFolder2.getDisplayNameOf(JJI)Ljava/lang/String;+0
j  sun.awt.shell.Win32ShellFolder2.getFileSystemPath(JJ)Ljava/lang/String;+66
j  sun.awt.shell.Win32ShellFolder2.access$400(JJ)Ljava/lang/String;+2
j  sun.awt.shell.Win32ShellFolder2$10.call()Lsun/awt/shell/Win32ShellFolder2;+50
j  sun.awt.shell.Win32ShellFolder2$10.call()Ljava/lang/Object;+1
j  java.util.concurrent.FutureTask$Sync.innerRun()V+29
j  java.util.concurrent.FutureTask.run()V+4
j  java.util.concurrent.ThreadPoolExecutor.runWorker(Ljava/util/concurrent/ThreadPoolExecutor$Worker;)V+95
j  java.util.concurrent.ThreadPoolExecutor$Worker.run()V+5
j  sun.awt.shell.Win32ShellFolderManager2$ComInvoker$3.run()V+7
j  java.lang.Thread.run()V+11
v  ~StubRoutines::call_stub

---------------  P R O C E S S  ---------------

Java Threads: ( => current thread )
=>0x000000002fd6b800 JavaThread "Swing-Shell" daemon [_thread_in_native, id=9892, stack(0x0000000030cd0000,0x0000000030fd0000)]
  0x00000000300c1800 JavaThread "HFileChooser Load File/Folder Choosers Thread" [_thread_blocked, id=5428, stack(0x00000000309d0000,0x0000000030cd0000)]
  0x000000003033d000 JavaThread "Monitor File Timestamp" [_thread_blocked, id=6896, stack(0x0000000029900000,0x0000000029c00000)]
  0x000000002eb5d000 JavaThread "Image Fetcher 3" daemon [_thread_blocked, id=8260, stack(0x000000002f1d0000,0x000000002f4d0000)]
  0x000000002eb60800 JavaThread "Image Fetcher 2" daemon [_thread_blocked, id=8216, stack(0x000000002eed0000,0x000000002f1d0000)]
  0x000000002eb44000 JavaThread "Image Fetcher 1" daemon [_thread_blocked, id=9904, stack(0x000000002ebd0000,0x000000002eed0000)]
  0x000000002a271800 JavaThread "D3D Screen Updater" daemon [_thread_blocked, id=3632, stack(0x000000002e7d0000,0x000000002ead0000)]
  0x000000002a7b3800 JavaThread "Image Fetcher 0" daemon [_thread_blocked, id=3380, stack(0x000000002b830000,0x000000002bb30000)]
  0x0000000019e12800 JavaThread "AWT-EventQueue-1" [_thread_in_vm, id=264, stack(0x000000002ae80000,0x000000002b180000)]
  0x0000000019e17800 JavaThread "Process Messages" [_thread_blocked, id=6140, stack(0x000000002ab80000,0x000000002ae80000)]
  0x0000000019e38800 JavaThread "Thread-3" [_thread_blocked, id=9396, stack(0x0000000003c20000,0x0000000005020000)]
  0x000000002a6e7800 JavaThread "AWT-EventQueue-0" [_thread_blocked, id=9552, stack(0x000000002a880000,0x000000002ab80000)]
  0x000000002858a800 JavaThread "AWT-Windows" daemon [_thread_in_native, id=2364, stack(0x00000000293f0000,0x00000000296f0000)]
  0x000000002858b000 JavaThread "AWT-Shutdown" [_thread_blocked, id=6344, stack(0x00000000290f0000,0x00000000293f0000)]
  0x0000000028581000 JavaThread "Java2D Disposer" daemon [_thread_blocked, id=10092, stack(0x0000000028df0000,0x00000000290f0000)]
  0x0000000028543000 JavaThread "TimerQueue" daemon [_thread_blocked, id=10208, stack(0x0000000028af0000,0x0000000028df0000)]
  0x0000000025b90800 JavaThread "Service Thread" daemon [_thread_blocked, id=8172, stack(0x0000000026f60000,0x0000000027260000)]
  0x0000000025b05000 JavaThread "C1 CompilerThread2" daemon [_thread_in_native, id=9340, stack(0x0000000026e60000,0x0000000026f60000)]
  0x0000000025b00800 JavaThread "C2 CompilerThread1" daemon [_thread_blocked, id=3008, stack(0x0000000026d60000,0x0000000026e60000)]
  0x0000000025a71000 JavaThread "C2 CompilerThread0" daemon [_thread_blocked, id=7340, stack(0x0000000026c60000,0x0000000026d60000)]
  0x0000000025af1800 JavaThread "Attach Listener" daemon [_thread_blocked, id=1680, stack(0x0000000026960000,0x0000000026c60000)]
  0x0000000025c32000 JavaThread "Signal Dispatcher" daemon [_thread_blocked, id=3432, stack(0x0000000026660000,0x0000000026960000)]
  0x0000000025c34000 JavaThread "Surrogate Locker Thread (Concurrent GC)" daemon [_thread_blocked, id=7660, stack(0x0000000026360000,0x0000000026660000)]
  0x0000000025a95800 JavaThread "Finalizer" daemon [_thread_blocked, id=3776, stack(0x0000000026060000,0x0000000026360000)]
  0x0000000025a97000 JavaThread "Reference Handler" daemon [_thread_blocked, id=3012, stack(0x0000000025d60000,0x0000000026060000)]
  0x0000000019e7b000 JavaThread "main" [_thread_blocked, id=5192, stack(0x0000000019f80000,0x000000001a080000)]

Other Threads:
  0x0000000020b52000 VMThread [stack: 0x0000000025c60000,0x0000000025d60000] [id=9008]
  0x0000000020ad1800 WatcherThread [stack: 0x0000000027260000,0x0000000027360000] [id=5364]

VM state:not at safepoint (normal execution)

VM Mutex/Monitor currently owned by a thread: None

Heap
 par new generation   total 55296K, used 19026K [0x0000000778000000, 0x000000077bc00000, 0x000000077bc00000)
  eden space 49152K,  26% used [0x0000000778000000, 0x0000000778c949a8, 0x000000077b000000)
  from space 6144K, 100% used [0x000000077b000000, 0x000000077b600000, 0x000000077b600000)
  to   space 6144K,   0% used [0x000000077b600000, 0x000000077b600000, 0x000000077bc00000)
 concurrent mark-sweep generation total 69632K, used 10816K [0x000000077bc00000, 0x0000000780000000, 0x00000007f8000000)
 concurrent-mark-sweep perm gen total 131072K, used 26125K [0x00000007f8000000, 0x0000000800000000, 0x0000000800000000)

Card table byte_map: [0x0000000020620000,0x0000000020a70000] byte_map_base: 0x000000001ca60000

Polling page: 0x000000001a080000

Code Cache  [0x000000001a0a0000, 0x000000001a6a0000, 0x00000000200a0000)
 total_blobs=2157 nmethods=1569 adapters=505 free_code_cache=92321Kb largest_free_block=94435776

Compilation events (10 events):
Event: 2.818 Thread 0x0000000025b05000 nmethod 1817 0x000000001a20d550 code [0x000000001a20d700, 0x000000001a20dda8]
Event: 2.822 Thread 0x0000000025a71000 nmethod 1818 0x000000001a59c810 code [0x000000001a59c9e0, 0x000000001a59d730]
Event: 2.825 Thread 0x0000000025b05000 1821       3       java.util.ArrayList::toArray (60 bytes)
Event: 2.826 Thread 0x0000000025b05000 nmethod 1821 0x000000001a635390 code [0x000000001a635520, 0x000000001a635af8]
Event: 2.826 Thread 0x0000000025b05000 1822       3       java.lang.Integer::stringSize (21 bytes)
Event: 2.826 Thread 0x0000000025b05000 nmethod 1822 0x000000001a62d150 code [0x000000001a62d2c0, 0x000000001a62d4f0]
Event: 2.826 Thread 0x0000000025b05000 1823       3       java.lang.Integer::getChars (131 bytes)
Event: 2.826 Thread 0x0000000025b05000 nmethod 1823 0x000000001a59e6d0 code [0x000000001a59e880, 0x000000001a59ed30]
Event: 2.835 Thread 0x0000000025b00800 1824       4       java.util.concurrent.locks.ReentrantLock::unlock (10 bytes)
Event: 2.836 Thread 0x0000000025b00800 nmethod 1824 0x000000001a635010 code [0x000000001a635160, 0x000000001a635268]

GC Heap History (4 events):
Event: 0.981 GC heap before
{Heap before GC invocations=0 (full 0):
 par new generation   total 55296K, used 49152K [0x0000000778000000, 0x000000077bc00000, 0x000000077bc00000)
  eden space 49152K, 100% used [0x0000000778000000, 0x000000077b000000, 0x000000077b000000)
  from space 6144K,   0% used [0x000000077b000000, 0x000000077b000000, 0x000000077b600000)
  to   space 6144K,   0% used [0x000000077b600000, 0x000000077b600000, 0x000000077bc00000)
 concurrent mark-sweep generation total 69632K, used 0K [0x000000077bc00000, 0x0000000780000000, 0x00000007f8000000)
 concurrent-mark-sweep perm gen total 131072K, used 13031K [0x00000007f8000000, 0x0000000800000000, 0x0000000800000000)
Event: 0.994 GC heap after
Heap after GC invocations=1 (full 0):
 par new generation   total 55296K, used 6144K [0x0000000778000000, 0x000000077bc00000, 0x000000077bc00000)
  eden space 49152K,   0% used [0x0000000778000000, 0x0000000778000000, 0x000000077b000000)
  from space 6144K, 100% used [0x000000077b600000, 0x000000077bc00000, 0x000000077bc00000)
  to   space 6144K,   0% used [0x000000077b000000, 0x000000077b000000, 0x000000077b600000)
 concurrent mark-sweep generation total 69632K, used 545K [0x000000077bc00000, 0x0000000780000000, 0x00000007f8000000)
 concurrent-mark-sweep perm gen total 131072K, used 13031K [0x00000007f8000000, 0x0000000800000000, 0x0000000800000000)
}
Event: 2.440 GC heap before
{Heap before GC invocations=1 (full 0):
 par new generation   total 55296K, used 55296K [0x0000000778000000, 0x000000077bc00000, 0x000000077bc00000)
  eden space 49152K, 100% used [0x0000000778000000, 0x000000077b000000, 0x000000077b000000)
  from space 6144K, 100% used [0x000000077b600000, 0x000000077bc00000, 0x000000077bc00000)
  to   space 6144K,   0% used [0x000000077b000000, 0x000000077b000000, 0x000000077b600000)
 concurrent mark-sweep generation total 69632K, used 545K [0x000000077bc00000, 0x0000000780000000, 0x00000007f8000000)
 concurrent-mark-sweep perm gen total 131072K, used 22964K [0x00000007f8000000, 0x0000000800000000, 0x0000000800000000)
Event: 2.491 GC heap after
Heap after GC invocations=2 (full 0):
 par new generation   total 55296K, used 6144K [0x0000000778000000, 0x000000077bc00000, 0x000000077bc00000)
  eden space 49152K,   0% used [0x0000000778000000, 0x0000000778000000, 0x000000077b000000)
  from space 6144K, 100% used [0x000000077b000000, 0x000000077b600000, 0x000000077b600000)
  to   space 6144K,   0% used [0x000000077b600000, 0x000000077b600000, 0x000000077bc00000)
 concurrent mark-sweep generation total 69632K, used 10816K [0x000000077bc00000, 0x0000000780000000, 0x00000007f8000000)
 concurrent-mark-sweep perm gen total 131072K, used 22964K [0x00000007f8000000, 0x0000000800000000, 0x0000000800000000)
}

Deoptimization events (10 events):
Event: 2.677 Thread 0x0000000019e12800 Uncommon trap -83 fr.pc 0x000000001a40cc68
Event: 2.719 Thread 0x0000000019e12800 Uncommon trap -83 fr.pc 0x000000001a68f204
Event: 2.743 Thread 0x0000000019e12800 Uncommon trap -34 fr.pc 0x000000001a29949c
Event: 2.759 Thread 0x0000000019e12800 Uncommon trap -34 fr.pc 0x000000001a3627c0
Event: 2.791 Thread 0x00000000300c1800 Uncommon trap -83 fr.pc 0x000000001a63247c
Event: 2.798 Thread 0x00000000300c1800 Uncommon trap -58 fr.pc 0x000000001a4c2554
Event: 2.801 Thread 0x00000000300c1800 Uncommon trap -58 fr.pc 0x000000001a4c2554
Event: 2.802 Thread 0x00000000300c1800 Uncommon trap -58 fr.pc 0x000000001a4c2554
Event: 2.802 Thread 0x00000000300c1800 Uncommon trap -58 fr.pc 0x000000001a4c2554
Event: 2.824 Thread 0x00000000300c1800 Uncommon trap 668 fr.pc 0x000000001a5ef454

Internal exceptions (10 events):
Event: 2.782 Thread 0x0000000019e12800 Threw 0x0000000778a8c468 at C:\jdk7u2_64p\jdk7u17\hotspot\src\share\vm\prims\jvm.cpp:1166
Event: 2.783 Thread 0x0000000019e12800 Threw 0x0000000778a97fd8 at C:\jdk7u2_64p\jdk7u17\hotspot\src\share\vm\prims\jvm.cpp:1166
Event: 2.784 Thread 0x0000000019e12800 Threw 0x0000000778a9c6a8 at C:\jdk7u2_64p\jdk7u17\hotspot\src\share\vm\prims\jvm.cpp:1166
Event: 2.786 Thread 0x0000000019e12800 Threw 0x0000000778ab1ba0 at C:\jdk7u2_64p\jdk7u17\hotspot\src\share\vm\prims\jvm.cpp:1166
Event: 2.787 Thread 0x00000000300c1800 Threw 0x0000000778ae4c58 at C:\jdk7u2_64p\jdk7u17\hotspot\src\share\vm\prims\jvm.cpp:1166
Event: 2.788 Thread 0x0000000019e12800 Threw 0x0000000778ab81b8 at C:\jdk7u2_64p\jdk7u17\hotspot\src\share\vm\prims\jvm.cpp:1166
Event: 2.788 Thread 0x00000000300c1800 Threw 0x0000000778ae8330 at C:\jdk7u2_64p\jdk7u17\hotspot\src\share\vm\prims\jvm.cpp:1166
Event: 2.789 Thread 0x0000000019e12800 Threw 0x0000000778b0a068 at C:\jdk7u2_64p\jdk7u17\hotspot\src\share\vm\prims\jvm.cpp:1166
Event: 2.797 Thread 0x00000000300c1800 Threw 0x0000000778af1920 at C:\jdk7u2_64p\jdk7u17\hotspot\src\share\vm\prims\jvm.cpp:1166
Event: 2.798 Thread 0x00000000300c1800 Threw 0x0000000778af40b0 at C:\jdk7u2_64p\jdk7u17\hotspot\src\share\vm\prims\jvm.cpp:1166

Events (10 events):
Event: 2.832 loading class 0x000000002fc62a80
Event: 2.832 loading class 0x000000002fc62a80 done
Event: 2.833 loading class 0x000000002fc62bd0
Event: 2.833 loading class 0x000000002fc62bd0 done
Event: 2.834 loading class 0x000000002fc62c30
Event: 2.835 loading class 0x000000002fc62c30 done
Event: 2.836 loading class 0x000000002fc62a20
Event: 2.836 loading class 0x000000002fc62a20 done
Event: 2.836 loading class 0x000000002fc62cf0
Event: 2.836 loading class 0x000000002fc62cf0 done


Dynamic libraries:
0x0000000140000000 - 0x000000014000e000 	C:\Xilinx\14.6\ISE_DS\PlanAhead\bin\unwrapped\win64.o\planAhead.exe
0x000007f89b810000 - 0x000007f89b9ce000 	C:\Windows\SYSTEM32\ntdll.dll
0x000007f899d50000 - 0x000007f899e86000 	C:\Windows\system32\KERNEL32.DLL
0x000007f8987b0000 - 0x000007f8988a3000 	C:\Windows\system32\KERNELBASE.dll
0x000000000a900000 - 0x000000000a945000 	C:\Xilinx\14.6\ISE_DS\PlanAhead\lib\win64.o\SHSMP64.dll
0x0000000180000000 - 0x0000000180013000 	C:\Xilinx\14.6\ISE_DS\PlanAhead\lib\win64.o\libboost_signals.dll
0x0000000000340000 - 0x0000000000bc1000 	C:\Xilinx\14.6\ISE_DS\PlanAhead\lib\win64.o\librdi_common.dll
0x0000000000170000 - 0x0000000000186000 	C:\Xilinx\14.6\ISE_DS\PlanAhead\lib\win64.o\librdi_commonmain.dll
0x0000000000bd0000 - 0x0000000000cbe000 	C:\Xilinx\14.6\ISE_DS\PlanAhead\lib\win64.o\stlport.5.2.dll
0x0000000071620000 - 0x00000000716c3000 	C:\Windows\WinSxS\amd64_microsoft.vc90.crt_1fc8b3b9a1e18e3b_9.0.30729.6871_none_08e717a5a83adddf\MSVCR90.dll
0x000007f89b6c0000 - 0x000007f89b80c000 	C:\Windows\system32\USER32.dll
0x000007f899c70000 - 0x000007f899d4e000 	C:\Windows\system32\ADVAPI32.dll
0x000007f895d40000 - 0x000007f895d49000 	C:\Windows\SYSTEM32\VERSION.dll
0x0000000000d00000 - 0x0000000000fe9000 	C:\Xilinx\14.6\ISE_DS\PlanAhead\lib\win64.o\libCOIN-all.dll
0x0000000000ff0000 - 0x00000000011a5000 	C:\Xilinx\14.6\ISE_DS\PlanAhead\lib\win64.o\libSecurity.dll
0x00000000001a0000 - 0x00000000001af000 	C:\Xilinx\14.6\ISE_DS\PlanAhead\lib\win64.o\libboost_date_time.dll
0x00000000011b0000 - 0x00000000011d7000 	C:\Xilinx\14.6\ISE_DS\PlanAhead\lib\win64.o\libboost_filesystem.dll
0x00000000011e0000 - 0x0000000001251000 	C:\Xilinx\14.6\ISE_DS\PlanAhead\lib\win64.o\libboost_program_options.dll
0x0000000001260000 - 0x000000000130f000 	C:\Xilinx\14.6\ISE_DS\PlanAhead\lib\win64.o\libboost_regex.dll
0x00000000001b0000 - 0x00000000001b9000 	C:\Xilinx\14.6\ISE_DS\PlanAhead\lib\win64.o\libboost_system.dll
0x0000000001310000 - 0x0000000001326000 	C:\Xilinx\14.6\ISE_DS\PlanAhead\lib\win64.o\libboost_thread.dll
0x0000000001330000 - 0x0000000001373000 	C:\Xilinx\14.6\ISE_DS\PlanAhead\lib\win64.o\libcurl.dll
0x0000000001380000 - 0x0000000001403000 	C:\Xilinx\14.6\ISE_DS\PlanAhead\lib\win64.o\libhdlpsolve.dll
0x0000000001410000 - 0x00000000014c7000 	C:\Xilinx\14.6\ISE_DS\PlanAhead\lib\win64.o\libhdxml.dll
0x00000000014d0000 - 0x0000000001a130d3 	C:\Xilinx\14.6\ISE_DS\PlanAhead\lib\win64.o\libisl_iostreams.dll
0x0000000001a20000 - 0x0000000001a49000 	C:\Xilinx\14.6\ISE_DS\PlanAhead\lib\win64.o\libisl_sysinfo.dll
0x0000000070180000 - 0x000000007089f000 	C:\Xilinx\14.6\ISE_DS\PlanAhead\tps\win64\jre\bin\server\jvm.dll
0x0000000001a50000 - 0x0000000001a62000 	C:\Xilinx\14.6\ISE_DS\PlanAhead\lib\win64.o\pthreadVC.dll
0x0000000001a70000 - 0x0000000001a86000 	C:\Xilinx\14.6\ISE_DS\PlanAhead\lib\win64.o\librdiconfig.dll
0x0000000001a90000 - 0x0000000001aae000 	C:\Xilinx\14.6\ISE_DS\PlanAhead\lib\win64.o\librdizlib.dll
0x0000000010000000 - 0x000000001012a000 	C:\Xilinx\14.6\ISE_DS\PlanAhead\lib\win64.o\tcl85t.dll
0x0000000012000000 - 0x0000000012282000 	C:\Xilinx\14.6\ISE_DS\PlanAhead\lib\win64.o\xerces-c_3_1.dll
0x000007f899e90000 - 0x000007f899e97000 	C:\Windows\system32\PSAPI.DLL
0x000007f898d20000 - 0x000007f898f4d000 	C:\Windows\system32\WININET.dll
0x000007f892f50000 - 0x000007f893001000 	C:\Windows\SYSTEM32\WINHTTP.dll
0x000007f899f50000 - 0x000007f89a0a9000 	C:\Windows\system32\urlmon.dll
0x000007f891e10000 - 0x000007f891e19000 	C:\Windows\SYSTEM32\WSOCK32.dll
0x0000000071540000 - 0x0000000071613000 	C:\Windows\WinSxS\amd64_microsoft.vc90.crt_1fc8b3b9a1e18e3b_9.0.30729.6871_none_08e717a5a83adddf\MSVCP90.dll
0x000007f89a0b0000 - 0x000007f89b38e000 	C:\Windows\system32\SHELL32.dll
0x000007f899480000 - 0x000007f8995c0000 	C:\Windows\system32\GDI32.dll
0x000007f899ea0000 - 0x000007f899f45000 	C:\Windows\system32\msvcrt.dll
0x000007f8995c0000 - 0x000007f899608000 	C:\Windows\SYSTEM32\sechost.dll
0x000007f89b3a0000 - 0x000007f89b4e0000 	C:\Windows\system32\RPCRT4.dll
0x000007f8970b0000 - 0x000007f8970c5000 	C:\Windows\SYSTEM32\NETAPI32.dll
0x000007f898c20000 - 0x000007f898cc1000 	C:\Windows\system32\COMDLG32.dll
0x000007f898b70000 - 0x000007f898c14000 	C:\Windows\WinSxS\amd64_microsoft.windows.common-controls_6595b64144ccf1df_5.82.9200.16384_none_7762d5fd3178b04e\COMCTL32.dll
0x0000000001b50000 - 0x0000000001b5c000 	C:\Xilinx\14.6\ISE_DS\PlanAhead\lib\win64.o\libboost_chrono.dll
0x000007f899a70000 - 0x000007f899ac8000 	C:\Windows\system32\WS2_32.dll
0x000007f899a10000 - 0x000007f899a6e000 	C:\Windows\system32\WLDAP32.dll
0x0000000001b90000 - 0x0000000001ba9000 	C:\Xilinx\14.6\ISE_DS\PlanAhead\lib\win64.o\libboost_iostreams.dll
0x000007f88ec50000 - 0x000007f88ec70000 	C:\Windows\SYSTEM32\WINMM.dll
0x00000000700a0000 - 0x0000000070172000 	C:\Windows\SYSTEM32\MSVCR100.dll
0x000007f899660000 - 0x000007f8998ec000 	C:\Windows\system32\iertutil.dll
0x000007f8992d0000 - 0x000007f899480000 	C:\Windows\SYSTEM32\combase.dll
0x000007f899150000 - 0x000007f8992ce000 	C:\Windows\system32\ole32.dll
0x000007f899610000 - 0x000007f899660000 	C:\Windows\system32\SHLWAPI.dll
0x000007f8979f0000 - 0x000007f8979fe000 	C:\Windows\SYSTEM32\netutils.dll
0x000007f8982a0000 - 0x000007f8982c4000 	C:\Windows\SYSTEM32\srvcli.dll
0x000007f897070000 - 0x000007f897085000 	C:\Windows\SYSTEM32\wkscli.dll
0x000007f898cd0000 - 0x000007f898cd9000 	C:\Windows\system32\NSI.dll
0x000007f88ec10000 - 0x000007f88ec42000 	C:\Windows\SYSTEM32\WINMMBASE.dll
0x000007f896280000 - 0x000007f896316000 	C:\Windows\SYSTEM32\SHCORE.DLL
0x000007f898ce0000 - 0x000007f898d19000 	C:\Windows\system32\IMM32.DLL
0x000007f8998f0000 - 0x000007f899a05000 	C:\Windows\system32\MSCTF.dll
0x0000000005020000 - 0x0000000005313000 	C:\Xilinx\14.6\ISE_DS\PlanAhead\lib\win64.o\librdi_commontasks.dll
0x0000000005b20000 - 0x0000000006160000 	C:\Xilinx\14.6\ISE_DS\PlanAhead\lib\win64.o\librdi_coretasks.dll
0x0000000006160000 - 0x0000000006327000 	C:\Xilinx\14.6\ISE_DS\PlanAhead\lib\win64.o\librdi_chipscope.dll
0x0000000006330000 - 0x0000000007350000 	C:\Xilinx\14.6\ISE_DS\PlanAhead\lib\win64.o\librdi_constraints.dll
0x0000000007350000 - 0x000000000861c000 	C:\Xilinx\14.6\ISE_DS\PlanAhead\lib\win64.o\librdi_coregen.dll
0x000000000a950000 - 0x000000000dfa1000 	C:\Xilinx\14.6\ISE_DS\PlanAhead\lib\win64.o\librdi_designutils.dll
0x0000000008620000 - 0x00000000091fa000 	C:\Xilinx\14.6\ISE_DS\PlanAhead\lib\win64.o\librdi_device.dll
0x0000000009200000 - 0x0000000009514000 	C:\Xilinx\14.6\ISE_DS\PlanAhead\lib\win64.o\librdi_drc.dll
0x0000000009520000 - 0x00000000097ae000 	C:\Xilinx\14.6\ISE_DS\PlanAhead\lib\win64.o\librdi_filemgmt.dll
0x00000000097b0000 - 0x0000000009b86000 	C:\Xilinx\14.6\ISE_DS\PlanAhead\lib\win64.o\librdi_netlist.dll
0x000000000dfb0000 - 0x000000000f0d3000 	C:\Xilinx\14.6\ISE_DS\PlanAhead\lib\win64.o\librdi_place.dll
0x0000000009b90000 - 0x000000000a0b2000 	C:\Xilinx\14.6\ISE_DS\PlanAhead\lib\win64.o\librdi_power.dll
0x000000000a0c0000 - 0x000000000a473000 	C:\Xilinx\14.6\ISE_DS\PlanAhead\lib\win64.o\librdi_project.dll
0x000000000f0e0000 - 0x000000000f67d000 	C:\Xilinx\14.6\ISE_DS\PlanAhead\lib\win64.o\librdi_rsb.dll
0x000000000a480000 - 0x000000000a878000 	C:\Xilinx\14.6\ISE_DS\PlanAhead\lib\win64.o\librdi_runs.dll
0x0000000010130000 - 0x0000000010c08000 	C:\Xilinx\14.6\ISE_DS\PlanAhead\lib\win64.o\librdi_timing.dll
0x00000000036c0000 - 0x000000000372e000 	C:\Xilinx\14.6\ISE_DS\PlanAhead\lib\win64.o\liblmx6.0.dll
0x0000000003660000 - 0x0000000003668000 	C:\Xilinx\14.6\ISE_DS\PlanAhead\lib\win64.o\libpsta_dllwrapper.dll
0x000000000f680000 - 0x000000000fe4f000 	C:\Xilinx\14.6\ISE_DS\PlanAhead\lib\win64.o\librdi_coregenipxact.dll
0x0000000010c10000 - 0x00000000113b0000 	C:\Xilinx\14.6\ISE_DS\PlanAhead\lib\win64.o\libverific.dll
0x000000000a880000 - 0x000000000a8fd000 	C:\Xilinx\14.6\ISE_DS\PlanAhead\lib\win64.o\libboost_serialization.dll
0x00000000113b0000 - 0x00000000118f4000 	C:\Xilinx\14.6\ISE_DS\PlanAhead\lib\win64.o\librdi_xdm.dll
0x000000000fe80000 - 0x000000000ff10000 	C:\Xilinx\14.6\ISE_DS\PlanAhead\lib\win64.o\libise.dll
0x0000000011900000 - 0x0000000011edc000 	C:\Xilinx\14.6\ISE_DS\PlanAhead\lib\win64.o\librdi_abc_nomp.dll
0x0000000012290000 - 0x00000000123b8000 	C:\Xilinx\14.6\ISE_DS\PlanAhead\lib\win64.o\librdi_dlyest.dll
0x000000000ff10000 - 0x000000000ff2a000 	C:\Xilinx\14.6\ISE_DS\PlanAhead\lib\win64.o\librdi_hmetis.dll
0x0000000070080000 - 0x0000000070091000 	C:\Windows\WinSxS\amd64_microsoft.vc90.openmp_1fc8b3b9a1e18e3b_9.0.30729.6161_none_390d35aa0a1f21f9\VCOMP90.DLL
0x00000000123c0000 - 0x00000000129ae000 	C:\Xilinx\14.6\ISE_DS\PlanAhead\lib\win64.o\librdi_route.dll
0x00000000129b0000 - 0x0000000012bda000 	C:\Xilinx\14.6\ISE_DS\PlanAhead\lib\win64.o\librdi_labtools.dll
0x0000000012be0000 - 0x000000001311b000 	C:\Xilinx\14.6\ISE_DS\PlanAhead\lib\win64.o\librdi_memdata.dll
0x0000000013120000 - 0x000000001484f000 	C:\Xilinx\14.6\ISE_DS\PlanAhead\lib\win64.o\librdi_synth.dll
0x0000000014850000 - 0x0000000014c8e000 	C:\Xilinx\14.6\ISE_DS\PlanAhead\lib\win64.o\librdi_ip.dll
0x0000000011f20000 - 0x0000000011f5d000 	C:\Xilinx\14.6\ISE_DS\PlanAhead\lib\win64.o\librdi_simbridge_kernel.dll
0x0000000014c90000 - 0x0000000015106000 	C:\Xilinx\14.6\ISE_DS\PlanAhead\lib\win64.o\librdi_wavedata.dll
0x0000000016410000 - 0x00000000184c8000 	C:\Xilinx\14.6\ISE_DS\PlanAhead\lib\win64.o\librdi_tcltasks.dll
0x00000000184d0000 - 0x0000000018744000 	C:\Xilinx\14.6\ISE_DS\PlanAhead\lib\win64.o\librdi_bitstream.dll
0x0000000018750000 - 0x0000000018824000 	C:\Xilinx\14.6\ISE_DS\PlanAhead\lib\win64.o\librdi_dsp.dll
0x0000000018830000 - 0x000000001889e000 	C:\Xilinx\14.6\ISE_DS\PlanAhead\lib\win64.o\librdi_edk.dll
0x00000000188a0000 - 0x0000000018aae000 	C:\Xilinx\14.6\ISE_DS\PlanAhead\lib\win64.o\librdi_simdata.dll
0x0000000018db0000 - 0x0000000018f06000 	C:\Xilinx\14.6\ISE_DS\PlanAhead\lib\win64.o\librdi_planaheadtasks.dll
0x0000000018f20000 - 0x0000000019d68000 	C:\Xilinx\14.6\ISE_DS\PlanAhead\lib\win64.o\librdi_ipservicestasks.dll
0x0000000070070000 - 0x000000007007f000 	C:\Xilinx\14.6\ISE_DS\PlanAhead\tps\win64\jre\bin\verify.dll
0x0000000070040000 - 0x0000000070068000 	C:\Xilinx\14.6\ISE_DS\PlanAhead\tps\win64\jre\bin\java.dll
0x0000000070020000 - 0x0000000070035000 	C:\Xilinx\14.6\ISE_DS\PlanAhead\tps\win64\jre\bin\zip.dll
0x0000000070000000 - 0x0000000070019000 	C:\Xilinx\14.6\ISE_DS\PlanAhead\tps\win64\jre\bin\net.dll
0x000007f897f30000 - 0x000007f897f8c000 	C:\Windows\system32\mswsock.dll
0x000000006ffe0000 - 0x000000006fff1000 	C:\Xilinx\14.6\ISE_DS\PlanAhead\tps\win64\jre\bin\nio.dll
0x0000000027660000 - 0x0000000027946000 	C:\Xilinx\14.6\ISE_DS\PlanAhead\lib\win64.o\librdi_fed.dll
0x0000000027960000 - 0x0000000027bc1000 	C:\Xilinx\14.6\ISE_DS\PlanAhead\lib\win64.o\librdi_guitools.dll
0x0000000027be0000 - 0x0000000027be7000 	C:\Xilinx\14.6\ISE_DS\PlanAhead\lib\win64.o\librdi_commonx11.dll
0x0000000027c00000 - 0x0000000027fee000 	C:\Xilinx\14.6\ISE_DS\PlanAhead\lib\win64.o\librdi_rsbtasks.dll
0x0000000028100000 - 0x0000000028349000 	C:\Xilinx\14.6\ISE_DS\PlanAhead\lib\win64.o\librdi_labtoolstasks.dll
0x0000000028360000 - 0x0000000028518000 	C:\Xilinx\14.6\ISE_DS\PlanAhead\lib\win64.o\librdi_simtcltasks.dll
0x000000006fe40000 - 0x000000006ffd3000 	C:\Xilinx\14.6\ISE_DS\PlanAhead\tps\win64\jre\bin\awt.dll
0x000007f899060000 - 0x000007f899123000 	C:\Windows\system32\OLEAUT32.dll
0x000007f893510000 - 0x000007f8935af000 	C:\Windows\system32\apphelp.dll
0x000007f897570000 - 0x000007f897656000 	C:\Windows\system32\uxtheme.dll
0x000007f896090000 - 0x000007f8960b1000 	C:\Windows\SYSTEM32\dwmapi.dll
0x000007f898520000 - 0x000007f89852a000 	C:\Windows\SYSTEM32\CRYPTBASE.dll
0x000007f8984c0000 - 0x000007f89851c000 	C:\Windows\SYSTEM32\bcryptPrimitives.dll
0x000007f897f90000 - 0x000007f897faa000 	C:\Windows\SYSTEM32\CRYPTSP.dll
0x000007f897c10000 - 0x000007f897c59000 	C:\Windows\system32\rsaenh.dll
0x000007f897d10000 - 0x000007f897d2f000 	C:\Windows\SYSTEM32\USERENV.dll
0x000007f8986e0000 - 0x000007f8986f5000 	C:\Windows\SYSTEM32\profapi.dll

VM Arguments:
jvm_args: -Dsun.java2d.pmoffscreen=false -Xverify:none -Dswing.aatext=true -XX:-UsePerfData -Djdk.map.althashing.threshold=512 -XX:PermSize=128m -XX:MaxPermSize=128m -XX:NewSize=60m -XX:MaxNewSize=60m -XX:+UseConcMarkSweepGC -XX:+UseParNewGC -XX:+CMSParallelRemarkEnabled -XX:+CMSScavengeBeforeRemark -XX:+UseNUMA -XX:+AggressiveOpts -XX:+UseFastAccessorMethods -XX:+UseFastEmptyMethods -XX:+UseBiasedLocking -XX:+TieredCompilation -Xms128m -Xmx2048m -Xss3m 
java_command: <unknown>
Launcher Type: generic

Environment Variables:
PATH=C:/Xilinx/14.6/ISE_DS/PlanAhead/bin;C:/Xilinx/14.6/ISE_DS/PlanAhead/lib/win64.o;C:/Xilinx/14.6/ISE_DS/PlanAhead/tps/win64/jre/bin/server;C:/Xilinx/14.6/ISE_DS/PlanAhead/tps/win64/jre/bin;C:/Xilinx/14.6/ISE_DS/EDK/bin/nt64;C:/Xilinx/14.6/ISE_DS/EDK/lib/nt64;C:/Xilinx/14.6/ISE_DS/ISE/bin/nt64;C:/Xilinx/14.6/ISE_DS/ISE/lib/nt64;C:/Xilinx/14.6/ISE_DS/common/bin/nt64;C:/Xilinx/14.6/ISE_DS/common/lib/nt64;C:\Xilinx\14.6\ISE_DS\ISE\\lib\nt;C:\Xilinx\14.6\ISE_DS\ISE\\bin\nt;C:\Xilinx\14.6\ISE_DS\ISE\bin\nt;C:\Xilinx\14.6\ISE_DS\ISE\lib\nt;C:\Xilinx\14.6\ISE_DS\ISE\..\..\..\DocNav;C:\Xilinx\14.6\ISE_DS\PlanAhead\bin;C:\Xilinx\14.6\ISE_DS\EDK\bin\nt;C:\Xilinx\14.6\ISE_DS\EDK\lib\nt;C:\Xilinx\14.6\ISE_DS\EDK\gnu\microblaze\nt\bin;C:\Xilinx\14.6\ISE_DS\EDK\gnu\powerpc-eabi\nt\bin;C:\Xilinx\14.6\ISE_DS\EDK\gnuwin\bin;C:\Xilinx\14.6\ISE_DS\EDK\gnu\arm\nt\bin;C:\Xilinx\14.6\ISE_DS\EDK\gnu\microblaze\linux_toolchain\nt_be\bin;C:\Xilinx\14.6\ISE_DS\EDK\gnu\microblaze\linux_toolchain\nt_le\bin;C:\Xilinx\14.6\ISE_DS\common\bin\nt;C:\Xilinx\14.6\ISE_DS\common\lib\nt;C:\Python27\;C:\Python27\Scripts;C:\Windows\system32;C:\Windows;C:\Windows\System32\Wbem;C:\Windows\System32\WindowsPowerShell\v1.0\;C:\Program Files (x86)\nodejs\;C:\Program Files (x86)\Calibre2\;C:\Program Files (x86)\Windows Live\Shared;C:\Program Files\MATLAB\R2009b\runtime\win64;C:\Program Files\MATLAB\R2009b\bin;C:\Ruby193\bin;C:\Users\manuel\AppData\Roaming\Python\Scripts;C:\Windows\System;C:\Program Files (x86)\Google\google_appengine\
USERNAME=manuel
OS=Windows_NT
PROCESSOR_IDENTIFIER=Intel64 Family 6 Model 37 Stepping 5, GenuineIntel



---------------  S Y S T E M  ---------------

OS: Windows 8 , 64 bit Build 9200 

CPU:total 4 (2 cores per cpu, 2 threads per core) family 6 model 37 stepping 5, cmov, cx8, fxsr, mmx, sse, sse2, sse3, ssse3, sse4.1, sse4.2, popcnt, ht, tsc, tscinvbit

Memory: 4k page, physical 4051384k(1009140k free), swap 11915704k(7232768k free)

vm_info: Java HotSpot(TM) 64-Bit Server VM (23.7-b01) for windows-amd64 JRE (1.7.0_17-b02), built on Mar  1 2013 03:38:30 by "java_re" with unknown MS VC++:1600

time: Wed Aug 21 17:54:23 2013
elapsed time: 2 seconds

