#
# A fatal error has been detected by the Java Runtime Environment:
#
#  EXCEPTION_ACCESS_VIOLATION (0xc0000005) at pc=0x000007f899ea1355, pid=9928, tid=5848
#
# JRE version: 7.0_17-b02
# Java VM: Java HotSpot(TM) 64-Bit Server VM (23.7-b01 mixed mode windows-amd64 compressed oops)
# Problematic frame:
# C  [msvcrt.dll+0x1355]  free_dbg+0x5
#
# Failed to write core dump. Minidumps are not enabled by default on client versions of Windows
#
# If you would like to submit a bug report, please visit:
#   http://bugreport.sun.com/bugreport/crash.jsp
# The crash happened outside the Java Virtual Machine in native code.
# See problematic frame for where to report the bug.
#

---------------  T H R E A D  ---------------

Current thread (0x0000000033a65800):  JavaThread "Swing-Shell" daemon [_thread_in_native, id=5848, stack(0x00000000345b0000,0x00000000348b0000)]

siginfo: ExceptionCode=0xc0000005, reading address 0x00000000000000c5

Registers:
RAX=0x00000000000000c5, RBX=0x000007f89a117ec0, RCX=0x000000002e2d640c, RDX=0x000007f86be46314
RSP=0x00000000348ac258, RBP=0x00000000348ac360, RSI=0x0000000080040111, RDI=0x0000000000000000
R8 =0x0000000000000010, R9 =0x0000000000000000, R10=0x000000002e2d640c, R11=0x000007f8996215f8
R12=0x000007f89a117eb0, R13=0x00000000348ac828, R14=0x000000002e2d640c, R15=0x0000000000000000
RIP=0x000007f899ea1355, EFLAGS=0x0000000000010293

Top of Stack: (sp=0x00000000348ac258)
0x00000000348ac258:   000007f89a0b28e6 0000000000000002
0x00000000348ac268:   00000000348ac3b8 0000000000000a00
0x00000000348ac278:   00000000348ac3b8 000000000000004e
0x00000000348ac288:   00000000348ac420 0000000100000000
0x00000000348ac298:   000007f89a12be88 0000000000000401
0x00000000348ac2a8:   0000000000000000 0000000000000000
0x00000000348ac2b8:   00000000348ac340 004600460044007b
0x00000000348ac2c8:   0043004400430041 00370036002d0035
0x00000000348ac2d8:   0034002d00460039 002d003600350031
0x00000000348ac2e8:   0037003400390038 004300350043002d
0x00000000348ac2f8:   0043004200360037 0037003600420030
0x00000000348ac308:   00000000007d0046 000000002e2c0000
0x00000000348ac318:   00000000348ac420 0000000000000000
0x00000000348ac328:   000007f89a1208e8 0000000000000027
0x00000000348ac338:   000007f89a0d3c14 0000000000000001
0x00000000348ac348:   0000000000008000 fffffffffffffffe 

Instructions: (pc=0x000007f899ea1355)
0x000007f899ea1335:   3a 04 0a 75 1b 48 ff c1 49 ff c8 f6 c1 07 75 ee
0x000007f899ea1345:   eb 87 cc 90 90 90 90 90 90 90 90 48 b8 60 81 91
0x000007f899ea1355:   0a 00 00 00 00 ff e0 90 90 90 90 90 90 90 90 48
0x000007f899ea1365:   b8 60 73 91 0a 00 00 00 00 ff e0 83 ec 20 48 83 


Register to memory mapping:

RAX=0x00000000000000c5 is an unknown value
RBX=0x000007f89a117ec0 is an unknown value
RCX=0x000000002e2d640c is an unknown value
RDX=0x000007f86be46314 is an unknown value
RSP=0x00000000348ac258 is pointing into the stack for thread: 0x0000000033a65800
RBP=0x00000000348ac360 is pointing into the stack for thread: 0x0000000033a65800
RSI=0x0000000080040111 is an unknown value
RDI=0x0000000000000000 is an unknown value
R8 =0x0000000000000010 is an unknown value
R9 =0x0000000000000000 is an unknown value
R10=0x000000002e2d640c is an unknown value
R11=0x000007f8996215f8 is an unknown value
R12=0x000007f89a117eb0 is an unknown value
R13=0x00000000348ac828 is pointing into the stack for thread: 0x0000000033a65800
R14=0x000000002e2d640c is an unknown value
R15=0x0000000000000000 is an unknown value


Stack: [0x00000000345b0000,0x00000000348b0000],  sp=0x00000000348ac258,  free space=3056k
Native frames: (J=compiled Java code, j=interpreted, Vv=VM code, C=native code)
C  [msvcrt.dll+0x1355]  free_dbg+0x5

Java frames: (J=compiled Java code, j=interpreted, Vv=VM code)
j  sun.awt.shell.Win32ShellFolder2.getDisplayNameOf(JJI)Ljava/lang/String;+0
j  sun.awt.shell.Win32ShellFolder2.getFileSystemPath(JJ)Ljava/lang/String;+66
j  sun.awt.shell.Win32ShellFolder2.access$400(JJ)Ljava/lang/String;+2
j  sun.awt.shell.Win32ShellFolder2$10.call()Lsun/awt/shell/Win32ShellFolder2;+50
j  sun.awt.shell.Win32ShellFolder2$10.call()Ljava/lang/Object;+1
j  java.util.concurrent.FutureTask$Sync.innerRun()V+29
j  java.util.concurrent.FutureTask.run()V+4
j  java.util.concurrent.ThreadPoolExecutor.runWorker(Ljava/util/concurrent/ThreadPoolExecutor$Worker;)V+95
j  java.util.concurrent.ThreadPoolExecutor$Worker.run()V+5
j  sun.awt.shell.Win32ShellFolderManager2$ComInvoker$3.run()V+7
j  java.lang.Thread.run()V+11
v  ~StubRoutines::call_stub

---------------  P R O C E S S  ---------------

Java Threads: ( => current thread )
=>0x0000000033a65800 JavaThread "Swing-Shell" daemon [_thread_in_native, id=5848, stack(0x00000000345b0000,0x00000000348b0000)]
  0x0000000033571000 JavaThread "HFileChooser Load File/Folder Choosers Thread" [_thread_blocked, id=6748, stack(0x00000000335b0000,0x00000000338b0000)]
  0x00000000310a7000 JavaThread "Monitor File Timestamp" [_thread_blocked, id=4264, stack(0x000000002e330000,0x000000002e630000)]
  0x000000002b6b7800 JavaThread "Image Fetcher 3" daemon [_thread_blocked, id=384, stack(0x000000002efb0000,0x000000002f2b0000)]
  0x000000002b301000 JavaThread "Image Fetcher 2" daemon [_thread_blocked, id=5576, stack(0x000000002ecb0000,0x000000002efb0000)]
  0x0000000029e99000 JavaThread "D3D Screen Updater" daemon [_thread_blocked, id=8576, stack(0x000000002e9b0000,0x000000002ecb0000)]
  0x0000000029e63000 JavaThread "Image Fetcher 1" daemon [_thread_blocked, id=8660, stack(0x000000002b770000,0x000000002ba70000)]
  0x000000002a593000 JavaThread "Image Fetcher 0" daemon [_thread_blocked, id=6640, stack(0x000000002b370000,0x000000002b670000)]
  0x000000002a904800 JavaThread "AWT-EventQueue-1" [_thread_in_vm, id=8416, stack(0x000000002af70000,0x000000002b270000)]
  0x0000000019e17800 JavaThread "Process Messages" [_thread_blocked, id=1736, stack(0x000000002ac70000,0x000000002af70000)]
  0x0000000019e3e000 JavaThread "Thread-3" [_thread_blocked, id=10064, stack(0x0000000003be0000,0x0000000004fe0000)]
  0x000000002a702800 JavaThread "AWT-EventQueue-0" [_thread_blocked, id=2076, stack(0x000000002a970000,0x000000002ac70000)]
  0x00000000285ca800 JavaThread "AWT-Windows" daemon [_thread_in_native, id=8296, stack(0x00000000294f0000,0x00000000297f0000)]
  0x00000000285cb000 JavaThread "AWT-Shutdown" [_thread_blocked, id=8320, stack(0x00000000291f0000,0x00000000294f0000)]
  0x00000000285c1000 JavaThread "Java2D Disposer" daemon [_thread_blocked, id=4500, stack(0x0000000028ef0000,0x00000000291f0000)]
  0x0000000028563000 JavaThread "TimerQueue" daemon [_thread_blocked, id=9872, stack(0x0000000028af0000,0x0000000028df0000)]
  0x0000000025b90800 JavaThread "Service Thread" daemon [_thread_blocked, id=5512, stack(0x0000000026f60000,0x0000000027260000)]
  0x0000000025b05000 JavaThread "C1 CompilerThread2" daemon [_thread_blocked, id=4580, stack(0x0000000026e60000,0x0000000026f60000)]
  0x0000000025b00800 JavaThread "C2 CompilerThread1" daemon [_thread_in_native, id=8804, stack(0x0000000026d60000,0x0000000026e60000)]
  0x0000000025a71000 JavaThread "C2 CompilerThread0" daemon [_thread_blocked, id=5420, stack(0x0000000026c60000,0x0000000026d60000)]
  0x0000000025af1800 JavaThread "Attach Listener" daemon [_thread_blocked, id=2888, stack(0x0000000026960000,0x0000000026c60000)]
  0x0000000025c12000 JavaThread "Signal Dispatcher" daemon [_thread_blocked, id=4284, stack(0x0000000026660000,0x0000000026960000)]
  0x0000000025c14000 JavaThread "Surrogate Locker Thread (Concurrent GC)" daemon [_thread_blocked, id=3664, stack(0x0000000026360000,0x0000000026660000)]
  0x0000000025a95800 JavaThread "Finalizer" daemon [_thread_blocked, id=8156, stack(0x0000000026060000,0x0000000026360000)]
  0x0000000025a97000 JavaThread "Reference Handler" daemon [_thread_blocked, id=2712, stack(0x0000000025d60000,0x0000000026060000)]
  0x0000000019e7b000 JavaThread "main" [_thread_blocked, id=7824, stack(0x0000000019f80000,0x000000001a080000)]

Other Threads:
  0x0000000020b52000 VMThread [stack: 0x0000000025c60000,0x0000000025d60000] [id=9552]
  0x0000000020ad1800 WatcherThread [stack: 0x0000000027260000,0x0000000027360000] [id=9868]

VM state:not at safepoint (normal execution)

VM Mutex/Monitor currently owned by a thread: None

Heap
 par new generation   total 55296K, used 18227K [0x0000000778000000, 0x000000077bc00000, 0x000000077bc00000)
  eden space 49152K,  24% used [0x0000000778000000, 0x0000000778bccf30, 0x000000077b000000)
  from space 6144K, 100% used [0x000000077b000000, 0x000000077b600000, 0x000000077b600000)
  to   space 6144K,   0% used [0x000000077b600000, 0x000000077b600000, 0x000000077bc00000)
 concurrent mark-sweep generation total 69632K, used 10707K [0x000000077bc00000, 0x0000000780000000, 0x00000007f8000000)
 concurrent-mark-sweep perm gen total 131072K, used 26173K [0x00000007f8000000, 0x0000000800000000, 0x0000000800000000)

Card table byte_map: [0x0000000020620000,0x0000000020a70000] byte_map_base: 0x000000001ca60000

Polling page: 0x000000001a080000

Code Cache  [0x000000001a0a0000, 0x000000001a6a0000, 0x00000000200a0000)
 total_blobs=2146 nmethods=1554 adapters=507 free_code_cache=92419Kb largest_free_block=94383680

Compilation events (10 events):
Event: 2.964 Thread 0x0000000025b05000 nmethod 1793 0x000000001a4afe50 code [0x000000001a4affe0, 0x000000001a4b0408]
Event: 2.968 Thread 0x0000000025a71000 nmethod 1791 0x000000001a5525d0 code [0x000000001a5527a0, 0x000000001a5534f0]
Event: 2.974 Thread 0x0000000025a71000 1794       4       java.lang.String::endsWith (17 bytes)
Event: 2.975 Thread 0x0000000025b05000 1795       3       javax.swing.UIDefaults$TextAndMnemonicHashMap::get (358 bytes)
Event: 2.978 Thread 0x0000000025a71000 nmethod 1794 0x000000001a4afa10 code [0x000000001a4afb60, 0x000000001a4afd18]
Event: 2.985 Thread 0x0000000025b05000 nmethod 1795 0x000000001a323e10 code [0x000000001a324780, 0x000000001a32b958]
Event: 2.985 Thread 0x0000000025b05000 1797   !   3       javax.swing.JComponent::revalidate (76 bytes)
Event: 2.988 Thread 0x0000000025b05000 nmethod 1797 0x000000001a566350 code [0x000000001a566620, 0x000000001a567728]
Event: 2.988 Thread 0x0000000025b05000 1796       3       java.util.ArrayList::toArray (60 bytes)
Event: 2.989 Thread 0x0000000025b05000 nmethod 1796 0x000000001a480c90 code [0x000000001a480e20, 0x000000001a4813f8]

GC Heap History (4 events):
Event: 0.998 GC heap before
{Heap before GC invocations=0 (full 0):
 par new generation   total 55296K, used 49152K [0x0000000778000000, 0x000000077bc00000, 0x000000077bc00000)
  eden space 49152K, 100% used [0x0000000778000000, 0x000000077b000000, 0x000000077b000000)
  from space 6144K,   0% used [0x000000077b000000, 0x000000077b000000, 0x000000077b600000)
  to   space 6144K,   0% used [0x000000077b600000, 0x000000077b600000, 0x000000077bc00000)
 concurrent mark-sweep generation total 69632K, used 0K [0x000000077bc00000, 0x0000000780000000, 0x00000007f8000000)
 concurrent-mark-sweep perm gen total 131072K, used 13105K [0x00000007f8000000, 0x0000000800000000, 0x0000000800000000)
Event: 1.012 GC heap after
Heap after GC invocations=1 (full 0):
 par new generation   total 55296K, used 6144K [0x0000000778000000, 0x000000077bc00000, 0x000000077bc00000)
  eden space 49152K,   0% used [0x0000000778000000, 0x0000000778000000, 0x000000077b000000)
  from space 6144K, 100% used [0x000000077b600000, 0x000000077bc00000, 0x000000077bc00000)
  to   space 6144K,   0% used [0x000000077b000000, 0x000000077b000000, 0x000000077b600000)
 concurrent mark-sweep generation total 69632K, used 659K [0x000000077bc00000, 0x0000000780000000, 0x00000007f8000000)
 concurrent-mark-sweep perm gen total 131072K, used 13105K [0x00000007f8000000, 0x0000000800000000, 0x0000000800000000)
}
Event: 2.548 GC heap before
{Heap before GC invocations=1 (full 0):
 par new generation   total 55296K, used 55296K [0x0000000778000000, 0x000000077bc00000, 0x000000077bc00000)
  eden space 49152K, 100% used [0x0000000778000000, 0x000000077b000000, 0x000000077b000000)
  from space 6144K, 100% used [0x000000077b600000, 0x000000077bc00000, 0x000000077bc00000)
  to   space 6144K,   0% used [0x000000077b000000, 0x000000077b000000, 0x000000077b600000)
 concurrent mark-sweep generation total 69632K, used 659K [0x000000077bc00000, 0x0000000780000000, 0x00000007f8000000)
 concurrent-mark-sweep perm gen total 131072K, used 22998K [0x00000007f8000000, 0x0000000800000000, 0x0000000800000000)
Event: 2.600 GC heap after
Heap after GC invocations=2 (full 0):
 par new generation   total 55296K, used 6144K [0x0000000778000000, 0x000000077bc00000, 0x000000077bc00000)
  eden space 49152K,   0% used [0x0000000778000000, 0x0000000778000000, 0x000000077b000000)
  from space 6144K, 100% used [0x000000077b000000, 0x000000077b600000, 0x000000077b600000)
  to   space 6144K,   0% used [0x000000077b600000, 0x000000077b600000, 0x000000077bc00000)
 concurrent mark-sweep generation total 69632K, used 10707K [0x000000077bc00000, 0x0000000780000000, 0x00000007f8000000)
 concurrent-mark-sweep perm gen total 131072K, used 22998K [0x00000007f8000000, 0x0000000800000000, 0x0000000800000000)
}

Deoptimization events (10 events):
Event: 2.864 Thread 0x000000002a904800 Uncommon trap -34 fr.pc 0x000000001a360cc8
Event: 2.865 Thread 0x000000002a904800 Uncommon trap -34 fr.pc 0x000000001a3201e4
Event: 2.867 Thread 0x000000002a904800 Uncommon trap -34 fr.pc 0x000000001a360cc8
Event: 2.872 Thread 0x000000002a904800 Uncommon trap -34 fr.pc 0x000000001a360cc8
Event: 2.929 Thread 0x0000000033571000 Uncommon trap -83 fr.pc 0x000000001a6381bc
Event: 2.936 Thread 0x0000000033571000 Uncommon trap -58 fr.pc 0x000000001a4c8294
Event: 2.942 Thread 0x0000000033571000 Uncommon trap -58 fr.pc 0x000000001a4c8294
Event: 2.944 Thread 0x0000000033571000 Uncommon trap -58 fr.pc 0x000000001a4c8294
Event: 2.945 Thread 0x0000000033571000 Uncommon trap -58 fr.pc 0x000000001a4c8294
Event: 2.975 Thread 0x0000000033571000 Uncommon trap 668 fr.pc 0x000000001a5f2d14

Internal exceptions (10 events):
Event: 2.923 Thread 0x000000002a904800 Threw 0x00000007788f3628 at C:\jdk7u2_64p\jdk7u17\hotspot\src\share\vm\prims\jvm.cpp:1166
Event: 2.924 Thread 0x000000002a904800 Threw 0x00000007788ff198 at C:\jdk7u2_64p\jdk7u17\hotspot\src\share\vm\prims\jvm.cpp:1166
Event: 2.924 Thread 0x0000000033571000 Threw 0x0000000778964ee0 at C:\jdk7u2_64p\jdk7u17\hotspot\src\share\vm\prims\jvm.cpp:1166
Event: 2.925 Thread 0x000000002a904800 Threw 0x0000000778903868 at C:\jdk7u2_64p\jdk7u17\hotspot\src\share\vm\prims\jvm.cpp:1166
Event: 2.926 Thread 0x000000002a904800 Threw 0x0000000778918d60 at C:\jdk7u2_64p\jdk7u17\hotspot\src\share\vm\prims\jvm.cpp:1166
Event: 2.926 Thread 0x0000000033571000 Threw 0x0000000778968568 at C:\jdk7u2_64p\jdk7u17\hotspot\src\share\vm\prims\jvm.cpp:1166
Event: 2.928 Thread 0x000000002a904800 Threw 0x000000077891f388 at C:\jdk7u2_64p\jdk7u17\hotspot\src\share\vm\prims\jvm.cpp:1166
Event: 2.931 Thread 0x000000002a904800 Threw 0x000000077892ae88 at C:\jdk7u2_64p\jdk7u17\hotspot\src\share\vm\prims\jvm.cpp:1166
Event: 2.935 Thread 0x0000000033571000 Threw 0x0000000778971b58 at C:\jdk7u2_64p\jdk7u17\hotspot\src\share\vm\prims\jvm.cpp:1166
Event: 2.935 Thread 0x0000000033571000 Threw 0x00000007789742e8 at C:\jdk7u2_64p\jdk7u17\hotspot\src\share\vm\prims\jvm.cpp:1166

Events (10 events):
Event: 2.989 Thread 0x0000000025b05000 flushing nmethod 0x000000001a575210
Event: 2.989 Thread 0x0000000025b05000 flushing nmethod 0x000000001a575b90
Event: 2.989 Thread 0x0000000025b05000 flushing nmethod 0x000000001a577190
Event: 2.989 Thread 0x0000000025b05000 flushing nmethod 0x000000001a599a90
Event: 2.990 loading class 0x0000000018c4e4b0
Event: 2.991 loading class 0x0000000018c4e4b0 done
Event: 2.992 loading class 0x0000000018c4e2a0
Event: 2.993 loading class 0x0000000018c4e2a0 done
Event: 2.993 loading class 0x0000000018c4e570
Event: 2.993 loading class 0x0000000018c4e570 done


Dynamic libraries:
0x0000000140000000 - 0x000000014000e000 	C:\Xilinx\14.6\ISE_DS\PlanAhead\bin\unwrapped\win64.o\planAhead.exe
0x000007f89b810000 - 0x000007f89b9ce000 	C:\Windows\SYSTEM32\ntdll.dll
0x000007f899d50000 - 0x000007f899e86000 	C:\Windows\system32\KERNEL32.DLL
0x000007f8987b0000 - 0x000007f8988a3000 	C:\Windows\system32\KERNELBASE.dll
0x000000000a900000 - 0x000000000a945000 	C:\Xilinx\14.6\ISE_DS\PlanAhead\lib\win64.o\SHSMP64.dll
0x0000000180000000 - 0x0000000180013000 	C:\Xilinx\14.6\ISE_DS\PlanAhead\lib\win64.o\libboost_signals.dll
0x0000000000400000 - 0x0000000000c81000 	C:\Xilinx\14.6\ISE_DS\PlanAhead\lib\win64.o\librdi_common.dll
0x00000000001f0000 - 0x0000000000206000 	C:\Xilinx\14.6\ISE_DS\PlanAhead\lib\win64.o\librdi_commonmain.dll
0x0000000000210000 - 0x00000000002fe000 	C:\Xilinx\14.6\ISE_DS\PlanAhead\lib\win64.o\stlport.5.2.dll
0x0000000071620000 - 0x00000000716c3000 	C:\Windows\WinSxS\amd64_microsoft.vc90.crt_1fc8b3b9a1e18e3b_9.0.30729.6871_none_08e717a5a83adddf\MSVCR90.dll
0x000007f89b6c0000 - 0x000007f89b80c000 	C:\Windows\system32\USER32.dll
0x000007f899c70000 - 0x000007f899d4e000 	C:\Windows\system32\ADVAPI32.dll
0x000007f895d40000 - 0x000007f895d49000 	C:\Windows\SYSTEM32\VERSION.dll
0x0000000000ce0000 - 0x0000000000fc9000 	C:\Xilinx\14.6\ISE_DS\PlanAhead\lib\win64.o\libCOIN-all.dll
0x0000000000fd0000 - 0x0000000001185000 	C:\Xilinx\14.6\ISE_DS\PlanAhead\lib\win64.o\libSecurity.dll
0x0000000001190000 - 0x000000000119f000 	C:\Xilinx\14.6\ISE_DS\PlanAhead\lib\win64.o\libboost_date_time.dll
0x00000000011a0000 - 0x00000000011c7000 	C:\Xilinx\14.6\ISE_DS\PlanAhead\lib\win64.o\libboost_filesystem.dll
0x00000000011d0000 - 0x0000000001241000 	C:\Xilinx\14.6\ISE_DS\PlanAhead\lib\win64.o\libboost_program_options.dll
0x0000000001250000 - 0x00000000012ff000 	C:\Xilinx\14.6\ISE_DS\PlanAhead\lib\win64.o\libboost_regex.dll
0x0000000001300000 - 0x0000000001309000 	C:\Xilinx\14.6\ISE_DS\PlanAhead\lib\win64.o\libboost_system.dll
0x0000000001310000 - 0x0000000001326000 	C:\Xilinx\14.6\ISE_DS\PlanAhead\lib\win64.o\libboost_thread.dll
0x0000000001330000 - 0x0000000001373000 	C:\Xilinx\14.6\ISE_DS\PlanAhead\lib\win64.o\libcurl.dll
0x0000000001380000 - 0x0000000001403000 	C:\Xilinx\14.6\ISE_DS\PlanAhead\lib\win64.o\libhdlpsolve.dll
0x0000000001410000 - 0x00000000014c7000 	C:\Xilinx\14.6\ISE_DS\PlanAhead\lib\win64.o\libhdxml.dll
0x00000000014d0000 - 0x0000000001a130d3 	C:\Xilinx\14.6\ISE_DS\PlanAhead\lib\win64.o\libisl_iostreams.dll
0x0000000001a20000 - 0x0000000001a49000 	C:\Xilinx\14.6\ISE_DS\PlanAhead\lib\win64.o\libisl_sysinfo.dll
0x0000000070180000 - 0x000000007089f000 	C:\Xilinx\14.6\ISE_DS\PlanAhead\tps\win64\jre\bin\server\jvm.dll
0x0000000001a50000 - 0x0000000001a62000 	C:\Xilinx\14.6\ISE_DS\PlanAhead\lib\win64.o\pthreadVC.dll
0x0000000001a70000 - 0x0000000001a86000 	C:\Xilinx\14.6\ISE_DS\PlanAhead\lib\win64.o\librdiconfig.dll
0x0000000001a90000 - 0x0000000001aae000 	C:\Xilinx\14.6\ISE_DS\PlanAhead\lib\win64.o\librdizlib.dll
0x0000000010000000 - 0x000000001012a000 	C:\Xilinx\14.6\ISE_DS\PlanAhead\lib\win64.o\tcl85t.dll
0x0000000012000000 - 0x0000000012282000 	C:\Xilinx\14.6\ISE_DS\PlanAhead\lib\win64.o\xerces-c_3_1.dll
0x000007f899e90000 - 0x000007f899e97000 	C:\Windows\system32\PSAPI.DLL
0x000007f898d20000 - 0x000007f898f4d000 	C:\Windows\system32\WININET.dll
0x000007f892f50000 - 0x000007f893001000 	C:\Windows\SYSTEM32\WINHTTP.dll
0x000007f899f50000 - 0x000007f89a0a9000 	C:\Windows\system32\urlmon.dll
0x000007f8952d0000 - 0x000007f8952d9000 	C:\Windows\SYSTEM32\WSOCK32.dll
0x0000000071540000 - 0x0000000071613000 	C:\Windows\WinSxS\amd64_microsoft.vc90.crt_1fc8b3b9a1e18e3b_9.0.30729.6871_none_08e717a5a83adddf\MSVCP90.dll
0x000007f89a0b0000 - 0x000007f89b38e000 	C:\Windows\system32\SHELL32.dll
0x000007f899480000 - 0x000007f8995c0000 	C:\Windows\system32\GDI32.dll
0x000007f899ea0000 - 0x000007f899f45000 	C:\Windows\system32\msvcrt.dll
0x000007f8995c0000 - 0x000007f899608000 	C:\Windows\SYSTEM32\sechost.dll
0x000007f89b3a0000 - 0x000007f89b4e0000 	C:\Windows\system32\RPCRT4.dll
0x000007f8970b0000 - 0x000007f8970c5000 	C:\Windows\SYSTEM32\NETAPI32.dll
0x000007f898c20000 - 0x000007f898cc1000 	C:\Windows\system32\COMDLG32.dll
0x000007f898b70000 - 0x000007f898c14000 	C:\Windows\WinSxS\amd64_microsoft.windows.common-controls_6595b64144ccf1df_5.82.9200.16384_none_7762d5fd3178b04e\COMCTL32.dll
0x0000000001b50000 - 0x0000000001b5c000 	C:\Xilinx\14.6\ISE_DS\PlanAhead\lib\win64.o\libboost_chrono.dll
0x000007f899a70000 - 0x000007f899ac8000 	C:\Windows\system32\WS2_32.dll
0x000007f899a10000 - 0x000007f899a6e000 	C:\Windows\system32\WLDAP32.dll
0x0000000001b90000 - 0x0000000001ba9000 	C:\Xilinx\14.6\ISE_DS\PlanAhead\lib\win64.o\libboost_iostreams.dll
0x000007f88ec50000 - 0x000007f88ec70000 	C:\Windows\SYSTEM32\WINMM.dll
0x00000000700a0000 - 0x0000000070172000 	C:\Windows\SYSTEM32\MSVCR100.dll
0x000007f899660000 - 0x000007f8998ec000 	C:\Windows\system32\iertutil.dll
0x000007f8992d0000 - 0x000007f899480000 	C:\Windows\SYSTEM32\combase.dll
0x000007f899150000 - 0x000007f8992ce000 	C:\Windows\system32\ole32.dll
0x000007f899610000 - 0x000007f899660000 	C:\Windows\system32\SHLWAPI.dll
0x000007f8979f0000 - 0x000007f8979fe000 	C:\Windows\SYSTEM32\netutils.dll
0x000007f8982a0000 - 0x000007f8982c4000 	C:\Windows\SYSTEM32\srvcli.dll
0x000007f897070000 - 0x000007f897085000 	C:\Windows\SYSTEM32\wkscli.dll
0x000007f898cd0000 - 0x000007f898cd9000 	C:\Windows\system32\NSI.dll
0x000007f88ec10000 - 0x000007f88ec42000 	C:\Windows\SYSTEM32\WINMMBASE.dll
0x000007f896280000 - 0x000007f896316000 	C:\Windows\SYSTEM32\SHCORE.DLL
0x000007f898ce0000 - 0x000007f898d19000 	C:\Windows\system32\IMM32.DLL
0x000007f8998f0000 - 0x000007f899a05000 	C:\Windows\system32\MSCTF.dll
0x0000000004fe0000 - 0x00000000052d3000 	C:\Xilinx\14.6\ISE_DS\PlanAhead\lib\win64.o\librdi_commontasks.dll
0x0000000005ae0000 - 0x0000000006120000 	C:\Xilinx\14.6\ISE_DS\PlanAhead\lib\win64.o\librdi_coretasks.dll
0x0000000006120000 - 0x00000000062e7000 	C:\Xilinx\14.6\ISE_DS\PlanAhead\lib\win64.o\librdi_chipscope.dll
0x00000000062f0000 - 0x0000000007310000 	C:\Xilinx\14.6\ISE_DS\PlanAhead\lib\win64.o\librdi_constraints.dll
0x0000000007310000 - 0x00000000085dc000 	C:\Xilinx\14.6\ISE_DS\PlanAhead\lib\win64.o\librdi_coregen.dll
0x000000000a950000 - 0x000000000dfa1000 	C:\Xilinx\14.6\ISE_DS\PlanAhead\lib\win64.o\librdi_designutils.dll
0x00000000085e0000 - 0x00000000091ba000 	C:\Xilinx\14.6\ISE_DS\PlanAhead\lib\win64.o\librdi_device.dll
0x00000000091c0000 - 0x00000000094d4000 	C:\Xilinx\14.6\ISE_DS\PlanAhead\lib\win64.o\librdi_drc.dll
0x00000000094e0000 - 0x000000000976e000 	C:\Xilinx\14.6\ISE_DS\PlanAhead\lib\win64.o\librdi_filemgmt.dll
0x0000000009770000 - 0x0000000009b46000 	C:\Xilinx\14.6\ISE_DS\PlanAhead\lib\win64.o\librdi_netlist.dll
0x000000000dfb0000 - 0x000000000f0d3000 	C:\Xilinx\14.6\ISE_DS\PlanAhead\lib\win64.o\librdi_place.dll
0x0000000009b50000 - 0x000000000a072000 	C:\Xilinx\14.6\ISE_DS\PlanAhead\lib\win64.o\librdi_power.dll
0x000000000a080000 - 0x000000000a433000 	C:\Xilinx\14.6\ISE_DS\PlanAhead\lib\win64.o\librdi_project.dll
0x000000000f0e0000 - 0x000000000f67d000 	C:\Xilinx\14.6\ISE_DS\PlanAhead\lib\win64.o\librdi_rsb.dll
0x000000000a440000 - 0x000000000a838000 	C:\Xilinx\14.6\ISE_DS\PlanAhead\lib\win64.o\librdi_runs.dll
0x0000000010130000 - 0x0000000010c08000 	C:\Xilinx\14.6\ISE_DS\PlanAhead\lib\win64.o\librdi_timing.dll
0x0000000003670000 - 0x00000000036de000 	C:\Xilinx\14.6\ISE_DS\PlanAhead\lib\win64.o\liblmx6.0.dll
0x00000000036e0000 - 0x00000000036e8000 	C:\Xilinx\14.6\ISE_DS\PlanAhead\lib\win64.o\libpsta_dllwrapper.dll
0x000000000f680000 - 0x000000000fe4f000 	C:\Xilinx\14.6\ISE_DS\PlanAhead\lib\win64.o\librdi_coregenipxact.dll
0x0000000010c10000 - 0x00000000113b0000 	C:\Xilinx\14.6\ISE_DS\PlanAhead\lib\win64.o\libverific.dll
0x000000000a860000 - 0x000000000a8dd000 	C:\Xilinx\14.6\ISE_DS\PlanAhead\lib\win64.o\libboost_serialization.dll
0x00000000113b0000 - 0x00000000118f4000 	C:\Xilinx\14.6\ISE_DS\PlanAhead\lib\win64.o\librdi_xdm.dll
0x000000000fe80000 - 0x000000000ff10000 	C:\Xilinx\14.6\ISE_DS\PlanAhead\lib\win64.o\libise.dll
0x0000000011900000 - 0x0000000011edc000 	C:\Xilinx\14.6\ISE_DS\PlanAhead\lib\win64.o\librdi_abc_nomp.dll
0x0000000012290000 - 0x00000000123b8000 	C:\Xilinx\14.6\ISE_DS\PlanAhead\lib\win64.o\librdi_dlyest.dll
0x000000000ff10000 - 0x000000000ff2a000 	C:\Xilinx\14.6\ISE_DS\PlanAhead\lib\win64.o\librdi_hmetis.dll
0x0000000070080000 - 0x0000000070091000 	C:\Windows\WinSxS\amd64_microsoft.vc90.openmp_1fc8b3b9a1e18e3b_9.0.30729.6161_none_390d35aa0a1f21f9\VCOMP90.DLL
0x00000000123c0000 - 0x00000000129ae000 	C:\Xilinx\14.6\ISE_DS\PlanAhead\lib\win64.o\librdi_route.dll
0x00000000129b0000 - 0x0000000012bda000 	C:\Xilinx\14.6\ISE_DS\PlanAhead\lib\win64.o\librdi_labtools.dll
0x0000000012be0000 - 0x000000001311b000 	C:\Xilinx\14.6\ISE_DS\PlanAhead\lib\win64.o\librdi_memdata.dll
0x0000000013120000 - 0x000000001484f000 	C:\Xilinx\14.6\ISE_DS\PlanAhead\lib\win64.o\librdi_synth.dll
0x0000000014850000 - 0x0000000014c8e000 	C:\Xilinx\14.6\ISE_DS\PlanAhead\lib\win64.o\librdi_ip.dll
0x0000000011f20000 - 0x0000000011f5d000 	C:\Xilinx\14.6\ISE_DS\PlanAhead\lib\win64.o\librdi_simbridge_kernel.dll
0x0000000014c90000 - 0x0000000015106000 	C:\Xilinx\14.6\ISE_DS\PlanAhead\lib\win64.o\librdi_wavedata.dll
0x0000000016410000 - 0x00000000184c8000 	C:\Xilinx\14.6\ISE_DS\PlanAhead\lib\win64.o\librdi_tcltasks.dll
0x00000000184d0000 - 0x0000000018744000 	C:\Xilinx\14.6\ISE_DS\PlanAhead\lib\win64.o\librdi_bitstream.dll
0x0000000018750000 - 0x0000000018824000 	C:\Xilinx\14.6\ISE_DS\PlanAhead\lib\win64.o\librdi_dsp.dll
0x0000000018830000 - 0x000000001889e000 	C:\Xilinx\14.6\ISE_DS\PlanAhead\lib\win64.o\librdi_edk.dll
0x00000000188a0000 - 0x0000000018aae000 	C:\Xilinx\14.6\ISE_DS\PlanAhead\lib\win64.o\librdi_simdata.dll
0x0000000018db0000 - 0x0000000018f06000 	C:\Xilinx\14.6\ISE_DS\PlanAhead\lib\win64.o\librdi_planaheadtasks.dll
0x0000000018f20000 - 0x0000000019d68000 	C:\Xilinx\14.6\ISE_DS\PlanAhead\lib\win64.o\librdi_ipservicestasks.dll
0x0000000070070000 - 0x000000007007f000 	C:\Xilinx\14.6\ISE_DS\PlanAhead\tps\win64\jre\bin\verify.dll
0x0000000070040000 - 0x0000000070068000 	C:\Xilinx\14.6\ISE_DS\PlanAhead\tps\win64\jre\bin\java.dll
0x0000000070020000 - 0x0000000070035000 	C:\Xilinx\14.6\ISE_DS\PlanAhead\tps\win64\jre\bin\zip.dll
0x0000000070000000 - 0x0000000070019000 	C:\Xilinx\14.6\ISE_DS\PlanAhead\tps\win64\jre\bin\net.dll
0x000007f897f30000 - 0x000007f897f8c000 	C:\Windows\system32\mswsock.dll
0x000000006ffe0000 - 0x000000006fff1000 	C:\Xilinx\14.6\ISE_DS\PlanAhead\tps\win64\jre\bin\nio.dll
0x0000000027660000 - 0x0000000027946000 	C:\Xilinx\14.6\ISE_DS\PlanAhead\lib\win64.o\librdi_fed.dll
0x0000000027960000 - 0x0000000027bc1000 	C:\Xilinx\14.6\ISE_DS\PlanAhead\lib\win64.o\librdi_guitools.dll
0x0000000027be0000 - 0x0000000027be7000 	C:\Xilinx\14.6\ISE_DS\PlanAhead\lib\win64.o\librdi_commonx11.dll
0x0000000027c00000 - 0x0000000027fee000 	C:\Xilinx\14.6\ISE_DS\PlanAhead\lib\win64.o\librdi_rsbtasks.dll
0x0000000028100000 - 0x0000000028349000 	C:\Xilinx\14.6\ISE_DS\PlanAhead\lib\win64.o\librdi_labtoolstasks.dll
0x0000000028360000 - 0x0000000028518000 	C:\Xilinx\14.6\ISE_DS\PlanAhead\lib\win64.o\librdi_simtcltasks.dll
0x000000006fe40000 - 0x000000006ffd3000 	C:\Xilinx\14.6\ISE_DS\PlanAhead\tps\win64\jre\bin\awt.dll
0x000007f899060000 - 0x000007f899123000 	C:\Windows\system32\OLEAUT32.dll
0x000007f893510000 - 0x000007f8935af000 	C:\Windows\system32\apphelp.dll
0x000007f897570000 - 0x000007f897656000 	C:\Windows\system32\uxtheme.dll
0x000007f896090000 - 0x000007f8960b1000 	C:\Windows\SYSTEM32\dwmapi.dll
0x000007f898520000 - 0x000007f89852a000 	C:\Windows\SYSTEM32\CRYPTBASE.dll
0x000007f8984c0000 - 0x000007f89851c000 	C:\Windows\SYSTEM32\bcryptPrimitives.dll
0x000007f897f90000 - 0x000007f897faa000 	C:\Windows\SYSTEM32\CRYPTSP.dll
0x000007f897c10000 - 0x000007f897c59000 	C:\Windows\system32\rsaenh.dll
0x000007f897d10000 - 0x000007f897d2f000 	C:\Windows\SYSTEM32\USERENV.dll
0x000007f8986e0000 - 0x000007f8986f5000 	C:\Windows\SYSTEM32\profapi.dll

VM Arguments:
jvm_args: -Dsun.java2d.pmoffscreen=false -Xverify:none -Dswing.aatext=true -XX:-UsePerfData -Djdk.map.althashing.threshold=512 -XX:PermSize=128m -XX:MaxPermSize=128m -XX:NewSize=60m -XX:MaxNewSize=60m -XX:+UseConcMarkSweepGC -XX:+UseParNewGC -XX:+CMSParallelRemarkEnabled -XX:+CMSScavengeBeforeRemark -XX:+UseNUMA -XX:+AggressiveOpts -XX:+UseFastAccessorMethods -XX:+UseFastEmptyMethods -XX:+UseBiasedLocking -XX:+TieredCompilation -Xms128m -Xmx2048m -Xss3m 
java_command: <unknown>
Launcher Type: generic

Environment Variables:
PATH=C:/Xilinx/14.6/ISE_DS/PlanAhead/bin;C:/Xilinx/14.6/ISE_DS/PlanAhead/lib/win64.o;C:/Xilinx/14.6/ISE_DS/PlanAhead/tps/win64/jre/bin/server;C:/Xilinx/14.6/ISE_DS/PlanAhead/tps/win64/jre/bin;C:/Xilinx/14.6/ISE_DS/EDK/bin/nt64;C:/Xilinx/14.6/ISE_DS/EDK/lib/nt64;C:/Xilinx/14.6/ISE_DS/ISE/bin/nt64;C:/Xilinx/14.6/ISE_DS/ISE/lib/nt64;C:/Xilinx/14.6/ISE_DS/common/bin/nt64;C:/Xilinx/14.6/ISE_DS/common/lib/nt64;C:\Xilinx\14.6\ISE_DS\ISE\\lib\nt;C:\Xilinx\14.6\ISE_DS\ISE\\bin\nt;C:\Xilinx\14.6\ISE_DS\ISE\bin\nt64;C:\Xilinx\14.6\ISE_DS\ISE\lib\nt64;C:\Xilinx\14.6\ISE_DS\ISE\..\..\..\DocNav;C:\Xilinx\14.6\ISE_DS\PlanAhead\bin;C:\Xilinx\14.6\ISE_DS\EDK\bin\nt64;C:\Xilinx\14.6\ISE_DS\EDK\lib\nt64;C:\Xilinx\14.6\ISE_DS\EDK\gnu\microblaze\nt\bin;C:\Xilinx\14.6\ISE_DS\EDK\gnu\powerpc-eabi\nt\bin;C:\Xilinx\14.6\ISE_DS\EDK\gnuwin\bin;C:\Xilinx\14.6\ISE_DS\EDK\gnu\arm\nt\bin;C:\Xilinx\14.6\ISE_DS\EDK\gnu\microblaze\linux_toolchain\nt64_be\bin;C:\Xilinx\14.6\ISE_DS\EDK\gnu\microblaze\linux_toolchain\nt64_le\bin;C:\Xilinx\14.6\ISE_DS\common\bin\nt64;C:\Xilinx\14.6\ISE_DS\common\lib\nt64;C:\Python27\;C:\Python27\Scripts;C:\Windows\system32;C:\Windows;C:\Windows\System32\Wbem;C:\Windows\System32\WindowsPowerShell\v1.0\;C:\Program Files (x86)\nodejs\;C:\Program Files (x86)\Calibre2\;C:\Program Files (x86)\Windows Live\Shared;C:\Program Files\MATLAB\R2009b\runtime\win64;C:\Program Files\MATLAB\R2009b\bin;C:\Ruby193\bin;0X0.000000P-1022PPDATA\Python\Scripts;C:\Windows\System;C:\Program Files (x86)\Google\google_appengine\
USERNAME=manuel
OS=Windows_NT
PROCESSOR_IDENTIFIER=Intel64 Family 6 Model 37 Stepping 5, GenuineIntel



---------------  S Y S T E M  ---------------

OS: Windows 8 , 64 bit Build 9200 

CPU:total 4 (2 cores per cpu, 2 threads per core) family 6 model 37 stepping 5, cmov, cx8, fxsr, mmx, sse, sse2, sse3, ssse3, sse4.1, sse4.2, popcnt, ht, tsc, tscinvbit

Memory: 4k page, physical 4051384k(1126940k free), swap 11915704k(7185300k free)

vm_info: Java HotSpot(TM) 64-Bit Server VM (23.7-b01) for windows-amd64 JRE (1.7.0_17-b02), built on Mar  1 2013 03:38:30 by "java_re" with unknown MS VC++:1600

time: Wed Aug 21 18:35:52 2013
elapsed time: 3 seconds

