#
# A fatal error has been detected by the Java Runtime Environment:
#
#  EXCEPTION_ACCESS_VIOLATION (0xc0000005) at pc=0x000007f899ea1355, pid=5692, tid=7024
#
# JRE version: 7.0_17-b02
# Java VM: Java HotSpot(TM) 64-Bit Server VM (23.7-b01 mixed mode windows-amd64 compressed oops)
# Problematic frame:
# C  [msvcrt.dll+0x1355]  free_dbg+0x5
#
# Failed to write core dump. Minidumps are not enabled by default on client versions of Windows
#
# If you would like to submit a bug report, please visit:
#   http://bugreport.sun.com/bugreport/crash.jsp
# The crash happened outside the Java Virtual Machine in native code.
# See problematic frame for where to report the bug.
#

---------------  T H R E A D  ---------------

Current thread (0x0000000034ca5800):  JavaThread "Swing-Shell" daemon [_thread_in_native, id=7024, stack(0x0000000034db0000,0x00000000350b0000)]

siginfo: ExceptionCode=0xc0000005, reading address 0x00000000000000c5

Registers:
RAX=0x00000000000000c5, RBX=0x000007f89a117ec0, RCX=0x000000002dfdf16c, RDX=0x000007f86c13d5b4
RSP=0x00000000350ac458, RBP=0x00000000350ac560, RSI=0x0000000080040111, RDI=0x0000000000000000
R8 =0x0000000000000010, R9 =0x0000000000000000, R10=0x000000002dfdf16c, R11=0x000007f8996215f8
R12=0x000007f89a117eb0, R13=0x00000000350aca28, R14=0x000000002dfdf16c, R15=0x0000000000000000
RIP=0x000007f899ea1355, EFLAGS=0x0000000000010293

Top of Stack: (sp=0x00000000350ac458)
0x00000000350ac458:   000007f89a0b28e6 0000000000000002
0x00000000350ac468:   00000000350ac5b8 0000000000000a00
0x00000000350ac478:   00000000350ac5b8 000000000000004e
0x00000000350ac488:   00000000350ac620 0000000100000000
0x00000000350ac498:   000007f89a12be88 0000000000000401
0x00000000350ac4a8:   0000000000000000 0000000000000000
0x00000000350ac4b8:   00000000350ac540 004600460044007b
0x00000000350ac4c8:   0043004400430041 00370036002d0035
0x00000000350ac4d8:   0034002d00460039 002d003600350031
0x00000000350ac4e8:   0037003400390038 004300350043002d
0x00000000350ac4f8:   0043004200360037 0037003600420030
0x00000000350ac508:   00000000007d0046 000000002dfc0000
0x00000000350ac518:   00000000350ac620 0000000000000000
0x00000000350ac528:   000007f89a1208e8 0000000000000027
0x00000000350ac538:   000007f89a0d3c14 0000000000000001
0x00000000350ac548:   0000000000008000 fffffffffffffffe 

Instructions: (pc=0x000007f899ea1355)
0x000007f899ea1335:   3a 04 0a 75 1b 48 ff c1 49 ff c8 f6 c1 07 75 ee
0x000007f899ea1345:   eb 87 cc 90 90 90 90 90 90 90 90 48 b8 60 81 91
0x000007f899ea1355:   0a 00 00 00 00 ff e0 90 90 90 90 90 90 90 90 48
0x000007f899ea1365:   b8 60 73 91 0a 00 00 00 00 ff e0 83 ec 20 48 83 


Register to memory mapping:

RAX=0x00000000000000c5 is an unknown value
RBX=0x000007f89a117ec0 is an unknown value
RCX=0x000000002dfdf16c is an unknown value
RDX=0x000007f86c13d5b4 is an unknown value
RSP=0x00000000350ac458 is pointing into the stack for thread: 0x0000000034ca5800
RBP=0x00000000350ac560 is pointing into the stack for thread: 0x0000000034ca5800
RSI=0x0000000080040111 is an unknown value
RDI=0x0000000000000000 is an unknown value
R8 =0x0000000000000010 is an unknown value
R9 =0x0000000000000000 is an unknown value
R10=0x000000002dfdf16c is an unknown value
R11=0x000007f8996215f8 is an unknown value
R12=0x000007f89a117eb0 is an unknown value
R13=0x00000000350aca28 is pointing into the stack for thread: 0x0000000034ca5800
R14=0x000000002dfdf16c is an unknown value
R15=0x0000000000000000 is an unknown value


Stack: [0x0000000034db0000,0x00000000350b0000],  sp=0x00000000350ac458,  free space=3057k
Native frames: (J=compiled Java code, j=interpreted, Vv=VM code, C=native code)
C  [msvcrt.dll+0x1355]  free_dbg+0x5

Java frames: (J=compiled Java code, j=interpreted, Vv=VM code)
j  sun.awt.shell.Win32ShellFolder2.getDisplayNameOf(JJI)Ljava/lang/String;+0
j  sun.awt.shell.Win32ShellFolder2.getFileSystemPath(JJ)Ljava/lang/String;+66
j  sun.awt.shell.Win32ShellFolder2.access$400(JJ)Ljava/lang/String;+2
j  sun.awt.shell.Win32ShellFolder2$10.call()Lsun/awt/shell/Win32ShellFolder2;+50
j  sun.awt.shell.Win32ShellFolder2$10.call()Ljava/lang/Object;+1
j  java.util.concurrent.FutureTask$Sync.innerRun()V+29
j  java.util.concurrent.FutureTask.run()V+4
j  java.util.concurrent.ThreadPoolExecutor.runWorker(Ljava/util/concurrent/ThreadPoolExecutor$Worker;)V+95
j  java.util.concurrent.ThreadPoolExecutor$Worker.run()V+5
j  sun.awt.shell.Win32ShellFolderManager2$ComInvoker$3.run()V+7
j  java.lang.Thread.run()V+11
v  ~StubRoutines::call_stub

---------------  P R O C E S S  ---------------

Java Threads: ( => current thread )
=>0x0000000034ca5800 JavaThread "Swing-Shell" daemon [_thread_in_native, id=7024, stack(0x0000000034db0000,0x00000000350b0000)]
  0x0000000034011000 JavaThread "HFileChooser Load File/Folder Choosers Thread" [_thread_blocked, id=5148, stack(0x00000000340b0000,0x00000000343b0000)]
  0x000000002e864800 JavaThread "Monitor File Timestamp" [_thread_blocked, id=10216, stack(0x0000000032ab0000,0x0000000032db0000)]
  0x000000002b2d6800 JavaThread "Image Fetcher 3" daemon [_thread_blocked, id=7852, stack(0x000000002f1b0000,0x000000002f4b0000)]
  0x000000002b366800 JavaThread "Image Fetcher 2" daemon [_thread_blocked, id=7448, stack(0x000000002eeb0000,0x000000002f1b0000)]
  0x0000000029891000 JavaThread "D3D Screen Updater" daemon [_thread_blocked, id=8256, stack(0x000000002eab0000,0x000000002edb0000)]
  0x000000002a505000 JavaThread "Image Fetcher 1" daemon [_thread_blocked, id=8752, stack(0x000000002e030000,0x000000002e330000)]
  0x000000002ab32800 JavaThread "Image Fetcher 0" daemon [_thread_blocked, id=188, stack(0x000000002b830000,0x000000002bb30000)]
  0x0000000018d1d800 JavaThread "AWT-EventQueue-1" [_thread_in_Java, id=10036, stack(0x000000002aec0000,0x000000002b1c0000)]
  0x0000000016326800 JavaThread "Process Messages" [_thread_blocked, id=64, stack(0x000000002abc0000,0x000000002aec0000)]
  0x0000000019d02000 JavaThread "Thread-3" [_thread_blocked, id=8424, stack(0x0000000003c80000,0x0000000005080000)]
  0x000000002a717800 JavaThread "AWT-EventQueue-0" [_thread_blocked, id=8916, stack(0x000000002a7c0000,0x000000002aac0000)]
  0x00000000274e4000 JavaThread "AWT-Windows" daemon [_thread_in_native, id=7148, stack(0x0000000029360000,0x0000000029660000)]
  0x00000000274d1000 JavaThread "AWT-Shutdown" [_thread_blocked, id=2020, stack(0x0000000029060000,0x0000000029360000)]
  0x00000000274d2000 JavaThread "Java2D Disposer" daemon [_thread_blocked, id=8884, stack(0x0000000028d60000,0x0000000029060000)]
  0x00000000283f0800 JavaThread "TimerQueue" daemon [_thread_blocked, id=6512, stack(0x0000000028960000,0x0000000028c60000)]
  0x0000000025a50800 JavaThread "Service Thread" daemon [_thread_blocked, id=8832, stack(0x0000000026ed0000,0x00000000271d0000)]
  0x0000000020f15000 JavaThread "C1 CompilerThread2" daemon [_thread_blocked, id=9900, stack(0x0000000026dd0000,0x0000000026ed0000)]
  0x0000000020f10800 JavaThread "C2 CompilerThread1" daemon [_thread_in_native, id=4524, stack(0x0000000026cd0000,0x0000000026dd0000)]
  0x0000000020e81000 JavaThread "C2 CompilerThread0" daemon [_thread_blocked, id=9388, stack(0x0000000026bd0000,0x0000000026cd0000)]
  0x0000000020f01800 JavaThread "Attach Listener" daemon [_thread_blocked, id=5184, stack(0x00000000268d0000,0x0000000026bd0000)]
  0x00000000261e2000 JavaThread "Signal Dispatcher" daemon [_thread_blocked, id=5852, stack(0x00000000265d0000,0x00000000268d0000)]
  0x00000000261e4000 JavaThread "Surrogate Locker Thread (Concurrent GC)" daemon [_thread_blocked, id=8140, stack(0x00000000262d0000,0x00000000265d0000)]
  0x0000000020ea5800 JavaThread "Finalizer" daemon [_thread_blocked, id=9036, stack(0x0000000025ed0000,0x00000000261d0000)]
  0x0000000020ea7000 JavaThread "Reference Handler" daemon [_thread_blocked, id=7084, stack(0x0000000025bd0000,0x0000000025ed0000)]
  0x0000000019d3b000 JavaThread "main" [_thread_blocked, id=9916, stack(0x0000000019ef0000,0x0000000019ff0000)]

Other Threads:
  0x0000000020e52000 VMThread [stack: 0x0000000025ad0000,0x0000000025bd0000] [id=8896]
  0x0000000026247800 WatcherThread [stack: 0x00000000271d0000,0x00000000272d0000] [id=9376]

VM state:not at safepoint (normal execution)

VM Mutex/Monitor currently owned by a thread:  ([mutex/lock_event])
[0x0000000019dc0880] SystemDictionary_lock - owner thread: 0x0000000000000000

Heap
 par new generation   total 55296K, used 18479K [0x0000000778000000, 0x000000077bc00000, 0x000000077bc00000)
  eden space 49152K,  25% used [0x0000000778000000, 0x0000000778c0bcf8, 0x000000077b000000)
  from space 6144K, 100% used [0x000000077b000000, 0x000000077b600000, 0x000000077b600000)
  to   space 6144K,   0% used [0x000000077b600000, 0x000000077b600000, 0x000000077bc00000)
 concurrent mark-sweep generation total 69632K, used 10355K [0x000000077bc00000, 0x0000000780000000, 0x00000007f8000000)
 concurrent-mark-sweep perm gen total 131072K, used 26121K [0x00000007f8000000, 0x0000000800000000, 0x0000000800000000)

Card table byte_map: [0x0000000020590000,0x00000000209e0000] byte_map_base: 0x000000001c9d0000

Polling page: 0x0000000019ff0000

Code Cache  [0x000000001a010000, 0x000000001a5f0000, 0x0000000020010000)
 total_blobs=2125 nmethods=1535 adapters=507 free_code_cache=92505Kb largest_free_block=94546560

Compilation events (10 events):
Event: 2.955 Thread 0x0000000020e81000 nmethod 1783 0x000000001a284b90 code [0x000000001a284d60, 0x000000001a285ab0]
Event: 2.955 Thread 0x0000000020e81000 1786       4       javax.swing.UIDefaults::get (21 bytes)
Event: 2.955 Thread 0x0000000020f15000 nmethod 1785 0x000000001a3f8bd0 code [0x000000001a3f9540, 0x000000001a400718]
Event: 2.961 Thread 0x0000000020e81000 nmethod 1786 0x000000001a284010 code [0x000000001a284180, 0x000000001a2847f8]
Event: 2.964 Thread 0x0000000020f15000 1787       3       java.util.ArrayList::toArray (60 bytes)
Event: 2.965 Thread 0x0000000020f15000 nmethod 1787 0x000000001a40c450 code [0x000000001a40c5e0, 0x000000001a40cbb8]
Event: 2.965 Thread 0x0000000020f15000 1788       3       java.lang.Integer::stringSize (21 bytes)
Event: 2.965 Thread 0x0000000020f15000 nmethod 1788 0x000000001a482010 code [0x000000001a482180, 0x000000001a4823b0]
Event: 2.966 Thread 0x0000000020f15000 1789       3       java.lang.Integer::getChars (131 bytes)
Event: 2.967 Thread 0x0000000020f15000 nmethod 1789 0x000000001a4ad390 code [0x000000001a4ad540, 0x000000001a4ad9f0]

GC Heap History (4 events):
Event: 0.934 GC heap before
{Heap before GC invocations=0 (full 0):
 par new generation   total 55296K, used 49152K [0x0000000778000000, 0x000000077bc00000, 0x000000077bc00000)
  eden space 49152K, 100% used [0x0000000778000000, 0x000000077b000000, 0x000000077b000000)
  from space 6144K,   0% used [0x000000077b000000, 0x000000077b000000, 0x000000077b600000)
  to   space 6144K,   0% used [0x000000077b600000, 0x000000077b600000, 0x000000077bc00000)
 concurrent mark-sweep generation total 69632K, used 0K [0x000000077bc00000, 0x0000000780000000, 0x00000007f8000000)
 concurrent-mark-sweep perm gen total 131072K, used 13051K [0x00000007f8000000, 0x0000000800000000, 0x0000000800000000)
Event: 0.947 GC heap after
Heap after GC invocations=1 (full 0):
 par new generation   total 55296K, used 6144K [0x0000000778000000, 0x000000077bc00000, 0x000000077bc00000)
  eden space 49152K,   0% used [0x0000000778000000, 0x0000000778000000, 0x000000077b000000)
  from space 6144K, 100% used [0x000000077b600000, 0x000000077bc00000, 0x000000077bc00000)
  to   space 6144K,   0% used [0x000000077b000000, 0x000000077b000000, 0x000000077b600000)
 concurrent mark-sweep generation total 69632K, used 584K [0x000000077bc00000, 0x0000000780000000, 0x00000007f8000000)
 concurrent-mark-sweep perm gen total 131072K, used 13051K [0x00000007f8000000, 0x0000000800000000, 0x0000000800000000)
}
Event: 2.469 GC heap before
{Heap before GC invocations=1 (full 0):
 par new generation   total 55296K, used 55296K [0x0000000778000000, 0x000000077bc00000, 0x000000077bc00000)
  eden space 49152K, 100% used [0x0000000778000000, 0x000000077b000000, 0x000000077b000000)
  from space 6144K, 100% used [0x000000077b600000, 0x000000077bc00000, 0x000000077bc00000)
  to   space 6144K,   0% used [0x000000077b000000, 0x000000077b000000, 0x000000077b600000)
 concurrent mark-sweep generation total 69632K, used 584K [0x000000077bc00000, 0x0000000780000000, 0x00000007f8000000)
 concurrent-mark-sweep perm gen total 131072K, used 22986K [0x00000007f8000000, 0x0000000800000000, 0x0000000800000000)
Event: 2.518 GC heap after
Heap after GC invocations=2 (full 0):
 par new generation   total 55296K, used 6144K [0x0000000778000000, 0x000000077bc00000, 0x000000077bc00000)
  eden space 49152K,   0% used [0x0000000778000000, 0x0000000778000000, 0x000000077b000000)
  from space 6144K, 100% used [0x000000077b000000, 0x000000077b600000, 0x000000077b600000)
  to   space 6144K,   0% used [0x000000077b600000, 0x000000077b600000, 0x000000077bc00000)
 concurrent mark-sweep generation total 69632K, used 10355K [0x000000077bc00000, 0x0000000780000000, 0x00000007f8000000)
 concurrent-mark-sweep perm gen total 131072K, used 22986K [0x00000007f8000000, 0x0000000800000000, 0x0000000800000000)
}

Deoptimization events (10 events):
Event: 2.839 Thread 0x0000000018d1d800 Uncommon trap -34 fr.pc 0x000000001a203ce4
Event: 2.841 Thread 0x0000000018d1d800 Uncommon trap -34 fr.pc 0x000000001a14f448
Event: 2.845 Thread 0x0000000018d1d800 Uncommon trap -34 fr.pc 0x000000001a14f448
Event: 2.911 Thread 0x0000000034011000 Uncommon trap -83 fr.pc 0x000000001a59ec3c
Event: 2.918 Thread 0x0000000034011000 Uncommon trap -58 fr.pc 0x000000001a4598e8
Event: 2.921 Thread 0x0000000034011000 Uncommon trap -58 fr.pc 0x000000001a4598e8
Event: 2.922 Thread 0x0000000034011000 Uncommon trap -58 fr.pc 0x000000001a4598e8
Event: 2.923 Thread 0x0000000034011000 Uncommon trap -58 fr.pc 0x000000001a4598e8
Event: 2.924 Thread 0x0000000034011000 Uncommon trap -58 fr.pc 0x000000001a440f54
Event: 2.963 Thread 0x0000000034011000 Uncommon trap 668 fr.pc 0x000000001a552e14

Internal exceptions (10 events):
Event: 2.897 Thread 0x0000000018d1d800 Threw 0x00000007789ef3e0 at C:\jdk7u2_64p\jdk7u17\hotspot\src\share\vm\prims\jvm.cpp:1166
Event: 2.899 Thread 0x0000000018d1d800 Threw 0x00000007789faf50 at C:\jdk7u2_64p\jdk7u17\hotspot\src\share\vm\prims\jvm.cpp:1166
Event: 2.900 Thread 0x0000000018d1d800 Threw 0x00000007789ff620 at C:\jdk7u2_64p\jdk7u17\hotspot\src\share\vm\prims\jvm.cpp:1166
Event: 2.901 Thread 0x0000000018d1d800 Threw 0x0000000778a14b18 at C:\jdk7u2_64p\jdk7u17\hotspot\src\share\vm\prims\jvm.cpp:1166
Event: 2.904 Thread 0x0000000018d1d800 Threw 0x0000000778a1b110 at C:\jdk7u2_64p\jdk7u17\hotspot\src\share\vm\prims\jvm.cpp:1166
Event: 2.905 Thread 0x0000000034011000 Threw 0x0000000778a6c758 at C:\jdk7u2_64p\jdk7u17\hotspot\src\share\vm\prims\jvm.cpp:1166
Event: 2.906 Thread 0x0000000018d1d800 Threw 0x0000000778a26c10 at C:\jdk7u2_64p\jdk7u17\hotspot\src\share\vm\prims\jvm.cpp:1166
Event: 2.907 Thread 0x0000000034011000 Threw 0x0000000778a6fde0 at C:\jdk7u2_64p\jdk7u17\hotspot\src\share\vm\prims\jvm.cpp:1166
Event: 2.916 Thread 0x0000000034011000 Threw 0x0000000778a79430 at C:\jdk7u2_64p\jdk7u17\hotspot\src\share\vm\prims\jvm.cpp:1166
Event: 2.917 Thread 0x0000000034011000 Threw 0x0000000778a7c5d8 at C:\jdk7u2_64p\jdk7u17\hotspot\src\share\vm\prims\jvm.cpp:1166

Events (10 events):
Event: 2.973 loading class 0x000000002a7b3680
Event: 2.973 loading class 0x000000002a7b3680 done
Event: 2.974 loading class 0x000000002a7b37d0
Event: 2.974 loading class 0x000000002a7b37d0 done
Event: 2.976 loading class 0x000000002a7b3830
Event: 2.976 loading class 0x000000002a7b3830 done
Event: 2.978 loading class 0x000000002a7b3620
Event: 2.978 loading class 0x000000002a7b3620 done
Event: 2.978 loading class 0x000000002a7b38f0
Event: 2.978 loading class 0x000000002a7b38f0 done


Dynamic libraries:
0x0000000140000000 - 0x000000014000e000 	C:\Xilinx\14.6\ISE_DS\PlanAhead\bin\unwrapped\win64.o\planAhead.exe
0x000007f89b810000 - 0x000007f89b9ce000 	C:\Windows\SYSTEM32\ntdll.dll
0x000007f899d50000 - 0x000007f899e86000 	C:\Windows\system32\KERNEL32.DLL
0x000007f8987b0000 - 0x000007f8988a3000 	C:\Windows\system32\KERNELBASE.dll
0x000000000a900000 - 0x000000000a945000 	C:\Xilinx\14.6\ISE_DS\PlanAhead\lib\win64.o\SHSMP64.dll
0x0000000180000000 - 0x0000000180013000 	C:\Xilinx\14.6\ISE_DS\PlanAhead\lib\win64.o\libboost_signals.dll
0x00000000002f0000 - 0x0000000000b71000 	C:\Xilinx\14.6\ISE_DS\PlanAhead\lib\win64.o\librdi_common.dll
0x0000000000b80000 - 0x0000000000b96000 	C:\Xilinx\14.6\ISE_DS\PlanAhead\lib\win64.o\librdi_commonmain.dll
0x0000000000ba0000 - 0x0000000000c8e000 	C:\Xilinx\14.6\ISE_DS\PlanAhead\lib\win64.o\stlport.5.2.dll
0x0000000071620000 - 0x00000000716c3000 	C:\Windows\WinSxS\amd64_microsoft.vc90.crt_1fc8b3b9a1e18e3b_9.0.30729.6871_none_08e717a5a83adddf\MSVCR90.dll
0x000007f89b6c0000 - 0x000007f89b80c000 	C:\Windows\system32\USER32.dll
0x000007f899c70000 - 0x000007f899d4e000 	C:\Windows\system32\ADVAPI32.dll
0x000007f895d40000 - 0x000007f895d49000 	C:\Windows\SYSTEM32\VERSION.dll
0x0000000000ce0000 - 0x0000000000fc9000 	C:\Xilinx\14.6\ISE_DS\PlanAhead\lib\win64.o\libCOIN-all.dll
0x0000000000fd0000 - 0x0000000001185000 	C:\Xilinx\14.6\ISE_DS\PlanAhead\lib\win64.o\libSecurity.dll
0x0000000001190000 - 0x000000000119f000 	C:\Xilinx\14.6\ISE_DS\PlanAhead\lib\win64.o\libboost_date_time.dll
0x00000000011a0000 - 0x00000000011c7000 	C:\Xilinx\14.6\ISE_DS\PlanAhead\lib\win64.o\libboost_filesystem.dll
0x00000000011d0000 - 0x0000000001241000 	C:\Xilinx\14.6\ISE_DS\PlanAhead\lib\win64.o\libboost_program_options.dll
0x0000000001250000 - 0x00000000012ff000 	C:\Xilinx\14.6\ISE_DS\PlanAhead\lib\win64.o\libboost_regex.dll
0x0000000001300000 - 0x0000000001309000 	C:\Xilinx\14.6\ISE_DS\PlanAhead\lib\win64.o\libboost_system.dll
0x0000000001310000 - 0x0000000001326000 	C:\Xilinx\14.6\ISE_DS\PlanAhead\lib\win64.o\libboost_thread.dll
0x0000000001330000 - 0x0000000001373000 	C:\Xilinx\14.6\ISE_DS\PlanAhead\lib\win64.o\libcurl.dll
0x0000000001380000 - 0x0000000001403000 	C:\Xilinx\14.6\ISE_DS\PlanAhead\lib\win64.o\libhdlpsolve.dll
0x0000000001410000 - 0x00000000014c7000 	C:\Xilinx\14.6\ISE_DS\PlanAhead\lib\win64.o\libhdxml.dll
0x00000000014d0000 - 0x0000000001a130d3 	C:\Xilinx\14.6\ISE_DS\PlanAhead\lib\win64.o\libisl_iostreams.dll
0x0000000001a20000 - 0x0000000001a49000 	C:\Xilinx\14.6\ISE_DS\PlanAhead\lib\win64.o\libisl_sysinfo.dll
0x0000000070180000 - 0x000000007089f000 	C:\Xilinx\14.6\ISE_DS\PlanAhead\tps\win64\jre\bin\server\jvm.dll
0x0000000001a50000 - 0x0000000001a62000 	C:\Xilinx\14.6\ISE_DS\PlanAhead\lib\win64.o\pthreadVC.dll
0x0000000001a70000 - 0x0000000001a86000 	C:\Xilinx\14.6\ISE_DS\PlanAhead\lib\win64.o\librdiconfig.dll
0x0000000001a90000 - 0x0000000001aae000 	C:\Xilinx\14.6\ISE_DS\PlanAhead\lib\win64.o\librdizlib.dll
0x0000000010000000 - 0x000000001012a000 	C:\Xilinx\14.6\ISE_DS\PlanAhead\lib\win64.o\tcl85t.dll
0x0000000012000000 - 0x0000000012282000 	C:\Xilinx\14.6\ISE_DS\PlanAhead\lib\win64.o\xerces-c_3_1.dll
0x000007f899e90000 - 0x000007f899e97000 	C:\Windows\system32\PSAPI.DLL
0x000007f898d20000 - 0x000007f898f4d000 	C:\Windows\system32\WININET.dll
0x000007f892f50000 - 0x000007f893001000 	C:\Windows\SYSTEM32\WINHTTP.dll
0x000007f899f50000 - 0x000007f89a0a9000 	C:\Windows\system32\urlmon.dll
0x000007f891e10000 - 0x000007f891e19000 	C:\Windows\SYSTEM32\WSOCK32.dll
0x0000000071540000 - 0x0000000071613000 	C:\Windows\WinSxS\amd64_microsoft.vc90.crt_1fc8b3b9a1e18e3b_9.0.30729.6871_none_08e717a5a83adddf\MSVCP90.dll
0x000007f89a0b0000 - 0x000007f89b38e000 	C:\Windows\system32\SHELL32.dll
0x000007f899480000 - 0x000007f8995c0000 	C:\Windows\system32\GDI32.dll
0x000007f899ea0000 - 0x000007f899f45000 	C:\Windows\system32\msvcrt.dll
0x000007f8995c0000 - 0x000007f899608000 	C:\Windows\SYSTEM32\sechost.dll
0x000007f89b3a0000 - 0x000007f89b4e0000 	C:\Windows\system32\RPCRT4.dll
0x000007f8970b0000 - 0x000007f8970c5000 	C:\Windows\SYSTEM32\NETAPI32.dll
0x000007f898c20000 - 0x000007f898cc1000 	C:\Windows\system32\COMDLG32.dll
0x000007f898b70000 - 0x000007f898c14000 	C:\Windows\WinSxS\amd64_microsoft.windows.common-controls_6595b64144ccf1df_5.82.9200.16384_none_7762d5fd3178b04e\COMCTL32.dll
0x0000000001b50000 - 0x0000000001b5c000 	C:\Xilinx\14.6\ISE_DS\PlanAhead\lib\win64.o\libboost_chrono.dll
0x000007f899a70000 - 0x000007f899ac8000 	C:\Windows\system32\WS2_32.dll
0x000007f899a10000 - 0x000007f899a6e000 	C:\Windows\system32\WLDAP32.dll
0x0000000001b90000 - 0x0000000001ba9000 	C:\Xilinx\14.6\ISE_DS\PlanAhead\lib\win64.o\libboost_iostreams.dll
0x000007f88ec50000 - 0x000007f88ec70000 	C:\Windows\SYSTEM32\WINMM.dll
0x00000000700a0000 - 0x0000000070172000 	C:\Windows\SYSTEM32\MSVCR100.dll
0x000007f899660000 - 0x000007f8998ec000 	C:\Windows\system32\iertutil.dll
0x000007f8992d0000 - 0x000007f899480000 	C:\Windows\SYSTEM32\combase.dll
0x000007f899150000 - 0x000007f8992ce000 	C:\Windows\system32\ole32.dll
0x000007f899610000 - 0x000007f899660000 	C:\Windows\system32\SHLWAPI.dll
0x000007f8979f0000 - 0x000007f8979fe000 	C:\Windows\SYSTEM32\netutils.dll
0x000007f8982a0000 - 0x000007f8982c4000 	C:\Windows\SYSTEM32\srvcli.dll
0x000007f897070000 - 0x000007f897085000 	C:\Windows\SYSTEM32\wkscli.dll
0x000007f898cd0000 - 0x000007f898cd9000 	C:\Windows\system32\NSI.dll
0x000007f88ec10000 - 0x000007f88ec42000 	C:\Windows\SYSTEM32\WINMMBASE.dll
0x000007f896280000 - 0x000007f896316000 	C:\Windows\SYSTEM32\SHCORE.DLL
0x000007f898ce0000 - 0x000007f898d19000 	C:\Windows\system32\IMM32.DLL
0x000007f8998f0000 - 0x000007f899a05000 	C:\Windows\system32\MSCTF.dll
0x0000000005080000 - 0x0000000005373000 	C:\Xilinx\14.6\ISE_DS\PlanAhead\lib\win64.o\librdi_commontasks.dll
0x0000000005980000 - 0x0000000005fc0000 	C:\Xilinx\14.6\ISE_DS\PlanAhead\lib\win64.o\librdi_coretasks.dll
0x0000000005fc0000 - 0x0000000006187000 	C:\Xilinx\14.6\ISE_DS\PlanAhead\lib\win64.o\librdi_chipscope.dll
0x0000000006190000 - 0x00000000071b0000 	C:\Xilinx\14.6\ISE_DS\PlanAhead\lib\win64.o\librdi_constraints.dll
0x00000000071b0000 - 0x000000000847c000 	C:\Xilinx\14.6\ISE_DS\PlanAhead\lib\win64.o\librdi_coregen.dll
0x000000000a950000 - 0x000000000dfa1000 	C:\Xilinx\14.6\ISE_DS\PlanAhead\lib\win64.o\librdi_designutils.dll
0x0000000008480000 - 0x000000000905a000 	C:\Xilinx\14.6\ISE_DS\PlanAhead\lib\win64.o\librdi_device.dll
0x0000000009060000 - 0x0000000009374000 	C:\Xilinx\14.6\ISE_DS\PlanAhead\lib\win64.o\librdi_drc.dll
0x0000000009380000 - 0x000000000960e000 	C:\Xilinx\14.6\ISE_DS\PlanAhead\lib\win64.o\librdi_filemgmt.dll
0x0000000009610000 - 0x00000000099e6000 	C:\Xilinx\14.6\ISE_DS\PlanAhead\lib\win64.o\librdi_netlist.dll
0x000000000dfb0000 - 0x000000000f0d3000 	C:\Xilinx\14.6\ISE_DS\PlanAhead\lib\win64.o\librdi_place.dll
0x00000000099f0000 - 0x0000000009f12000 	C:\Xilinx\14.6\ISE_DS\PlanAhead\lib\win64.o\librdi_power.dll
0x0000000009f20000 - 0x000000000a2d3000 	C:\Xilinx\14.6\ISE_DS\PlanAhead\lib\win64.o\librdi_project.dll
0x000000000a2e0000 - 0x000000000a87d000 	C:\Xilinx\14.6\ISE_DS\PlanAhead\lib\win64.o\librdi_rsb.dll
0x000000000f0e0000 - 0x000000000f4d8000 	C:\Xilinx\14.6\ISE_DS\PlanAhead\lib\win64.o\librdi_runs.dll
0x000000000f4e0000 - 0x000000000ffb8000 	C:\Xilinx\14.6\ISE_DS\PlanAhead\lib\win64.o\librdi_timing.dll
0x0000000003650000 - 0x00000000036be000 	C:\Xilinx\14.6\ISE_DS\PlanAhead\lib\win64.o\liblmx6.0.dll
0x00000000036d0000 - 0x00000000036d8000 	C:\Xilinx\14.6\ISE_DS\PlanAhead\lib\win64.o\libpsta_dllwrapper.dll
0x0000000010130000 - 0x00000000108ff000 	C:\Xilinx\14.6\ISE_DS\PlanAhead\lib\win64.o\librdi_coregenipxact.dll
0x0000000010900000 - 0x00000000110a0000 	C:\Xilinx\14.6\ISE_DS\PlanAhead\lib\win64.o\libverific.dll
0x000000000a880000 - 0x000000000a8fd000 	C:\Xilinx\14.6\ISE_DS\PlanAhead\lib\win64.o\libboost_serialization.dll
0x00000000110a0000 - 0x00000000115e4000 	C:\Xilinx\14.6\ISE_DS\PlanAhead\lib\win64.o\librdi_xdm.dll
0x00000000115f0000 - 0x0000000011680000 	C:\Xilinx\14.6\ISE_DS\PlanAhead\lib\win64.o\libise.dll
0x0000000011680000 - 0x0000000011c5c000 	C:\Xilinx\14.6\ISE_DS\PlanAhead\lib\win64.o\librdi_abc_nomp.dll
0x0000000011c60000 - 0x0000000011d88000 	C:\Xilinx\14.6\ISE_DS\PlanAhead\lib\win64.o\librdi_dlyest.dll
0x0000000011d90000 - 0x0000000011daa000 	C:\Xilinx\14.6\ISE_DS\PlanAhead\lib\win64.o\librdi_hmetis.dll
0x0000000070080000 - 0x0000000070091000 	C:\Windows\WinSxS\amd64_microsoft.vc90.openmp_1fc8b3b9a1e18e3b_9.0.30729.6161_none_390d35aa0a1f21f9\VCOMP90.DLL
0x0000000012290000 - 0x000000001287e000 	C:\Xilinx\14.6\ISE_DS\PlanAhead\lib\win64.o\librdi_route.dll
0x0000000011dd0000 - 0x0000000011ffa000 	C:\Xilinx\14.6\ISE_DS\PlanAhead\lib\win64.o\librdi_labtools.dll
0x0000000012880000 - 0x0000000012dbb000 	C:\Xilinx\14.6\ISE_DS\PlanAhead\lib\win64.o\librdi_memdata.dll
0x0000000012dc0000 - 0x00000000144ef000 	C:\Xilinx\14.6\ISE_DS\PlanAhead\lib\win64.o\librdi_synth.dll
0x0000000014500000 - 0x000000001493e000 	C:\Xilinx\14.6\ISE_DS\PlanAhead\lib\win64.o\librdi_ip.dll
0x0000000014a20000 - 0x0000000014a5d000 	C:\Xilinx\14.6\ISE_DS\PlanAhead\lib\win64.o\librdi_simbridge_kernel.dll
0x0000000014a60000 - 0x0000000014ed6000 	C:\Xilinx\14.6\ISE_DS\PlanAhead\lib\win64.o\librdi_wavedata.dll
0x0000000016330000 - 0x00000000183e8000 	C:\Xilinx\14.6\ISE_DS\PlanAhead\lib\win64.o\librdi_tcltasks.dll
0x0000000018400000 - 0x0000000018674000 	C:\Xilinx\14.6\ISE_DS\PlanAhead\lib\win64.o\librdi_bitstream.dll
0x0000000018680000 - 0x0000000018754000 	C:\Xilinx\14.6\ISE_DS\PlanAhead\lib\win64.o\librdi_dsp.dll
0x0000000018760000 - 0x00000000187ce000 	C:\Xilinx\14.6\ISE_DS\PlanAhead\lib\win64.o\librdi_edk.dll
0x00000000187d0000 - 0x00000000189de000 	C:\Xilinx\14.6\ISE_DS\PlanAhead\lib\win64.o\librdi_simdata.dll
0x0000000018d20000 - 0x0000000018e76000 	C:\Xilinx\14.6\ISE_DS\PlanAhead\lib\win64.o\librdi_planaheadtasks.dll
0x0000000018e90000 - 0x0000000019cd8000 	C:\Xilinx\14.6\ISE_DS\PlanAhead\lib\win64.o\librdi_ipservicestasks.dll
0x0000000070070000 - 0x000000007007f000 	C:\Xilinx\14.6\ISE_DS\PlanAhead\tps\win64\jre\bin\verify.dll
0x0000000070040000 - 0x0000000070068000 	C:\Xilinx\14.6\ISE_DS\PlanAhead\tps\win64\jre\bin\java.dll
0x0000000070020000 - 0x0000000070035000 	C:\Xilinx\14.6\ISE_DS\PlanAhead\tps\win64\jre\bin\zip.dll
0x0000000070000000 - 0x0000000070019000 	C:\Xilinx\14.6\ISE_DS\PlanAhead\tps\win64\jre\bin\net.dll
0x000007f897f30000 - 0x000007f897f8c000 	C:\Windows\system32\mswsock.dll
0x000000006ffe0000 - 0x000000006fff1000 	C:\Xilinx\14.6\ISE_DS\PlanAhead\tps\win64\jre\bin\nio.dll
0x00000000275d0000 - 0x00000000278b6000 	C:\Xilinx\14.6\ISE_DS\PlanAhead\lib\win64.o\librdi_fed.dll
0x00000000278d0000 - 0x0000000027b31000 	C:\Xilinx\14.6\ISE_DS\PlanAhead\lib\win64.o\librdi_guitools.dll
0x0000000027b50000 - 0x0000000027b57000 	C:\Xilinx\14.6\ISE_DS\PlanAhead\lib\win64.o\librdi_commonx11.dll
0x0000000027b70000 - 0x0000000027f5e000 	C:\Xilinx\14.6\ISE_DS\PlanAhead\lib\win64.o\librdi_rsbtasks.dll
0x0000000027f70000 - 0x00000000281b9000 	C:\Xilinx\14.6\ISE_DS\PlanAhead\lib\win64.o\librdi_labtoolstasks.dll
0x00000000281d0000 - 0x0000000028388000 	C:\Xilinx\14.6\ISE_DS\PlanAhead\lib\win64.o\librdi_simtcltasks.dll
0x000000006fe40000 - 0x000000006ffd3000 	C:\Xilinx\14.6\ISE_DS\PlanAhead\tps\win64\jre\bin\awt.dll
0x000007f899060000 - 0x000007f899123000 	C:\Windows\system32\OLEAUT32.dll
0x000007f893510000 - 0x000007f8935af000 	C:\Windows\system32\apphelp.dll
0x000007f897570000 - 0x000007f897656000 	C:\Windows\system32\uxtheme.dll
0x000007f896090000 - 0x000007f8960b1000 	C:\Windows\SYSTEM32\dwmapi.dll
0x000007f898520000 - 0x000007f89852a000 	C:\Windows\SYSTEM32\CRYPTBASE.dll
0x000007f8984c0000 - 0x000007f89851c000 	C:\Windows\SYSTEM32\bcryptPrimitives.dll
0x000007f897f90000 - 0x000007f897faa000 	C:\Windows\SYSTEM32\CRYPTSP.dll
0x000007f897c10000 - 0x000007f897c59000 	C:\Windows\system32\rsaenh.dll
0x000007f897d10000 - 0x000007f897d2f000 	C:\Windows\SYSTEM32\USERENV.dll
0x000007f8986e0000 - 0x000007f8986f5000 	C:\Windows\SYSTEM32\profapi.dll

VM Arguments:
jvm_args: -Dsun.java2d.pmoffscreen=false -Xverify:none -Dswing.aatext=true -XX:-UsePerfData -Djdk.map.althashing.threshold=512 -XX:PermSize=128m -XX:MaxPermSize=128m -XX:NewSize=60m -XX:MaxNewSize=60m -XX:+UseConcMarkSweepGC -XX:+UseParNewGC -XX:+CMSParallelRemarkEnabled -XX:+CMSScavengeBeforeRemark -XX:+UseNUMA -XX:+AggressiveOpts -XX:+UseFastAccessorMethods -XX:+UseFastEmptyMethods -XX:+UseBiasedLocking -XX:+TieredCompilation -Xms128m -Xmx2048m -Xss3m 
java_command: <unknown>
Launcher Type: generic

Environment Variables:
PATH=C:/Xilinx/14.6/ISE_DS/PlanAhead/bin;C:/Xilinx/14.6/ISE_DS/PlanAhead/lib/win64.o;C:/Xilinx/14.6/ISE_DS/PlanAhead/tps/win64/jre/bin/server;C:/Xilinx/14.6/ISE_DS/PlanAhead/tps/win64/jre/bin;C:/Xilinx/14.6/ISE_DS/EDK/bin/nt64;C:/Xilinx/14.6/ISE_DS/EDK/lib/nt64;C:/Xilinx/14.6/ISE_DS/ISE/bin/nt64;C:/Xilinx/14.6/ISE_DS/ISE/lib/nt64;C:/Xilinx/14.6/ISE_DS/common/bin/nt64;C:/Xilinx/14.6/ISE_DS/common/lib/nt64;C:\Xilinx\14.6\ISE_DS\ISE\\lib\nt;C:\Xilinx\14.6\ISE_DS\ISE\\bin\nt;C:\Xilinx\14.6\ISE_DS\ISE\bin\nt;C:\Xilinx\14.6\ISE_DS\ISE\lib\nt;C:\Xilinx\14.6\ISE_DS\ISE\..\..\..\DocNav;C:\Xilinx\14.6\ISE_DS\PlanAhead\bin;C:\Xilinx\14.6\ISE_DS\EDK\bin\nt;C:\Xilinx\14.6\ISE_DS\EDK\lib\nt;C:\Xilinx\14.6\ISE_DS\EDK\gnu\microblaze\nt\bin;C:\Xilinx\14.6\ISE_DS\EDK\gnu\powerpc-eabi\nt\bin;C:\Xilinx\14.6\ISE_DS\EDK\gnuwin\bin;C:\Xilinx\14.6\ISE_DS\EDK\gnu\arm\nt\bin;C:\Xilinx\14.6\ISE_DS\EDK\gnu\microblaze\linux_toolchain\nt_be\bin;C:\Xilinx\14.6\ISE_DS\EDK\gnu\microblaze\linux_toolchain\nt_le\bin;C:\Xilinx\14.6\ISE_DS\common\bin\nt;C:\Xilinx\14.6\ISE_DS\common\lib\nt;C:\Python27\;C:\Python27\Scripts;C:\Windows\system32;C:\Windows;C:\Windows\System32\Wbem;C:\Windows\System32\WindowsPowerShell\v1.0\;C:\Program Files (x86)\nodejs\;C:\Program Files (x86)\Calibre2\;C:\Program Files (x86)\Windows Live\Shared;C:\Program Files\MATLAB\R2009b\runtime\win64;C:\Program Files\MATLAB\R2009b\bin;C:\Ruby193\bin;C:\Users\manuel\AppData\Roaming\Python\Scripts;C:\Windows\System;C:\Program Files (x86)\Google\google_appengine\
USERNAME=manuel
OS=Windows_NT
PROCESSOR_IDENTIFIER=Intel64 Family 6 Model 37 Stepping 5, GenuineIntel



---------------  S Y S T E M  ---------------

OS: Windows 8 , 64 bit Build 9200 

CPU:total 4 (2 cores per cpu, 2 threads per core) family 6 model 37 stepping 5, cmov, cx8, fxsr, mmx, sse, sse2, sse3, ssse3, sse4.1, sse4.2, popcnt, ht, tsc, tscinvbit

Memory: 4k page, physical 4051384k(955868k free), swap 11915704k(7145020k free)

vm_info: Java HotSpot(TM) 64-Bit Server VM (23.7-b01) for windows-amd64 JRE (1.7.0_17-b02), built on Mar  1 2013 03:38:30 by "java_re" with unknown MS VC++:1600

time: Wed Aug 21 17:55:22 2013
elapsed time: 3 seconds

