Release 14.6 - ngc2edif P.68d (nt64)
Copyright (c) 1995-2013 Xilinx, Inc.  All rights reserved.
Reading design Mayority_Detector.ngc ...
WARNING:NetListWriters:298 - No output is written to Mayority_Detector.xncf,
   ignored.
Processing design ...
   Preping design's networks ...
   Preping design's macros ...
  finished :Prep
Writing EDIF netlist file Mayority_Detector.edif ...
ngc2edif: Total memory usage is 79096 kilobytes

Release 14.6 - ngc2edif P.68d (nt64)
Copyright (c) 1995-2013 Xilinx, Inc.  All rights reserved.
Reading design Mayority_Detector.ngc ...
WARNING:NetListWriters:298 - No output is written to Mayority_Detector.xncf,
   ignored.
Processing design ...
   Preping design's networks ...
   Preping design's macros ...
  finished :Prep
Writing EDIF netlist file Mayority_Detector.edif ...
ngc2edif: Total memory usage is 78328 kilobytes

