Release 14.6 - xst P.68d (nt)
Copyright (c) 1995-2013 Xilinx, Inc.  All rights reserved.
--> Parameter TMPDIR set to xst/projnav.tmp


Total REAL time to Xst completion: 0.00 secs
Total CPU time to Xst completion: 0.09 secs
 
--> Parameter xsthdpdir set to xst


Total REAL time to Xst completion: 0.00 secs
Total CPU time to Xst completion: 0.09 secs
 
--> Reading design: Grey.prj

TABLE OF CONTENTS
  1) Synthesis Options Summary
  2) HDL Compilation
  3) Design Hierarchy Analysis
  4) HDL Analysis
  5) HDL Synthesis
     5.1) HDL Synthesis Report
  6) Advanced HDL Synthesis
     6.1) Advanced HDL Synthesis Report
  7) Low Level Synthesis
  8) Partition Report
  9) Final Report
	9.1) Device utilization summary
	9.2) Partition Resource Summary
	9.3) TIMING REPORT


=========================================================================
*                      Synthesis Options Summary                        *
=========================================================================
---- Source Parameters
Input File Name                    : "Grey.prj"
Input Format                       : mixed
Ignore Synthesis Constraint File   : NO

---- Target Parameters
Output File Name                   : "Grey"
Output Format                      : NGC
Target Device                      : xc3s100e-5-cp132

---- Source Options
Top Module Name                    : Grey
Automatic FSM Extraction           : YES
FSM Encoding Algorithm             : Auto
Safe Implementation                : No
FSM Style                          : LUT
RAM Extraction                     : Yes
RAM Style                          : Auto
ROM Extraction                     : Yes
Mux Style                          : Auto
Decoder Extraction                 : YES
Priority Encoder Extraction        : Yes
Shift Register Extraction          : YES
Logical Shifter Extraction         : YES
XOR Collapsing                     : YES
ROM Style                          : Auto
Mux Extraction                     : Yes
Resource Sharing                   : YES
Asynchronous To Synchronous        : NO
Multiplier Style                   : Auto
Automatic Register Balancing       : No

---- Target Options
Add IO Buffers                     : YES
Global Maximum Fanout              : 500
Add Generic Clock Buffer(BUFG)     : 24
Register Duplication               : YES
Slice Packing                      : YES
Optimize Instantiated Primitives   : NO
Use Clock Enable                   : Yes
Use Synchronous Set                : Yes
Use Synchronous Reset              : Yes
Pack IO Registers into IOBs        : Auto
Equivalent register Removal        : YES

---- General Options
Optimization Goal                  : Speed
Optimization Effort                : 1
Keep Hierarchy                     : No
Netlist Hierarchy                  : As_Optimized
RTL Output                         : Yes
Global Optimization                : AllClockNets
Read Cores                         : YES
Write Timing Constraints           : NO
Cross Clock Analysis               : NO
Hierarchy Separator                : /
Bus Delimiter                      : <>
Case Specifier                     : Maintain
Slice Utilization Ratio            : 100
BRAM Utilization Ratio             : 100
Verilog 2001                       : YES
Auto BRAM Packing                  : NO
Slice Utilization Ratio Delta      : 5

=========================================================================


=========================================================================
*                          HDL Compilation                              *
=========================================================================
Compiling vhdl file "C:/Projectos_VHDL/Projects_SisDigAva_Parcial2/Grey/Grey.vhd" in Library work.
Entity <grey> compiled.
Entity <Grey> (Architecture <Behavioral>) compiled.

=========================================================================
*                     Design Hierarchy Analysis                         *
=========================================================================
Analyzing hierarchy for entity <Grey> in library <work> (architecture <Behavioral>).


=========================================================================
*                            HDL Analysis                               *
=========================================================================
Analyzing Entity <Grey> in library <work> (Architecture <Behavioral>).
Entity <Grey> analyzed. Unit <Grey> generated.


=========================================================================
*                           HDL Synthesis                               *
=========================================================================

Performing bidirectional port resolution...

Synthesizing Unit <Grey>.
    Related source file is "C:/Projectos_VHDL/Projects_SisDigAva_Parcial2/Grey/Grey.vhd".
    Found finite state machine <FSM_0> for signal <pres_state>.
    -----------------------------------------------------------------------
    | States             | 16                                             |
    | Transitions        | 32                                             |
    | Inputs             | 1                                              |
    | Outputs            | 4                                              |
    | Clock              | Clk                       (rising_edge)        |
    | Reset              | Rst                       (positive)           |
    | Reset type         | asynchronous                                   |
    | Reset State        | st0                                            |
    | Power Up State     | st0                                            |
    | Encoding           | automatic                                      |
    | Implementation     | LUT                                            |
    -----------------------------------------------------------------------
    Summary:
	inferred   1 Finite State Machine(s).
Unit <Grey> synthesized.


=========================================================================
HDL Synthesis Report

Found no macro
=========================================================================

=========================================================================
*                       Advanced HDL Synthesis                          *
=========================================================================

Analyzing FSM <FSM_0> for best encoding.
Optimizing FSM <pres_state/FSM> on signal <pres_state[1:4]> with user encoding.
-------------------
 State | Encoding
-------------------
 st0   | 0000
 st1   | 0001
 st2   | 0010
 st3   | 0011
 st4   | 0100
 st5   | 0101
 st6   | 0110
 st7   | 0111
 st8   | 1000
 st9   | 1001
 st10  | 1010
 st11  | 1011
 st12  | 1100
 st13  | 1101
 st14  | 1110
 st15  | 1111
-------------------

=========================================================================
Advanced HDL Synthesis Report

Macro Statistics
# FSMs                                                 : 1

=========================================================================

=========================================================================
*                         Low Level Synthesis                           *
=========================================================================

Optimizing unit <Grey> ...

Mapping all equations...
Building and optimizing final netlist ...
Found area constraint ratio of 100 (+ 5) on block Grey, actual ratio is 0.

Final Macro Processing ...

=========================================================================
Final Register Report

Macro Statistics
# Registers                                            : 4
 Flip-Flops                                            : 4

=========================================================================

=========================================================================
*                           Partition Report                            *
=========================================================================

Partition Implementation Status
-------------------------------

  No Partitions were found in this design.

-------------------------------

=========================================================================
*                            Final Report                               *
=========================================================================
Final Results
RTL Top Level Output File Name     : Grey.ngr
Top Level Output File Name         : Grey
Output Format                      : NGC
Optimization Goal                  : Speed
Keep Hierarchy                     : No

Design Statistics
# IOs                              : 7

Cell Usage :
# BELS                             : 8
#      INV                         : 1
#      LUT2                        : 3
#      LUT3                        : 1
#      LUT3_L                      : 1
#      LUT4                        : 2
# FlipFlops/Latches                : 4
#      FDC                         : 4
# Clock Buffers                    : 1
#      BUFGP                       : 1
# IO Buffers                       : 6
#      IBUF                        : 2
#      OBUF                        : 4
=========================================================================

Device utilization summary:
---------------------------

Selected Device : 3s100ecp132-5 

 Number of Slices:                        4  out of    960     0%  
 Number of Slice Flip Flops:              4  out of   1920     0%  
 Number of 4 input LUTs:                  8  out of   1920     0%  
 Number of IOs:                           7
 Number of bonded IOBs:                   7  out of     83     8%  
 Number of GCLKs:                         1  out of     24     4%  

---------------------------
Partition Resource Summary:
---------------------------

  No Partitions were found in this design.

---------------------------


=========================================================================
TIMING REPORT

NOTE: THESE TIMING NUMBERS ARE ONLY A SYNTHESIS ESTIMATE.
      FOR ACCURATE TIMING INFORMATION PLEASE REFER TO THE TRACE REPORT
      GENERATED AFTER PLACE-and-ROUTE.

Clock Information:
------------------
-----------------------------------+------------------------+-------+
Clock Signal                       | Clock buffer(FF name)  | Load  |
-----------------------------------+------------------------+-------+
Clk                                | BUFGP                  | 4     |
-----------------------------------+------------------------+-------+

Asynchronous Control Signals Information:
----------------------------------------
-----------------------------------+------------------------+-------+
Control Signal                     | Buffer(FF name)        | Load  |
-----------------------------------+------------------------+-------+
Rst                                | IBUF                   | 4     |
-----------------------------------+------------------------+-------+

Timing Summary:
---------------
Speed Grade: -5

   Minimum period: 2.716ns (Maximum Frequency: 368.182MHz)
   Minimum input arrival time before clock: 3.352ns
   Maximum output required time after clock: 5.342ns
   Maximum combinational path delay: No path found

Timing Detail:
--------------
All values displayed in nanoseconds (ns)

=========================================================================
Timing constraint: Default period analysis for Clock 'Clk'
  Clock period: 2.716ns (frequency: 368.182MHz)
  Total number of paths / destination ports: 10 / 4
-------------------------------------------------------------------------
Delay:               2.716ns (Levels of Logic = 2)
  Source:            pres_state_FSM_FFd3 (FF)
  Destination:       pres_state_FSM_FFd1 (FF)
  Source Clock:      Clk rising
  Destination Clock: Clk rising

  Data Path: pres_state_FSM_FFd3 to pres_state_FSM_FFd1
                                Gate     Net
    Cell:in->out      fanout   Delay   Delay  Logical Name (Net Name)
    ----------------------------------------  ------------
     FDC:C->Q              5   0.514   0.607  pres_state_FSM_FFd3 (pres_state_FSM_FFd3)
     LUT3_L:I1->LO         1   0.612   0.103  pres_state_FSM_FFd2-In11 (N11)
     LUT4:I3->O            1   0.612   0.000  pres_state_FSM_FFd1-In1 (pres_state_FSM_FFd1-In)
     FDC:D                     0.268          pres_state_FSM_FFd1
    ----------------------------------------
    Total                      2.716ns (2.006ns logic, 0.710ns route)
                                       (73.9% logic, 26.1% route)

=========================================================================
Timing constraint: Default OFFSET IN BEFORE for Clock 'Clk'
  Total number of paths / destination ports: 4 / 3
-------------------------------------------------------------------------
Offset:              3.352ns (Levels of Logic = 3)
  Source:            DataIn (PAD)
  Destination:       pres_state_FSM_FFd1 (FF)
  Destination Clock: Clk rising

  Data Path: DataIn to pres_state_FSM_FFd1
                                Gate     Net
    Cell:in->out      fanout   Delay   Delay  Logical Name (Net Name)
    ----------------------------------------  ------------
     IBUF:I->O             4   1.106   0.651  DataIn_IBUF (DataIn_IBUF)
     LUT3_L:I0->LO         1   0.612   0.103  pres_state_FSM_FFd2-In11 (N11)
     LUT4:I3->O            1   0.612   0.000  pres_state_FSM_FFd1-In1 (pres_state_FSM_FFd1-In)
     FDC:D                     0.268          pres_state_FSM_FFd1
    ----------------------------------------
    Total                      3.352ns (2.598ns logic, 0.754ns route)
                                       (77.5% logic, 22.5% route)

=========================================================================
Timing constraint: Default OFFSET OUT AFTER for Clock 'Clk'
  Total number of paths / destination ports: 7 / 4
-------------------------------------------------------------------------
Offset:              5.342ns (Levels of Logic = 2)
  Source:            pres_state_FSM_FFd3 (FF)
  Destination:       grey<2> (PAD)
  Source Clock:      Clk rising

  Data Path: pres_state_FSM_FFd3 to grey<2>
                                Gate     Net
    Cell:in->out      fanout   Delay   Delay  Logical Name (Net Name)
    ----------------------------------------  ------------
     FDC:C->Q              5   0.514   0.690  pres_state_FSM_FFd3 (pres_state_FSM_FFd3)
     LUT2:I0->O            1   0.612   0.357  pres_state_FSM_Out21 (grey_2_OBUF)
     OBUF:I->O                 3.169          grey_2_OBUF (grey<2>)
    ----------------------------------------
    Total                      5.342ns (4.295ns logic, 1.047ns route)
                                       (80.4% logic, 19.6% route)

=========================================================================


Total REAL time to Xst completion: 4.00 secs
Total CPU time to Xst completion: 4.53 secs
 
--> 

Total memory usage is 208984 kilobytes

Number of errors   :    0 (   0 filtered)
Number of warnings :    0 (   0 filtered)
Number of infos    :    0 (   0 filtered)

