--------------------------------------------------------------------------------
Release 14.6 Trace  (nt)
Copyright (c) 1995-2013 Xilinx, Inc.  All rights reserved.

C:\Xilinx\14.6\ISE_DS\ISE\bin\nt\unwrapped\trce.exe -intstyle ise -v 3 -s 3 -n
3 -fastpaths -xml Contador.twx Contador.ncd -o Contador.twr Contador.pcf -ucf
Contador.ucf

Design file:              Contador.ncd
Physical constraint file: Contador.pcf
Device,package,speed:     xc6slx16,csg324,C,-3 (PRODUCTION 1.23 2013-06-08)
Report level:             verbose report

Environment Variable      Effect 
--------------------      ------ 
NONE                      No environment variables were set
--------------------------------------------------------------------------------

INFO:Timing:2698 - No timing constraints found, doing default enumeration.
INFO:Timing:3412 - To improve timing, see the Timing Closure User Guide (UG612).
INFO:Timing:2752 - To get complete path coverage, use the unconstrained paths 
   option. All paths that are not constrained will be reported in the 
   unconstrained paths section(s) of the report.
INFO:Timing:3339 - The clock-to-out numbers in this timing report are based on 
   a 50 Ohm transmission line loading model.  For the details of this model, 
   and for more information on accounting for different loading conditions, 
   please see the device datasheet.



Data Sheet report:
-----------------
All values displayed in nanoseconds (ns)

Setup/Hold to clock Clk100MHz
------------+------------+------------+------------+------------+------------------+--------+
            |Max Setup to|  Process   |Max Hold to |  Process   |                  | Clock  |
Source      | clk (edge) |   Corner   | clk (edge) |   Corner   |Internal Clock(s) | Phase  |
------------+------------+------------+------------+------------+------------------+--------+
Rst         |    4.611(R)|      SLOW  |   -0.991(R)|      FAST  |Clk100MHz_BUFGP   |   0.000|
------------+------------+------------+------------+------------+------------------+--------+

Clock Clk100MHz to Pad
------------+-----------------+------------+-----------------+------------+------------------+--------+
            |Max (slowest) clk|  Process   |Min (fastest) clk|  Process   |                  | Clock  |
Destination |  (edge) to PAD  |   Corner   |  (edge) to PAD  |   Corner   |Internal Clock(s) | Phase  |
------------+-----------------+------------+-----------------+------------+------------------+--------+
Seg<0>      |         8.710(R)|      SLOW  |         4.672(R)|      FAST  |Clk100MHz_BUFGP   |   0.000|
Seg<1>      |         8.682(R)|      SLOW  |         4.718(R)|      FAST  |Clk100MHz_BUFGP   |   0.000|
Seg<2>      |         8.895(R)|      SLOW  |         4.838(R)|      FAST  |Clk100MHz_BUFGP   |   0.000|
Seg<3>      |         8.787(R)|      SLOW  |         4.730(R)|      FAST  |Clk100MHz_BUFGP   |   0.000|
Seg<4>      |         9.042(R)|      SLOW  |         4.793(R)|      FAST  |Clk100MHz_BUFGP   |   0.000|
Seg<5>      |         8.869(R)|      SLOW  |         4.805(R)|      FAST  |Clk100MHz_BUFGP   |   0.000|
Seg<6>      |         9.211(R)|      SLOW  |         4.873(R)|      FAST  |Clk100MHz_BUFGP   |   0.000|
------------+-----------------+------------+-----------------+------------+------------------+--------+

Clock to Setup on destination clock Clk100MHz
---------------+---------+---------+---------+---------+
               | Src:Rise| Src:Fall| Src:Rise| Src:Fall|
Source Clock   |Dest:Rise|Dest:Rise|Dest:Fall|Dest:Fall|
---------------+---------+---------+---------+---------+
Clk100MHz      |    3.587|         |         |         |
---------------+---------+---------+---------+---------+


Analysis completed Thu Oct 10 07:53:35 2013 
--------------------------------------------------------------------------------

Trace Settings:
-------------------------
Trace Settings 

Peak Memory Usage: 168 MB



