Release 14.6 - xst P.68d (nt)
Copyright (c) 1995-2013 Xilinx, Inc.  All rights reserved.
--> Parameter TMPDIR set to xst/projnav.tmp


Total REAL time to Xst completion: 0.00 secs
Total CPU time to Xst completion: 0.23 secs
 
--> Parameter xsthdpdir set to xst


Total REAL time to Xst completion: 0.00 secs
Total CPU time to Xst completion: 0.23 secs
 
--> Reading design: Mustang_FSM.prj

TABLE OF CONTENTS
  1) Synthesis Options Summary
  2) HDL Parsing
  3) HDL Elaboration
  4) HDL Synthesis
       4.1) HDL Synthesis Report
  5) Advanced HDL Synthesis
       5.1) Advanced HDL Synthesis Report
  6) Low Level Synthesis
  7) Partition Report
  8) Design Summary
       8.1) Primitive and Black Box Usage
       8.2) Device utilization summary
       8.3) Partition Resource Summary
       8.4) Timing Report
            8.4.1) Clock Information
            8.4.2) Asynchronous Control Signals Information
            8.4.3) Timing Summary
            8.4.4) Timing Details
            8.4.5) Cross Clock Domains Report


=========================================================================
*                      Synthesis Options Summary                        *
=========================================================================
---- Source Parameters
Input File Name                    : "Mustang_FSM.prj"
Ignore Synthesis Constraint File   : NO

---- Target Parameters
Output File Name                   : "Mustang_FSM"
Output Format                      : NGC
Target Device                      : xc6slx16-3-csg324

---- Source Options
Top Module Name                    : Mustang_FSM
Automatic FSM Extraction           : YES
FSM Encoding Algorithm             : Auto
Safe Implementation                : No
FSM Style                          : LUT
RAM Extraction                     : Yes
RAM Style                          : Auto
ROM Extraction                     : Yes
Shift Register Extraction          : YES
ROM Style                          : Auto
Resource Sharing                   : YES
Asynchronous To Synchronous        : NO
Shift Register Minimum Size        : 2
Use DSP Block                      : Auto
Automatic Register Balancing       : No

---- Target Options
LUT Combining                      : Auto
Reduce Control Sets                : Auto
Add IO Buffers                     : YES
Global Maximum Fanout              : 100000
Add Generic Clock Buffer(BUFG)     : 16
Register Duplication               : YES
Optimize Instantiated Primitives   : NO
Use Clock Enable                   : Auto
Use Synchronous Set                : Auto
Use Synchronous Reset              : Auto
Pack IO Registers into IOBs        : Auto
Equivalent register Removal        : YES

---- General Options
Optimization Goal                  : Speed
Optimization Effort                : 1
Power Reduction                    : NO
Keep Hierarchy                     : No
Netlist Hierarchy                  : As_Optimized
RTL Output                         : Yes
Global Optimization                : AllClockNets
Read Cores                         : YES
Write Timing Constraints           : NO
Cross Clock Analysis               : NO
Hierarchy Separator                : /
Bus Delimiter                      : <>
Case Specifier                     : Maintain
Slice Utilization Ratio            : 100
BRAM Utilization Ratio             : 100
DSP48 Utilization Ratio            : 100
Auto BRAM Packing                  : NO
Slice Utilization Ratio Delta      : 5

=========================================================================


=========================================================================
*                          HDL Parsing                                  *
=========================================================================
Parsing VHDL file "D:\Projects_SisDigAva\P22a_Mustang_Tail_Lights_FSM\Mustang_FSM.vhd" into library work
Parsing entity <Mustang_FSM>.
Parsing architecture <Behavioral> of entity <mustang_fsm>.

=========================================================================
*                            HDL Elaboration                            *
=========================================================================

Elaborating entity <Mustang_FSM> (architecture <Behavioral>) from library <work>.
INFO:HDLCompiler:679 - "D:\Projects_SisDigAva\P22a_Mustang_Tail_Lights_FSM\Mustang_FSM.vhd" Line 123. Case statement is complete. others clause is never selected
INFO:HDLCompiler:679 - "D:\Projects_SisDigAva\P22a_Mustang_Tail_Lights_FSM\Mustang_FSM.vhd" Line 141. Case statement is complete. others clause is never selected

=========================================================================
*                           HDL Synthesis                               *
=========================================================================

Synthesizing Unit <Mustang_FSM>.
    Related source file is "D:\Projects_SisDigAva\P22a_Mustang_Tail_Lights_FSM\Mustang_FSM.vhd".
    Found 3-bit register for signal <pres_state>.
    Found 26-bit register for signal <Cont>.
    Found 1-bit register for signal <Clk_En>.
    Found finite state machine <FSM_0> for signal <pres_state>.
    -----------------------------------------------------------------------
    | States             | 8                                              |
    | Transitions        | 20                                             |
    | Inputs             | 4                                              |
    | Outputs            | 6                                              |
    | Clock              | Clk100MHz (rising_edge)                        |
    | Reset              | Rst (positive)                                 |
    | Reset type         | asynchronous                                   |
    | Reset State        | st0                                            |
    | Power Up State     | st0                                            |
    | Encoding           | auto                                           |
    | Implementation     | LUT                                            |
    -----------------------------------------------------------------------
    Found 26-bit adder for signal <Cont[25]_GND_6_o_add_1_OUT> created at line 82.
    Summary:
	inferred   1 Adder/Subtractor(s).
	inferred  27 D-type flip-flop(s).
	inferred   1 Multiplexer(s).
	inferred   1 Finite State Machine(s).
Unit <Mustang_FSM> synthesized.

=========================================================================
HDL Synthesis Report

Macro Statistics
# Adders/Subtractors                                   : 1
 26-bit adder                                          : 1
# Registers                                            : 2
 1-bit register                                        : 1
 26-bit register                                       : 1
# Multiplexers                                         : 1
 26-bit 2-to-1 multiplexer                             : 1
# FSMs                                                 : 1

=========================================================================

=========================================================================
*                       Advanced HDL Synthesis                          *
=========================================================================


Synthesizing (advanced) Unit <Mustang_FSM>.
The following registers are absorbed into counter <Cont>: 1 register on signal <Cont>.
Unit <Mustang_FSM> synthesized (advanced).

=========================================================================
Advanced HDL Synthesis Report

Macro Statistics
# Counters                                             : 1
 26-bit up counter                                     : 1
# Registers                                            : 1
 Flip-Flops                                            : 1
# FSMs                                                 : 1

=========================================================================

=========================================================================
*                         Low Level Synthesis                           *
=========================================================================
Analyzing FSM <MFsm> for best encoding.
Optimizing FSM <FSM_0> on signal <pres_state[1:3]> with sequential encoding.
-------------------
 State | Encoding
-------------------
 st0   | 000
 st1   | 001
 st2   | 011
 st3   | 100
 st4   | 101
 st5   | 010
 st6   | 110
 st7   | 111
-------------------

Optimizing unit <Mustang_FSM> ...

Mapping all equations...
Building and optimizing final netlist ...
Found area constraint ratio of 100 (+ 5) on block Mustang_FSM, actual ratio is 0.

Final Macro Processing ...

=========================================================================
Final Register Report

Macro Statistics
# Registers                                            : 30
 Flip-Flops                                            : 30

=========================================================================

=========================================================================
*                           Partition Report                            *
=========================================================================

Partition Implementation Status
-------------------------------

  No Partitions were found in this design.

-------------------------------

=========================================================================
*                            Design Summary                             *
=========================================================================

Top Level Output File Name         : Mustang_FSM.ngc

Primitive and Black Box Usage:
------------------------------
# BELS                             : 123
#      GND                         : 1
#      INV                         : 2
#      LUT1                        : 25
#      LUT2                        : 29
#      LUT3                        : 5
#      LUT4                        : 1
#      LUT6                        : 8
#      MUXCY                       : 25
#      VCC                         : 1
#      XORCY                       : 26
# FlipFlops/Latches                : 30
#      FDC                         : 29
#      FDE                         : 1
# Clock Buffers                    : 1
#      BUFGP                       : 1
# IO Buffers                       : 10
#      IBUF                        : 4
#      OBUF                        : 6

Device utilization summary:
---------------------------

Selected Device : 6slx16csg324-3 


Slice Logic Utilization: 
 Number of Slice Registers:              30  out of  18224     0%  
 Number of Slice LUTs:                   70  out of   9112     0%  
    Number used as Logic:                70  out of   9112     0%  

Slice Logic Distribution: 
 Number of LUT Flip Flop pairs used:     70
   Number with an unused Flip Flop:      40  out of     70    57%  
   Number with an unused LUT:             0  out of     70     0%  
   Number of fully used LUT-FF pairs:    30  out of     70    42%  
   Number of unique control sets:         2

IO Utilization: 
 Number of IOs:                          11
 Number of bonded IOBs:                  11  out of    232     4%  

Specific Feature Utilization:
 Number of BUFG/BUFGCTRLs:                1  out of     16     6%  

---------------------------
Partition Resource Summary:
---------------------------

  No Partitions were found in this design.

---------------------------


=========================================================================
Timing Report

NOTE: THESE TIMING NUMBERS ARE ONLY A SYNTHESIS ESTIMATE.
      FOR ACCURATE TIMING INFORMATION PLEASE REFER TO THE TRACE REPORT
      GENERATED AFTER PLACE-and-ROUTE.

Clock Information:
------------------
-----------------------------------+------------------------+-------+
Clock Signal                       | Clock buffer(FF name)  | Load  |
-----------------------------------+------------------------+-------+
Clk100MHz                          | BUFGP                  | 30    |
-----------------------------------+------------------------+-------+

Asynchronous Control Signals Information:
----------------------------------------
No asynchronous control signals found in this design

Timing Summary:
---------------
Speed Grade: -3

   Minimum period: 3.964ns (Maximum Frequency: 252.296MHz)
   Minimum input arrival time before clock: 3.592ns
   Maximum output required time after clock: 4.860ns
   Maximum combinational path delay: No path found

Timing Details:
---------------
All values displayed in nanoseconds (ns)

=========================================================================
Timing constraint: Default period analysis for Clock 'Clk100MHz'
  Clock period: 3.964ns (frequency: 252.296MHz)
  Total number of paths / destination ports: 1065 / 30
-------------------------------------------------------------------------
Delay:               3.964ns (Levels of Logic = 3)
  Source:            Cont_8 (FF)
  Destination:       Cont_13 (FF)
  Source Clock:      Clk100MHz rising
  Destination Clock: Clk100MHz rising

  Data Path: Cont_8 to Cont_13
                                Gate     Net
    Cell:in->out      fanout   Delay   Delay  Logical Name (Net Name)
    ----------------------------------------  ------------
     FDC:C->Q              2   0.447   0.981  Cont_8 (Cont_8)
     LUT6:I0->O            2   0.203   0.864  PWR_6_o_Cont[25]_equal_1_o<25>4 (PWR_6_o_Cont[25]_equal_1_o<25>3)
     LUT6:I2->O           14   0.203   0.958  PWR_6_o_Cont[25]_equal_1_o<25>5 (PWR_6_o_Cont[25]_equal_1_o)
     LUT2:I1->O            1   0.205   0.000  Mcount_Cont_eqn_251 (Mcount_Cont_eqn_25)
     FDC:D                     0.102          Cont_25
    ----------------------------------------
    Total                      3.964ns (1.160ns logic, 2.804ns route)
                                       (29.3% logic, 70.7% route)

=========================================================================
Timing constraint: Default OFFSET IN BEFORE for Clock 'Clk100MHz'
  Total number of paths / destination ports: 36 / 32
-------------------------------------------------------------------------
Offset:              3.592ns (Levels of Logic = 2)
  Source:            Rst (PAD)
  Destination:       Clk_En (FF)
  Destination Clock: Clk100MHz rising

  Data Path: Rst to Clk_En
                                Gate     Net
    Cell:in->out      fanout   Delay   Delay  Logical Name (Net Name)
    ----------------------------------------  ------------
     IBUF:I->O            30   1.222   1.263  Rst_IBUF (Rst_IBUF)
     INV:I->O              1   0.206   0.579  Rst_inv1_INV_0 (Rst_inv)
     FDE:CE                    0.322          Clk_En
    ----------------------------------------
    Total                      3.592ns (1.750ns logic, 1.842ns route)
                                       (48.7% logic, 51.3% route)

=========================================================================
Timing constraint: Default OFFSET OUT AFTER for Clock 'Clk100MHz'
  Total number of paths / destination ports: 17 / 6
-------------------------------------------------------------------------
Offset:              4.860ns (Levels of Logic = 2)
  Source:            pres_state_FSM_FFd2 (FF)
  Destination:       Llights<1> (PAD)
  Source Clock:      Clk100MHz rising

  Data Path: pres_state_FSM_FFd2 to Llights<1>
                                Gate     Net
    Cell:in->out      fanout   Delay   Delay  Logical Name (Net Name)
    ----------------------------------------  ------------
     FDC:C->Q              9   0.447   1.058  pres_state_FSM_FFd2 (pres_state_FSM_FFd2)
     LUT3:I0->O            1   0.205   0.579  pres_state_Llights<1>1 (Llights_1_OBUF)
     OBUF:I->O                 2.571          Llights_1_OBUF (Llights<1>)
    ----------------------------------------
    Total                      4.860ns (3.223ns logic, 1.637ns route)
                                       (66.3% logic, 33.7% route)

=========================================================================

Cross Clock Domains Report:
--------------------------

Clock to Setup on destination clock Clk100MHz
---------------+---------+---------+---------+---------+
               | Src:Rise| Src:Fall| Src:Rise| Src:Fall|
Source Clock   |Dest:Rise|Dest:Rise|Dest:Fall|Dest:Fall|
---------------+---------+---------+---------+---------+
Clk100MHz      |    3.964|         |         |         |
---------------+---------+---------+---------+---------+

=========================================================================


Total REAL time to Xst completion: 12.00 secs
Total CPU time to Xst completion: 12.22 secs
 
--> 

Total memory usage is 215636 kilobytes

Number of errors   :    0 (   0 filtered)
Number of warnings :    0 (   0 filtered)
Number of infos    :    0 (   0 filtered)

