--------------------------------------------------------------------------------
Release 14.6 Trace  (nt)
Copyright (c) 1995-2013 Xilinx, Inc.  All rights reserved.

C:\Xilinx\14.6\ISE_DS\ISE\bin\nt\unwrapped\trce.exe -intstyle ise -v 3 -s 3 -n
3 -fastpaths -xml Mustang_FSM.twx Mustang_FSM.ncd -o Mustang_FSM.twr
Mustang_FSM.pcf -ucf Mustang_FSM.ucf

Design file:              Mustang_FSM.ncd
Physical constraint file: Mustang_FSM.pcf
Device,package,speed:     xc6slx16,csg324,C,-3 (PRODUCTION 1.23 2013-06-08)
Report level:             verbose report

Environment Variable      Effect 
--------------------      ------ 
NONE                      No environment variables were set
--------------------------------------------------------------------------------

INFO:Timing:2698 - No timing constraints found, doing default enumeration.
INFO:Timing:3412 - To improve timing, see the Timing Closure User Guide (UG612).
INFO:Timing:2752 - To get complete path coverage, use the unconstrained paths 
   option. All paths that are not constrained will be reported in the 
   unconstrained paths section(s) of the report.
INFO:Timing:3339 - The clock-to-out numbers in this timing report are based on 
   a 50 Ohm transmission line loading model.  For the details of this model, 
   and for more information on accounting for different loading conditions, 
   please see the device datasheet.



Data Sheet report:
-----------------
All values displayed in nanoseconds (ns)

Setup/Hold to clock Clk100MHz
------------+------------+------------+------------+------------+------------------+--------+
            |Max Setup to|  Process   |Max Hold to |  Process   |                  | Clock  |
Source      | clk (edge) |   Corner   | clk (edge) |   Corner   |Internal Clock(s) | Phase  |
------------+------------+------------+------------+------------+------------------+--------+
Hazard      |    0.927(R)|      FAST  |   -0.207(R)|      SLOW  |Clk100MHz_BUFGP   |   0.000|
Lturn       |    1.617(R)|      SLOW  |   -0.718(R)|      SLOW  |Clk100MHz_BUFGP   |   0.000|
Rst         |    4.706(R)|      SLOW  |   -1.237(R)|      FAST  |Clk100MHz_BUFGP   |   0.000|
Rturn       |    1.385(R)|      SLOW  |   -0.495(R)|      SLOW  |Clk100MHz_BUFGP   |   0.000|
------------+------------+------------+------------+------------+------------------+--------+

Clock Clk100MHz to Pad
------------+-----------------+------------+-----------------+------------+------------------+--------+
            |Max (slowest) clk|  Process   |Min (fastest) clk|  Process   |                  | Clock  |
Destination |  (edge) to PAD  |   Corner   |  (edge) to PAD  |   Corner   |Internal Clock(s) | Phase  |
------------+-----------------+------------+-----------------+------------+------------------+--------+
Llights<0>  |         8.083(R)|      SLOW  |         3.981(R)|      FAST  |Clk100MHz_BUFGP   |   0.000|
Llights<1>  |         8.330(R)|      SLOW  |         4.193(R)|      FAST  |Clk100MHz_BUFGP   |   0.000|
Llights<2>  |         8.663(R)|      SLOW  |         4.268(R)|      FAST  |Clk100MHz_BUFGP   |   0.000|
Rlights<0>  |         8.459(R)|      SLOW  |         4.331(R)|      FAST  |Clk100MHz_BUFGP   |   0.000|
Rlights<1>  |         8.774(R)|      SLOW  |         4.664(R)|      FAST  |Clk100MHz_BUFGP   |   0.000|
Rlights<2>  |         8.736(R)|      SLOW  |         4.590(R)|      FAST  |Clk100MHz_BUFGP   |   0.000|
------------+-----------------+------------+-----------------+------------+------------------+--------+

Clock to Setup on destination clock Clk100MHz
---------------+---------+---------+---------+---------+
               | Src:Rise| Src:Fall| Src:Rise| Src:Fall|
Source Clock   |Dest:Rise|Dest:Rise|Dest:Fall|Dest:Fall|
---------------+---------+---------+---------+---------+
Clk100MHz      |    4.906|         |         |         |
---------------+---------+---------+---------+---------+


Analysis completed Wed Oct 23 18:41:36 2013 
--------------------------------------------------------------------------------

Trace Settings:
-------------------------
Trace Settings 

Peak Memory Usage: 167 MB



