Release 14.6 - xst P.68d (nt)
Copyright (c) 1995-2013 Xilinx, Inc.  All rights reserved.
--> Parameter TMPDIR set to xst/projnav.tmp


Total REAL time to Xst completion: 0.00 secs
Total CPU time to Xst completion: 0.10 secs
 
--> Parameter xsthdpdir set to xst


Total REAL time to Xst completion: 0.00 secs
Total CPU time to Xst completion: 0.10 secs
 
--> Reading design: ALU.prj

TABLE OF CONTENTS
  1) Synthesis Options Summary
  2) HDL Compilation
  3) Design Hierarchy Analysis
  4) HDL Analysis
  5) HDL Synthesis
     5.1) HDL Synthesis Report
  6) Advanced HDL Synthesis
     6.1) Advanced HDL Synthesis Report
  7) Low Level Synthesis
  8) Partition Report
  9) Final Report
	9.1) Device utilization summary
	9.2) Partition Resource Summary
	9.3) TIMING REPORT


=========================================================================
*                      Synthesis Options Summary                        *
=========================================================================
---- Source Parameters
Input File Name                    : "ALU.prj"
Input Format                       : mixed
Ignore Synthesis Constraint File   : NO

---- Target Parameters
Output File Name                   : "ALU"
Output Format                      : NGC
Target Device                      : xc3s100e-5-cp132

---- Source Options
Top Module Name                    : ALU
Automatic FSM Extraction           : YES
FSM Encoding Algorithm             : Auto
Safe Implementation                : No
FSM Style                          : LUT
RAM Extraction                     : Yes
RAM Style                          : Auto
ROM Extraction                     : Yes
Mux Style                          : Auto
Decoder Extraction                 : YES
Priority Encoder Extraction        : Yes
Shift Register Extraction          : YES
Logical Shifter Extraction         : YES
XOR Collapsing                     : YES
ROM Style                          : Auto
Mux Extraction                     : Yes
Resource Sharing                   : YES
Asynchronous To Synchronous        : NO
Multiplier Style                   : Auto
Automatic Register Balancing       : No

---- Target Options
Add IO Buffers                     : YES
Global Maximum Fanout              : 100000
Add Generic Clock Buffer(BUFG)     : 24
Register Duplication               : YES
Slice Packing                      : YES
Optimize Instantiated Primitives   : NO
Use Clock Enable                   : Yes
Use Synchronous Set                : Yes
Use Synchronous Reset              : Yes
Pack IO Registers into IOBs        : Auto
Equivalent register Removal        : YES

---- General Options
Optimization Goal                  : Speed
Optimization Effort                : 1
Keep Hierarchy                     : No
Netlist Hierarchy                  : As_Optimized
RTL Output                         : Yes
Global Optimization                : AllClockNets
Read Cores                         : YES
Write Timing Constraints           : NO
Cross Clock Analysis               : NO
Hierarchy Separator                : /
Bus Delimiter                      : <>
Case Specifier                     : Maintain
Slice Utilization Ratio            : 100
BRAM Utilization Ratio             : 100
Verilog 2001                       : YES
Auto BRAM Packing                  : NO
Slice Utilization Ratio Delta      : 5

=========================================================================


=========================================================================
*                          HDL Compilation                              *
=========================================================================
Compiling vhdl file "C:/Projectos_VHDL/P09_ALU/ALU.vhd" in Library work.
Entity <alu> compiled.
Entity <alu> (Architecture <behavioral>) compiled.

=========================================================================
*                     Design Hierarchy Analysis                         *
=========================================================================
Analyzing hierarchy for entity <ALU> in library <work> (architecture <behavioral>).


=========================================================================
*                            HDL Analysis                               *
=========================================================================
Analyzing Entity <ALU> in library <work> (Architecture <behavioral>).
Entity <ALU> analyzed. Unit <ALU> generated.


=========================================================================
*                           HDL Synthesis                               *
=========================================================================

Performing bidirectional port resolution...

Synthesizing Unit <ALU>.
    Related source file is "C:/Projectos_VHDL/P09_ALU/ALU.vhd".
    Found 8x7-bit ROM for signal <Hex>.
    Found 3-bit 8-to-1 multiplexer for signal <Arith>.
    Found 3-bit adder for signal <Arith$addsub0000> created at line 50.
    Found 3-bit subtractor for signal <Arith$addsub0001> created at line 50.
    Found 3-bit adder for signal <Arith$addsub0002> created at line 50.
    Found 3-bit subtractor for signal <Arith$addsub0003> created at line 50.
    Found 3-bit adder for signal <Arith$addsub0004> created at line 50.
    Found 3-bit adder carry in for signal <Arith$addsub0005> created at line 50.
    Found 3-bit 8-to-1 multiplexer for signal <Logic>.
    Found 3-bit xor2 for signal <Logic$xor0000> created at line 63.
    Summary:
	inferred   1 ROM(s).
	inferred   6 Adder/Subtractor(s).
	inferred   6 Multiplexer(s).
Unit <ALU> synthesized.


=========================================================================
HDL Synthesis Report

Macro Statistics
# ROMs                                                 : 1
 8x7-bit ROM                                           : 1
# Adders/Subtractors                                   : 6
 3-bit adder                                           : 3
 3-bit adder carry in                                  : 1
 3-bit subtractor                                      : 2
# Multiplexers                                         : 2
 3-bit 8-to-1 multiplexer                              : 2
# Xors                                                 : 1
 3-bit xor2                                            : 1

=========================================================================

=========================================================================
*                       Advanced HDL Synthesis                          *
=========================================================================


=========================================================================
Advanced HDL Synthesis Report

Macro Statistics
# ROMs                                                 : 1
 8x7-bit ROM                                           : 1
# Adders/Subtractors                                   : 6
 3-bit adder                                           : 3
 3-bit adder carry in                                  : 1
 3-bit subtractor                                      : 2
# Multiplexers                                         : 2
 3-bit 8-to-1 multiplexer                              : 2
# Xors                                                 : 1
 3-bit xor2                                            : 1

=========================================================================

=========================================================================
*                         Low Level Synthesis                           *
=========================================================================

Optimizing unit <ALU> ...

Mapping all equations...
Building and optimizing final netlist ...
Found area constraint ratio of 100 (+ 5) on block ALU, actual ratio is 3.

Final Macro Processing ...

=========================================================================
Final Register Report

Found no macro
=========================================================================

=========================================================================
*                           Partition Report                            *
=========================================================================

Partition Implementation Status
-------------------------------

  No Partitions were found in this design.

-------------------------------

=========================================================================
*                            Final Report                               *
=========================================================================
Final Results
RTL Top Level Output File Name     : ALU.ngr
Top Level Output File Name         : ALU
Output Format                      : NGC
Optimization Goal                  : Speed
Keep Hierarchy                     : No

Design Statistics
# IOs                              : 25

Cell Usage :
# BELS                             : 59
#      GND                         : 1
#      INV                         : 1
#      LUT2                        : 4
#      LUT3                        : 28
#      LUT4                        : 7
#      MUXF5                       : 12
#      MUXF6                       : 6
# IO Buffers                       : 25
#      IBUF                        : 11
#      OBUF                        : 14
=========================================================================

Device utilization summary:
---------------------------

Selected Device : 3s100ecp132-5 

 Number of Slices:                       21  out of    960     2%  
 Number of 4 input LUTs:                 40  out of   1920     2%  
 Number of IOs:                          25
 Number of bonded IOBs:                  25  out of     83    30%  

---------------------------
Partition Resource Summary:
---------------------------

  No Partitions were found in this design.

---------------------------


=========================================================================
TIMING REPORT

NOTE: THESE TIMING NUMBERS ARE ONLY A SYNTHESIS ESTIMATE.
      FOR ACCURATE TIMING INFORMATION PLEASE REFER TO THE TRACE REPORT
      GENERATED AFTER PLACE-and-ROUTE.

Clock Information:
------------------
No clock signals found in this design

Asynchronous Control Signals Information:
----------------------------------------
No asynchronous control signals found in this design

Timing Summary:
---------------
Speed Grade: -5

   Minimum period: No path found
   Minimum input arrival time before clock: No path found
   Maximum output required time after clock: No path found
   Maximum combinational path delay: 10.481ns

Timing Detail:
--------------
All values displayed in nanoseconds (ns)

=========================================================================
Timing constraint: Default path analysis
  Total number of paths / destination ports: 848 / 10
-------------------------------------------------------------------------
Delay:               10.481ns (Levels of Logic = 8)
  Source:            Sel<0> (PAD)
  Destination:       Hex<1> (PAD)

  Data Path: Sel<0> to Hex<1>
                                Gate     Net
    Cell:in->out      fanout   Delay   Delay  Logical Name (Net Name)
    ----------------------------------------  ------------
     IBUF:I->O            23   1.106   1.091  Sel_0_IBUF (Sel_0_IBUF)
     LUT4:I1->O            1   0.612   0.360  Mmux_Arith_42_SW0 (N7)
     LUT4:I3->O            1   0.612   0.000  Mmux_Arith_42 (Mmux_Arith_42)
     MUXF5:I1->O           1   0.278   0.000  Mmux_Arith_3_f5_1 (Mmux_Arith_3_f52)
     MUXF6:I1->O           1   0.451   0.426  Mmux_Arith_2_f6_1 (Arith<2>)
     LUT3:I1->O            8   0.612   0.795  Res<2>1 (Res_2_OBUF)
     LUT3:I0->O            1   0.612   0.357  Mrom_Hex51 (Hex_1_OBUF)
     OBUF:I->O                 3.169          Hex_1_OBUF (Hex<1>)
    ----------------------------------------
    Total                     10.481ns (7.452ns logic, 3.029ns route)
                                       (71.1% logic, 28.9% route)

=========================================================================


Total REAL time to Xst completion: 5.00 secs
Total CPU time to Xst completion: 4.41 secs
 
--> 

Total memory usage is 209000 kilobytes

Number of errors   :    0 (   0 filtered)
Number of warnings :    0 (   0 filtered)
Number of infos    :    0 (   0 filtered)

