--------------------------------------------------------------------------------
Release 14.6 Trace  (nt)
Copyright (c) 1995-2013 Xilinx, Inc.  All rights reserved.

C:\Xilinx\14.6\ISE_DS\ISE\bin\nt\unwrapped\trce.exe -intstyle ise -v 3 -s 5 -n
3 -fastpaths -xml BinaryToHex.twx BinaryToHex.ncd -o BinaryToHex.twr
BinaryToHex.pcf -ucf BinaryToHex.ucf

Design file:              BinaryToHex.ncd
Physical constraint file: BinaryToHex.pcf
Device,package,speed:     xc3s100e,cp132,-5 (PRODUCTION 1.27 2013-06-08)
Report level:             verbose report

Environment Variable      Effect 
--------------------      ------ 
NONE                      No environment variables were set
--------------------------------------------------------------------------------

INFO:Timing:2698 - No timing constraints found, doing default enumeration.
INFO:Timing:3412 - To improve timing, see the Timing Closure User Guide (UG612).
INFO:Timing:2752 - To get complete path coverage, use the unconstrained paths 
   option. All paths that are not constrained will be reported in the 
   unconstrained paths section(s) of the report.
INFO:Timing:3339 - The clock-to-out numbers in this timing report are based on 
   a 50 Ohm transmission line loading model.  For the details of this model, 
   and for more information on accounting for different loading conditions, 
   please see the device datasheet.
INFO:Timing:3390 - This architecture does not support a default System Jitter 
   value, please add SYSTEM_JITTER constraint to the UCF to modify the Clock 
   Uncertainty calculation.
INFO:Timing:3389 - This architecture does not support 'Discrete Jitter' and 
   'Phase Error' calculations, these terms will be zero in the Clock 
   Uncertainty calculation.  Please make appropriate modification to 
   SYSTEM_JITTER to account for the unsupported Discrete Jitter and Phase 
   Error.



Data Sheet report:
-----------------
All values displayed in nanoseconds (ns)

Pad to Pad
---------------+---------------+---------+
Source Pad     |Destination Pad|  Delay  |
---------------+---------------+---------+
Bin<0>         |Hex<0>         |    6.948|
Bin<0>         |Hex<1>         |    7.991|
Bin<0>         |Hex<2>         |    7.726|
Bin<0>         |Hex<3>         |    7.494|
Bin<0>         |Hex<4>         |    7.284|
Bin<0>         |Hex<5>         |    6.948|
Bin<0>         |Hex<6>         |    7.248|
Bin<1>         |Hex<0>         |    6.845|
Bin<1>         |Hex<1>         |    7.106|
Bin<1>         |Hex<2>         |    7.600|
Bin<1>         |Hex<3>         |    7.269|
Bin<1>         |Hex<4>         |    7.088|
Bin<1>         |Hex<5>         |    6.845|
Bin<1>         |Hex<6>         |    7.090|
Bin<2>         |Hex<0>         |    7.248|
Bin<2>         |Hex<1>         |    8.190|
Bin<2>         |Hex<2>         |    8.053|
Bin<2>         |Hex<3>         |    8.285|
Bin<2>         |Hex<4>         |    8.126|
Bin<2>         |Hex<5>         |    7.248|
Bin<2>         |Hex<6>         |    8.271|
Bin<3>         |Hex<0>         |    6.301|
Bin<3>         |Hex<1>         |    7.387|
Bin<3>         |Hex<2>         |    7.112|
Bin<3>         |Hex<3>         |    7.222|
Bin<3>         |Hex<4>         |    7.007|
Bin<3>         |Hex<5>         |    6.301|
Bin<3>         |Hex<6>         |    7.104|
---------------+---------------+---------+


Analysis completed Fri Sep 06 15:28:44 2013 
--------------------------------------------------------------------------------

Trace Settings:
-------------------------
Trace Settings 

Peak Memory Usage: 124 MB



